born: 16707552 24 bytes
dead: 16707552
born: 16707520 24 bytes
born: 16707488 24 bytes
dead: 16707488
dead: 16707520
born: 16707456 24 bytes
born: 16707424 24 bytes
born: 16707392 24 bytes
dead: 16707392
dead: 16707424
dead: 16707456
born: 16707360 24 bytes
born: 16707328 24 bytes
born: 16707296 24 bytes
born: 16707264 24 bytes
dead: 16707264
born: 16707232 24 bytes
born: 16707200 24 bytes
dead: 16707200
dead: 16707296
dead: 16707328
born: 16707168 24 bytes
born: 16707136 24 bytes
born: 16707104 24 bytes
born: 16707072 24 bytes
dead: 16707072
dead: 16707104
born: 16707040 24 bytes
born: 16707008 24 bytes
born: 16706976 24 bytes
dead: 16706976
dead: 16707008
dead: 16707040
born: 16706944 24 bytes
born: 16706912 24 bytes
born: 16706880 24 bytes
born: 16706848 24 bytes
dead: 16706848
dead: 16706880
dead: 16706912
born: 16706816 24 bytes
born: 16706784 24 bytes
born: 16706752 24 bytes
born: 16706720 24 bytes
dead: 16706720
dead: 16706752
dead: 16706784
dead: 16706816
born: 16706688 24 bytes
born: 16706656 24 bytes
born: 16706624 24 bytes
born: 16706592 24 bytes
born: 16706560 24 bytes
dead: 16706560
dead: 16706592
dead: 16707136
dead: 16707360
born: 16706528 24 bytes
born: 16706496 24 bytes
born: 16706464 24 bytes
born: 16706432 24 bytes
born: 16706400 24 bytes
dead: 16706400
dead: 16706432
dead: 16706464
dead: 16706496
dead: 16706528
born: 16706368 24 bytes
born: 16706336 24 bytes
born: 16706304 24 bytes
born: 16706272 24 bytes
born: 16706240 24 bytes
born: 16706208 24 bytes
dead: 16706208
dead: 16706240
dead: 16706272
dead: 16706304
dead: 16706336
dead: 16706368
born: 16706176 24 bytes
born: 16706144 24 bytes
born: 16706112 24 bytes
born: 16706080 24 bytes
born: 16706048 24 bytes
born: 16706016 24 bytes
born: 16705984 24 bytes
dead: 16705984
dead: 16706016
dead: 16706048
dead: 16706080
born: 16705952 24 bytes
born: 16705920 24 bytes
born: 16705888 24 bytes
born: 16705856 24 bytes
born: 16705824 24 bytes
dead: 16705824
dead: 16705856
dead: 16705888
dead: 16705920
dead: 16705952
born: 16705792 24 bytes
born: 16705760 24 bytes
born: 16705728 24 bytes
born: 16705696 24 bytes
born: 16705664 24 bytes
born: 16705632 24 bytes
dead: 16705632
dead: 16705664
dead: 16705696
dead: 16705728
dead: 16705760
dead: 16705792
born: 16705600 24 bytes
born: 16705568 24 bytes
born: 16705536 24 bytes
born: 16705504 24 bytes
born: 16705472 24 bytes
born: 16705440 24 bytes
born: 16705408 24 bytes
dead: 16705408
dead: 16705440
dead: 16706624
dead: 16706656
dead: 16706688
born: 16705376 24 bytes
born: 16705344 24 bytes
born: 16705312 24 bytes
born: 16705280 24 bytes
born: 16705248 24 bytes
born: 16705216 24 bytes
dead: 16705216
dead: 16705248
dead: 16705280
dead: 16705312
dead: 16705344
dead: 16705376
born: 16705184 24 bytes
born: 16705152 24 bytes
born: 16705120 24 bytes
born: 16705088 24 bytes
born: 16705056 24 bytes
born: 16705024 24 bytes
born: 16704992 24 bytes
dead: 16704992
dead: 16705024
dead: 16705056
dead: 16706944
born: 16704960 24 bytes
born: 16704928 24 bytes
born: 16704896 24 bytes
born: 16704864 24 bytes
born: 16704832 24 bytes
dead: 16704832
dead: 16704864
dead: 16705472
dead: 16705504
dead: 16706112
dead: 16706144
born: 16704800 24 bytes
born: 16704768 24 bytes
born: 16704736 24 bytes
born: 16704704 24 bytes
born: 16704672 24 bytes
born: 16704640 24 bytes
born: 16704608 24 bytes
dead: 16704608
dead: 16704640
dead: 16704672
dead: 16707168
born: 16704576 24 bytes
born: 16704544 24 bytes
born: 16704512 24 bytes
born: 16704480 24 bytes
born: 16704448 24 bytes
dead: 16704448
dead: 16704480
dead: 16704512
dead: 16704704
dead: 16704736
dead: 16704768
dead: 16704800
born: 16704416 24 bytes
born: 16704384 24 bytes
born: 16704352 24 bytes
born: 16704320 24 bytes
born: 16704288 24 bytes
born: 16704256 24 bytes
born: 16704224 24 bytes
born: 16704192 24 bytes
dead: 16704192
dead: 16704224
dead: 16704256
dead: 16704288
dead: 16705536
dead: 16705568
dead: 16705600
born: 16704160 24 bytes
born: 16704128 24 bytes
born: 16704096 24 bytes
born: 16704064 24 bytes
born: 16704032 24 bytes
born: 16704000 24 bytes
born: 16703968 24 bytes
born: 16703936 24 bytes
dead: 16703936
dead: 16703968
dead: 16704000
dead: 16704032
dead: 16704064
dead: 16704096
dead: 16704128
born: 16703904 24 bytes
born: 16703872 24 bytes
born: 16703840 24 bytes
born: 16703808 24 bytes
born: 16703776 24 bytes
born: 16703744 24 bytes
born: 16703712 24 bytes
born: 16703680 24 bytes
dead: 16703680
dead: 16703712
dead: 16703744
dead: 16703776
dead: 16704320
dead: 16704352
dead: 16704384
born: 16703648 24 bytes
born: 16703616 24 bytes
born: 16703584 24 bytes
born: 16703552 24 bytes
born: 16703520 24 bytes
born: 16703488 24 bytes
born: 16711648 24 bytes
born: 16711616 24 bytes
dead: 16711616
dead: 16707232
born: 16711584 24 bytes
born: 16711552 24 bytes
born: 16711520 24 bytes
dead: 16711520
dead: 16711552
dead: 16711584
born: 16711488 24 bytes
born: 16711456 24 bytes
born: 16711424 24 bytes
born: 16711392 24 bytes
dead: 16711392
dead: 16711648
dead: 16704896
dead: 16705088
dead: 16705120
born: 16711360 24 bytes
born: 16711328 24 bytes
born: 16711296 24 bytes
born: 16711264 24 bytes
born: 16711232 24 bytes
born: 16711200 24 bytes
dead: 16711200
dead: 16711232
dead: 16703488
dead: 16703520
dead: 16703552
dead: 16703584
dead: 16706176
born: 16711168 24 bytes
born: 16711136 24 bytes
born: 16711104 24 bytes
born: 16711072 24 bytes
born: 16711040 24 bytes
born: 16711008 24 bytes
born: 16710976 24 bytes
born: 16710944 24 bytes
dead: 16710944
dead: 16710976
dead: 16711008
dead: 16711040
dead: 16711072
dead: 16711104
dead: 16711136
dead: 16711168
born: 16710912 24 bytes
born: 16710880 24 bytes
born: 16710848 24 bytes
born: 16710816 24 bytes
born: 16710784 24 bytes
born: 16710752 24 bytes
born: 16710720 24 bytes
born: 16710688 24 bytes
born: 16710656 24 bytes
dead: 16710656
dead: 16710688
dead: 16710720
dead: 16710752
dead: 16710784
dead: 16710816
dead: 16710848
dead: 16710880
dead: 16710912
born: 16710624 24 bytes
born: 16710592 24 bytes
born: 16710560 24 bytes
born: 16710528 24 bytes
born: 16710496 24 bytes
born: 16710464 24 bytes
born: 16710432 24 bytes
born: 16710400 24 bytes
born: 16710368 24 bytes
born: 16710336 24 bytes
dead: 16710336
dead: 16711424
dead: 16711456
dead: 16711488
born: 16710304 24 bytes
born: 16710272 24 bytes
born: 16710240 24 bytes
born: 16710208 24 bytes
born: 16710176 24 bytes
dead: 16710176
dead: 16710368
dead: 16711264
dead: 16711296
dead: 16711328
dead: 16711360
born: 16710144 24 bytes
born: 16710112 24 bytes
born: 16710080 24 bytes
born: 16710048 24 bytes
born: 16710016 24 bytes
born: 16709984 24 bytes
born: 16709952 24 bytes
dead: 16709952
dead: 16710208
dead: 16710240
dead: 16710272
dead: 16710304
born: 16709920 24 bytes
born: 16709888 24 bytes
born: 16709856 24 bytes
born: 16709824 24 bytes
born: 16709792 24 bytes
born: 16709760 24 bytes
dead: 16709760
dead: 16709984
dead: 16710400
dead: 16710432
dead: 16710464
dead: 16710496
dead: 16703616
dead: 16703648
born: 16709728 24 bytes
born: 16709696 24 bytes
born: 16709664 24 bytes
born: 16709632 24 bytes
born: 16709600 24 bytes
born: 16709568 24 bytes
born: 16709536 24 bytes
born: 16709504 24 bytes
born: 16709472 24 bytes
dead: 16709472
dead: 16709504
dead: 16710016
dead: 16710048
dead: 16710080
dead: 16705152
dead: 16705184
born: 16709440 24 bytes
born: 16709408 24 bytes
born: 16709376 24 bytes
born: 16709344 24 bytes
born: 16709312 24 bytes
born: 16709280 24 bytes
born: 16709248 24 bytes
born: 16709216 24 bytes
dead: 16709216
dead: 16709248
dead: 16709536
dead: 16709568
dead: 16709600
dead: 16709632
dead: 16709664
dead: 16709696
born: 16709184 24 bytes
born: 16709152 24 bytes
born: 16709120 24 bytes
born: 16709088 24 bytes
born: 16709056 24 bytes
born: 16709024 24 bytes
born: 16708992 24 bytes
born: 16708960 24 bytes
born: 16708928 24 bytes
dead: 16708928
dead: 16708960
dead: 16708992
dead: 16709024
dead: 16709056
dead: 16709088
dead: 16709120
dead: 16704416
born: 16708896 24 bytes
born: 16708864 24 bytes
born: 16708832 24 bytes
born: 16708800 24 bytes
born: 16708768 24 bytes
born: 16708736 24 bytes
born: 16708704 24 bytes
born: 16708672 24 bytes
born: 16708640 24 bytes
dead: 16708640
dead: 16709792
dead: 16709824
born: 16708608 24 bytes
born: 16708576 24 bytes
born: 16708544 24 bytes
born: 16708512 24 bytes
dead: 16708512
dead: 16708672
dead: 16708704
dead: 16708736
dead: 16708768
born: 16708480 24 bytes
born: 16708448 24 bytes
born: 16708416 24 bytes
born: 16708384 24 bytes
born: 16708352 24 bytes
born: 16708320 24 bytes
dead: 16708320
dead: 16708352
dead: 16709280
dead: 16709312
dead: 16709344
dead: 16709376
dead: 16709408
born: 16708288 24 bytes
born: 16708256 24 bytes
born: 16708224 24 bytes
born: 16708192 24 bytes
born: 16708160 24 bytes
born: 16708128 24 bytes
born: 16708096 24 bytes
born: 16708064 24 bytes
dead: 16708064
dead: 16708544
dead: 16708576
dead: 16709856
dead: 16709888
dead: 16709920
born: 16708032 24 bytes
born: 16708000 24 bytes
born: 16707968 24 bytes
born: 16707936 24 bytes
born: 16707904 24 bytes
born: 16707872 24 bytes
born: 16707840 24 bytes
dead: 16707840
dead: 16708096
dead: 16708128
dead: 16708160
dead: 16708192
dead: 16708224
dead: 16708256
dead: 16709440
born: 16707808 24 bytes
born: 16707776 24 bytes
born: 16707744 24 bytes
born: 16707712 24 bytes
born: 16707680 24 bytes
born: 16707648 24 bytes
born: 16707616 24 bytes
born: 16707584 24 bytes
born: 16715744 24 bytes
dead: 16715744
dead: 16707584
dead: 16708384
dead: 16708416
dead: 16708448
dead: 16708800
dead: 16708832
dead: 16709152
dead: 16709184
born: 16715712 24 bytes
born: 16715680 24 bytes
born: 16715648 24 bytes
born: 16715616 24 bytes
born: 16715584 24 bytes
born: 16715552 24 bytes
born: 16715520 24 bytes
born: 16715488 24 bytes
born: 16715456 24 bytes
born: 16715424 24 bytes
dead: 16715424
dead: 16707872
dead: 16707904
dead: 16707936
dead: 16707968
dead: 16708000
dead: 16708032
born: 16715392 24 bytes
born: 16715360 24 bytes
born: 16715328 24 bytes
born: 16715296 24 bytes
born: 16715264 24 bytes
born: 16715232 24 bytes
born: 16715200 24 bytes
born: 16715168 24 bytes
dead: 16715168
dead: 16715456
dead: 16715488
dead: 16715520
dead: 16715552
dead: 16715584
dead: 16715616
dead: 16715648
dead: 16715680
dead: 16715712
born: 16715136 24 bytes
born: 16715104 24 bytes
born: 16715072 24 bytes
born: 16715040 24 bytes
born: 16715008 24 bytes
born: 16714976 24 bytes
born: 16714944 24 bytes
born: 16714912 24 bytes
born: 16714880 24 bytes
born: 16714848 24 bytes
born: 16714816 24 bytes
dead: 16714816
dead: 16714848
dead: 16714880
dead: 16714912
dead: 16714944
dead: 16714976
dead: 16710528
dead: 16710560
dead: 16710592
dead: 16710624
born: 16714784 24 bytes
born: 16714752 24 bytes
born: 16714720 24 bytes
born: 16714688 24 bytes
born: 16714656 24 bytes
born: 16714624 24 bytes
born: 16714592 24 bytes
born: 16714560 24 bytes
born: 16714528 24 bytes
born: 16714496 24 bytes
born: 16714464 24 bytes
dead: 16714464
dead: 16714496
dead: 16714528
dead: 16714560
dead: 16703808
dead: 16703840
born: 16714432 24 bytes
born: 16714400 24 bytes
born: 16714368 24 bytes
born: 16714336 24 bytes
born: 16714304 24 bytes
born: 16714272 24 bytes
born: 16714240 24 bytes
dead: 16714240
dead: 16714272
dead: 16714304
dead: 16714336
dead: 16714592
dead: 16714624
dead: 16715008
dead: 16715040
dead: 16715072
dead: 16715104
dead: 16715136
born: 16714208 24 bytes
born: 16714176 24 bytes
born: 16714144 24 bytes
born: 16714112 24 bytes
born: 16714080 24 bytes
born: 16714048 24 bytes
born: 16714016 24 bytes
born: 16713984 24 bytes
born: 16713952 24 bytes
born: 16713920 24 bytes
born: 16713888 24 bytes
born: 16713856 24 bytes
dead: 16713856
dead: 16713888
dead: 16713920
dead: 16704544
dead: 16704576
born: 16713824 24 bytes
born: 16713792 24 bytes
born: 16713760 24 bytes
born: 16713728 24 bytes
born: 16713696 24 bytes
born: 16713664 24 bytes
dead: 16713664
dead: 16713696
dead: 16713728
dead: 16713952
dead: 16713984
dead: 16708480
born: 16713632 24 bytes
born: 16713600 24 bytes
born: 16713568 24 bytes
born: 16713536 24 bytes
born: 16713504 24 bytes
born: 16713472 24 bytes
born: 16713440 24 bytes
dead: 16713440
dead: 16713472
dead: 16713504
dead: 16713536
dead: 16713568
dead: 16714016
dead: 16714656
dead: 16714688
dead: 16714720
born: 16713408 24 bytes
born: 16713376 24 bytes
born: 16713344 24 bytes
born: 16713312 24 bytes
born: 16713280 24 bytes
born: 16713248 24 bytes
born: 16713216 24 bytes
born: 16713184 24 bytes
born: 16713152 24 bytes
born: 16713120 24 bytes
dead: 16713120
dead: 16713152
dead: 16713184
dead: 16713216
dead: 16714368
dead: 16714400
dead: 16703872
dead: 16704160
born: 16713088 24 bytes
born: 16713056 24 bytes
born: 16713024 24 bytes
born: 16712992 24 bytes
born: 16712960 24 bytes
born: 16712928 24 bytes
born: 16712896 24 bytes
born: 16712864 24 bytes
born: 16712832 24 bytes
dead: 16712832
dead: 16712864
dead: 16712896
dead: 16713760
dead: 16713792
born: 16712800 24 bytes
born: 16712768 24 bytes
born: 16712736 24 bytes
born: 16712704 24 bytes
born: 16712672 24 bytes
born: 16712640 24 bytes
dead: 16712640
dead: 16712672
dead: 16712704
dead: 16712736
dead: 16712768
dead: 16713824
born: 16712608 24 bytes
born: 16712576 24 bytes
born: 16712544 24 bytes
born: 16712512 24 bytes
born: 16712480 24 bytes
born: 16712448 24 bytes
born: 16712416 24 bytes
dead: 16712416
dead: 16712448
dead: 16712480
dead: 16712928
dead: 16713248
dead: 16713600
dead: 16713632
born: 16712384 24 bytes
born: 16712352 24 bytes
born: 16712320 24 bytes
born: 16712288 24 bytes
born: 16712256 24 bytes
born: 16712224 24 bytes
born: 16712192 24 bytes
born: 16712160 24 bytes
dead: 16712160
dead: 16712192
dead: 16707616
dead: 16707648
dead: 16707680
dead: 16707712
dead: 16707744
dead: 16708288
born: 16712128 24 bytes
born: 16712096 24 bytes
born: 16712064 24 bytes
born: 16712032 24 bytes
born: 16712000 24 bytes
born: 16711968 24 bytes
born: 16711936 24 bytes
born: 16711904 24 bytes
born: 16711872 24 bytes
dead: 16711872
dead: 16711904
dead: 16712224
dead: 16712256
dead: 16712960
dead: 16712992
dead: 16714432
born: 16711840 24 bytes
born: 16711808 24 bytes
born: 16711776 24 bytes
born: 16711744 24 bytes
born: 16711712 24 bytes
born: 16711680 24 bytes
born: 16719840 24 bytes
born: 16719808 24 bytes
dead: 16719808
dead: 16719840
dead: 16711680
dead: 16711712
dead: 16712288
dead: 16712320
born: 16719776 24 bytes
born: 16719744 24 bytes
born: 16719712 24 bytes
born: 16719680 24 bytes
born: 16719648 24 bytes
born: 16719616 24 bytes
born: 16719584 24 bytes
dead: 16719584
dead: 16719616
dead: 16719648
dead: 16719680
dead: 16719712
dead: 16719744
dead: 16719776
born: 16719552 24 bytes
born: 16719520 24 bytes
born: 16719488 24 bytes
born: 16719456 24 bytes
born: 16719424 24 bytes
born: 16719392 24 bytes
born: 16719360 24 bytes
born: 16719328 24 bytes
dead: 16719328
dead: 16719360
dead: 16719392
dead: 16719424
dead: 16719456
dead: 16713280
dead: 16714048
dead: 16714080
dead: 16709728
born: 16719296 24 bytes
born: 16719264 24 bytes
born: 16719232 24 bytes
born: 16719200 24 bytes
born: 16719168 24 bytes
born: 16719136 24 bytes
born: 16719104 24 bytes
born: 16719072 24 bytes
born: 16719040 24 bytes
born: 16719008 24 bytes
dead: 16719008
dead: 16719040
dead: 16719072
dead: 16719104
dead: 16719136
dead: 16719168
dead: 16719200
dead: 16719232
dead: 16714112
dead: 16714144
dead: 16714176
dead: 16714208
born: 16718976 24 bytes
born: 16718944 24 bytes
born: 16718912 24 bytes
born: 16718880 24 bytes
born: 16718848 24 bytes
born: 16718816 24 bytes
born: 16718784 24 bytes
born: 16718752 24 bytes
born: 16718720 24 bytes
born: 16718688 24 bytes
born: 16718656 24 bytes
born: 16718624 24 bytes
born: 16718592 24 bytes
dead: 16718592
dead: 16718624
dead: 16718656
dead: 16718688
dead: 16718720
dead: 16719488
dead: 16712352
dead: 16712384
born: 16718560 24 bytes
born: 16718528 24 bytes
born: 16718496 24 bytes
born: 16718464 24 bytes
born: 16718432 24 bytes
born: 16718400 24 bytes
born: 16718368 24 bytes
born: 16718336 24 bytes
born: 16718304 24 bytes
dead: 16718304
dead: 16718336
dead: 16718368
dead: 16718400
dead: 16718432
dead: 16718752
dead: 16713312
dead: 16713344
dead: 16713376
dead: 16713408
born: 16718272 24 bytes
born: 16718240 24 bytes
born: 16718208 24 bytes
born: 16718176 24 bytes
born: 16718144 24 bytes
born: 16718112 24 bytes
born: 16718080 24 bytes
born: 16718048 24 bytes
born: 16718016 24 bytes
born: 16717984 24 bytes
born: 16717952 24 bytes
dead: 16717952
dead: 16717984
dead: 16718016
dead: 16712512
dead: 16712544
dead: 16712576
born: 16717920 24 bytes
born: 16717888 24 bytes
born: 16717856 24 bytes
born: 16717824 24 bytes
born: 16717792 24 bytes
born: 16717760 24 bytes
born: 16717728 24 bytes
dead: 16717728
dead: 16717760
dead: 16717792
dead: 16718048
dead: 16718080
dead: 16718464
dead: 16718496
dead: 16718528
dead: 16718560
born: 16717696 24 bytes
born: 16717664 24 bytes
born: 16717632 24 bytes
born: 16717600 24 bytes
born: 16717568 24 bytes
born: 16717536 24 bytes
born: 16717504 24 bytes
born: 16717472 24 bytes
born: 16717440 24 bytes
born: 16717408 24 bytes
dead: 16717408
dead: 16717440
dead: 16711936
dead: 16711968
dead: 16712000
dead: 16710112
born: 16717376 24 bytes
born: 16717344 24 bytes
born: 16717312 24 bytes
born: 16717280 24 bytes
born: 16717248 24 bytes
born: 16717216 24 bytes
born: 16717184 24 bytes
dead: 16717184
dead: 16717216
dead: 16717248
dead: 16717280
born: 16717152 24 bytes
born: 16717120 24 bytes
born: 16717088 24 bytes
born: 16717056 24 bytes
born: 16717024 24 bytes
dead: 16717024
dead: 16717056
dead: 16717088
dead: 16717120
dead: 16717312
dead: 16717344
dead: 16717376
born: 16716992 24 bytes
born: 16716960 24 bytes
born: 16716928 24 bytes
born: 16716896 24 bytes
born: 16716864 24 bytes
born: 16716832 24 bytes
born: 16716800 24 bytes
born: 16716768 24 bytes
dead: 16716768
dead: 16716800
dead: 16716832
dead: 16716864
dead: 16717152
born: 16716736 24 bytes
born: 16716704 24 bytes
born: 16716672 24 bytes
born: 16716640 24 bytes
born: 16716608 24 bytes
born: 16716576 24 bytes
dead: 16716576
dead: 16716608
dead: 16716640
dead: 16716672
dead: 16716896
dead: 16712032
dead: 16712064
dead: 16712096
dead: 16712128
born: 16716544 24 bytes
born: 16716512 24 bytes
born: 16716480 24 bytes
born: 16716448 24 bytes
born: 16716416 24 bytes
born: 16716384 24 bytes
born: 16716352 24 bytes
born: 16716320 24 bytes
born: 16716288 24 bytes
born: 16716256 24 bytes
dead: 16716256
dead: 16716288
dead: 16716320
dead: 16716352
dead: 16716384
dead: 16716416
born: 16716224 24 bytes
born: 16716192 24 bytes
born: 16716160 24 bytes
born: 16716128 24 bytes
born: 16716096 24 bytes
born: 16716064 24 bytes
born: 16716032 24 bytes
dead: 16716032
dead: 16716064
dead: 16716096
dead: 16716128
dead: 16716160
dead: 16716192
dead: 16716224
born: 16716000 24 bytes
born: 16715968 24 bytes
born: 16715936 24 bytes
born: 16715904 24 bytes
born: 16715872 24 bytes
born: 16715840 24 bytes
born: 16715808 24 bytes
born: 16715776 24 bytes
dead: 16715776
dead: 16715808
dead: 16717472
dead: 16717824
dead: 16717856
dead: 16717888
dead: 16717920
born: 16723936 24 bytes
born: 16723904 24 bytes
born: 16723872 24 bytes
born: 16723840 24 bytes
born: 16723808 24 bytes
born: 16723776 24 bytes
born: 16723744 24 bytes
born: 16723712 24 bytes
dead: 16723712
dead: 16723744
dead: 16723776
dead: 16717504
dead: 16717536
dead: 16717568
dead: 16717600
dead: 16717632
born: 16723680 24 bytes
born: 16723648 24 bytes
born: 16723616 24 bytes
born: 16723584 24 bytes
born: 16723552 24 bytes
born: 16723520 24 bytes
born: 16723488 24 bytes
born: 16723456 24 bytes
born: 16723424 24 bytes
dead: 16723424
dead: 16723456
dead: 16723488
dead: 16723520
dead: 16723552
dead: 16723584
dead: 16723616
dead: 16723648
dead: 16723680
born: 16723392 24 bytes
born: 16723360 24 bytes
born: 16723328 24 bytes
born: 16723296 24 bytes
born: 16723264 24 bytes
born: 16723232 24 bytes
born: 16723200 24 bytes
born: 16723168 24 bytes
born: 16723136 24 bytes
born: 16723104 24 bytes
dead: 16723104
dead: 16723136
dead: 16715840
dead: 16704928
dead: 16704960
born: 16723072 24 bytes
born: 16723040 24 bytes
born: 16723008 24 bytes
born: 16722976 24 bytes
born: 16722944 24 bytes
born: 16722912 24 bytes
dead: 16722912
dead: 16722944
dead: 16722976
dead: 16715872
dead: 16715904
dead: 16716928
dead: 16716960
dead: 16716992
born: 16722880 24 bytes
born: 16722848 24 bytes
born: 16722816 24 bytes
born: 16722784 24 bytes
born: 16722752 24 bytes
born: 16722720 24 bytes
born: 16722688 24 bytes
born: 16722656 24 bytes
born: 16722624 24 bytes
dead: 16722624
dead: 16722656
dead: 16723168
dead: 16723200
dead: 16723232
dead: 16718112
dead: 16718784
dead: 16718816
dead: 16718848
dead: 16718880
dead: 16718912
born: 16722592 24 bytes
born: 16722560 24 bytes
born: 16722528 24 bytes
born: 16722496 24 bytes
born: 16722464 24 bytes
born: 16722432 24 bytes
born: 16722400 24 bytes
born: 16722368 24 bytes
born: 16722336 24 bytes
born: 16722304 24 bytes
born: 16722272 24 bytes
born: 16722240 24 bytes
dead: 16722240
dead: 16722272
dead: 16722688
dead: 16722720
dead: 16722752
dead: 16715936
dead: 16715968
dead: 16716000
born: 16722208 24 bytes
born: 16722176 24 bytes
born: 16722144 24 bytes
born: 16722112 24 bytes
born: 16722080 24 bytes
born: 16722048 24 bytes
born: 16722016 24 bytes
born: 16721984 24 bytes
born: 16721952 24 bytes
dead: 16721952
dead: 16721984
dead: 16722304
dead: 16722336
dead: 16722368
dead: 16723264
dead: 16723296
dead: 16723328
dead: 16723360
dead: 16723392
born: 16721920 24 bytes
born: 16721888 24 bytes
born: 16721856 24 bytes
born: 16721824 24 bytes
born: 16721792 24 bytes
born: 16721760 24 bytes
born: 16721728 24 bytes
born: 16721696 24 bytes
born: 16721664 24 bytes
born: 16721632 24 bytes
born: 16721600 24 bytes
dead: 16721600
dead: 16721632
dead: 16721664
dead: 16721696
dead: 16721728
dead: 16721760
dead: 16719520
born: 16721568 24 bytes
born: 16721536 24 bytes
born: 16721504 24 bytes
born: 16721472 24 bytes
born: 16721440 24 bytes
born: 16721408 24 bytes
born: 16721376 24 bytes
born: 16721344 24 bytes
dead: 16721344
dead: 16715200
dead: 16715232
dead: 16708608
born: 16721312 24 bytes
born: 16721280 24 bytes
born: 16721248 24 bytes
born: 16721216 24 bytes
born: 16721184 24 bytes
dead: 16721184
dead: 16721376
dead: 16721408
dead: 16721440
dead: 16711744
dead: 16711776
dead: 16713024
dead: 16703904
born: 16721152 24 bytes
born: 16721120 24 bytes
born: 16721088 24 bytes
born: 16721056 24 bytes
born: 16721024 24 bytes
born: 16720992 24 bytes
born: 16720960 24 bytes
born: 16720928 24 bytes
born: 16720896 24 bytes
dead: 16720896
dead: 16720928
dead: 16720960
dead: 16720992
dead: 16721472
dead: 16722400
dead: 16722432
dead: 16722464
dead: 16722496
dead: 16722528
dead: 16722560
dead: 16718944
born: 16720864 24 bytes
born: 16720832 24 bytes
born: 16720800 24 bytes
born: 16720768 24 bytes
born: 16720736 24 bytes
born: 16720704 24 bytes
born: 16720672 24 bytes
born: 16720640 24 bytes
born: 16720608 24 bytes
born: 16720576 24 bytes
born: 16720544 24 bytes
born: 16720512 24 bytes
born: 16720480 24 bytes
dead: 16720480
dead: 16720512
dead: 16720544
dead: 16720576
dead: 16721024
dead: 16721056
dead: 16721088
dead: 16713056
dead: 16713088
born: 16720448 24 bytes
born: 16720416 24 bytes
born: 16720384 24 bytes
born: 16720352 24 bytes
born: 16720320 24 bytes
born: 16720288 24 bytes
born: 16720256 24 bytes
born: 16720224 24 bytes
born: 16720192 24 bytes
born: 16720160 24 bytes
dead: 16720160
dead: 16720192
dead: 16722016
dead: 16722048
dead: 16722080
dead: 16722112
dead: 16722144
dead: 16722176
born: 16720128 24 bytes
born: 16720096 24 bytes
born: 16720064 24 bytes
born: 16720032 24 bytes
born: 16720000 24 bytes
born: 16719968 24 bytes
born: 16719936 24 bytes
born: 16719904 24 bytes
born: 16719872 24 bytes
dead: 16719872
dead: 16719904
dead: 16720224
dead: 16720256
dead: 16720608
dead: 16721504
dead: 16721792
dead: 16721824
dead: 16721856
born: 16728032 24 bytes
born: 16728000 24 bytes
born: 16727968 24 bytes
born: 16727936 24 bytes
born: 16727904 24 bytes
born: 16727872 24 bytes
born: 16727840 24 bytes
born: 16727808 24 bytes
born: 16727776 24 bytes
born: 16727744 24 bytes
dead: 16727744
dead: 16721216
dead: 16721248
dead: 16715264
dead: 16715296
dead: 16715328
dead: 16715360
born: 16727712 24 bytes
born: 16727680 24 bytes
born: 16727648 24 bytes
born: 16727616 24 bytes
born: 16727584 24 bytes
born: 16727552 24 bytes
born: 16727520 24 bytes
born: 16727488 24 bytes
dead: 16727488
dead: 16727776
dead: 16719936
dead: 16719968
dead: 16720000
dead: 16720032
dead: 16720064
dead: 16720096
dead: 16722208
born: 16727456 24 bytes
born: 16727424 24 bytes
born: 16727392 24 bytes
born: 16727360 24 bytes
born: 16727328 24 bytes
born: 16727296 24 bytes
born: 16727264 24 bytes
born: 16727232 24 bytes
born: 16727200 24 bytes
born: 16727168 24 bytes
dead: 16727168
dead: 16727200
dead: 16727232
dead: 16727264
dead: 16727296
dead: 16727328
dead: 16716448
dead: 16716480
dead: 16716512
born: 16727136 24 bytes
born: 16727104 24 bytes
born: 16727072 24 bytes
born: 16727040 24 bytes
born: 16727008 24 bytes
born: 16726976 24 bytes
born: 16726944 24 bytes
born: 16726912 24 bytes
born: 16726880 24 bytes
born: 16726848 24 bytes
dead: 16726848
dead: 16727520
dead: 16727552
dead: 16727584
born: 16726816 24 bytes
born: 16726784 24 bytes
born: 16726752 24 bytes
born: 16726720 24 bytes
born: 16726688 24 bytes
dead: 16726688
dead: 16726720
dead: 16726752
dead: 16726784
dead: 16726816
born: 16726656 24 bytes
born: 16726624 24 bytes
born: 16726592 24 bytes
born: 16726560 24 bytes
born: 16726528 24 bytes
born: 16726496 24 bytes
dead: 16726496
dead: 16726880
dead: 16726912
dead: 16723008
dead: 16723040
dead: 16723072
born: 16726464 24 bytes
born: 16726432 24 bytes
born: 16726400 24 bytes
born: 16726368 24 bytes
born: 16726336 24 bytes
born: 16726304 24 bytes
born: 16726272 24 bytes
dead: 16726272
dead: 16726304
dead: 16726336
dead: 16726944
dead: 16716704
dead: 16716736
born: 16726240 24 bytes
born: 16726208 24 bytes
born: 16726176 24 bytes
born: 16726144 24 bytes
born: 16726112 24 bytes
born: 16726080 24 bytes
born: 16726048 24 bytes
dead: 16726048
dead: 16726080
dead: 16726112
dead: 16726144
dead: 16726976
dead: 16727008
dead: 16727040
dead: 16707776
born: 16726016 24 bytes
born: 16725984 24 bytes
born: 16725952 24 bytes
born: 16725920 24 bytes
born: 16725888 24 bytes
born: 16725856 24 bytes
born: 16725824 24 bytes
born: 16725792 24 bytes
born: 16725760 24 bytes
dead: 16725760
dead: 16725792
dead: 16727808
dead: 16723808
dead: 16723840
dead: 16712800
born: 16725728 24 bytes
born: 16725696 24 bytes
born: 16725664 24 bytes
born: 16725632 24 bytes
born: 16725600 24 bytes
born: 16725568 24 bytes
born: 16725536 24 bytes
dead: 16725536
dead: 16725568
dead: 16725824
dead: 16725856
dead: 16725888
dead: 16725920
dead: 16727360
dead: 16727392
dead: 16720128
born: 16725504 24 bytes
born: 16725472 24 bytes
born: 16725440 24 bytes
born: 16725408 24 bytes
born: 16725376 24 bytes
born: 16725344 24 bytes
born: 16725312 24 bytes
born: 16725280 24 bytes
born: 16725248 24 bytes
born: 16725216 24 bytes
dead: 16725216
dead: 16726528
dead: 16726560
dead: 16721280
dead: 16721312
born: 16725184 24 bytes
born: 16725152 24 bytes
born: 16725120 24 bytes
born: 16725088 24 bytes
born: 16725056 24 bytes
born: 16725024 24 bytes
dead: 16725024
dead: 16725056
dead: 16725088
dead: 16725120
dead: 16725152
dead: 16725184
born: 16724992 24 bytes
born: 16724960 24 bytes
born: 16724928 24 bytes
born: 16724896 24 bytes
born: 16724864 24 bytes
born: 16724832 24 bytes
born: 16724800 24 bytes
dead: 16724800
dead: 16724832
dead: 16724864
dead: 16726592
dead: 16727616
dead: 16727648
dead: 16727680
dead: 16727712
born: 16724768 24 bytes
born: 16724736 24 bytes
born: 16724704 24 bytes
born: 16724672 24 bytes
born: 16724640 24 bytes
born: 16724608 24 bytes
born: 16724576 24 bytes
born: 16724544 24 bytes
born: 16724512 24 bytes
dead: 16724512
dead: 16725248
dead: 16725600
dead: 16727840
dead: 16727872
dead: 16720640
dead: 16720672
dead: 16720704
dead: 16719264
dead: 16719296
born: 16724480 24 bytes
born: 16724448 24 bytes
born: 16724416 24 bytes
born: 16724384 24 bytes
born: 16724352 24 bytes
born: 16724320 24 bytes
born: 16724288 24 bytes
born: 16724256 24 bytes
born: 16724224 24 bytes
born: 16724192 24 bytes
born: 16724160 24 bytes
dead: 16724160
dead: 16724192
dead: 16724224
dead: 16724256
dead: 16724288
dead: 16727904
dead: 16721536
dead: 16719552
born: 16724128 24 bytes
born: 16724096 24 bytes
born: 16724064 24 bytes
born: 16724032 24 bytes
born: 16724000 24 bytes
born: 16723968 24 bytes
born: 16732128 24 bytes
born: 16732096 24 bytes
born: 16732064 24 bytes
dead: 16732064
dead: 16732096
dead: 16732128
dead: 16723968
dead: 16724000
dead: 16724320
dead: 16718144
dead: 16718176
dead: 16718208
dead: 16718240
born: 16732032 24 bytes
born: 16732000 24 bytes
born: 16731968 24 bytes
born: 16731936 24 bytes
born: 16731904 24 bytes
born: 16731872 24 bytes
born: 16731840 24 bytes
born: 16731808 24 bytes
born: 16731776 24 bytes
born: 16731744 24 bytes
born: 16731712 24 bytes
dead: 16731712
dead: 16731744
dead: 16731776
dead: 16731808
dead: 16731840
dead: 16731872
dead: 16731904
dead: 16731936
dead: 16731968
dead: 16714752
dead: 16714784
born: 16731680 24 bytes
born: 16731648 24 bytes
born: 16731616 24 bytes
born: 16731584 24 bytes
born: 16731552 24 bytes
born: 16731520 24 bytes
born: 16731488 24 bytes
born: 16731456 24 bytes
born: 16731424 24 bytes
born: 16731392 24 bytes
born: 16731360 24 bytes
born: 16731328 24 bytes
dead: 16731328
dead: 16731360
dead: 16725280
dead: 16725312
dead: 16725344
dead: 16725376
dead: 16725408
dead: 16725440
dead: 16725472
dead: 16725504
born: 16731296 24 bytes
born: 16731264 24 bytes
born: 16731232 24 bytes
born: 16731200 24 bytes
born: 16731168 24 bytes
born: 16731136 24 bytes
born: 16731104 24 bytes
born: 16731072 24 bytes
born: 16731040 24 bytes
born: 16731008 24 bytes
born: 16730976 24 bytes
dead: 16730976
dead: 16731008
dead: 16731392
dead: 16725632
born: 16730944 24 bytes
born: 16730912 24 bytes
born: 16730880 24 bytes
born: 16730848 24 bytes
born: 16730816 24 bytes
dead: 16730816
dead: 16730848
dead: 16730880
dead: 16731424
dead: 16731456
dead: 16731488
dead: 16724352
dead: 16724384
dead: 16720736
dead: 16720768
dead: 16720800
dead: 16720832
dead: 16720864
born: 16730784 24 bytes
born: 16730752 24 bytes
born: 16730720 24 bytes
born: 16730688 24 bytes
born: 16730656 24 bytes
born: 16730624 24 bytes
born: 16730592 24 bytes
born: 16730560 24 bytes
born: 16730528 24 bytes
born: 16730496 24 bytes
born: 16730464 24 bytes
born: 16730432 24 bytes
born: 16730400 24 bytes
born: 16730368 24 bytes
dead: 16730368
dead: 16730400
dead: 16731040
dead: 16731072
dead: 16731104
dead: 16731136
dead: 16725952
dead: 16725984
dead: 16726016
born: 16730336 24 bytes
born: 16730304 24 bytes
born: 16730272 24 bytes
born: 16730240 24 bytes
born: 16730208 24 bytes
born: 16730176 24 bytes
born: 16730144 24 bytes
born: 16730112 24 bytes
born: 16730080 24 bytes
born: 16730048 24 bytes
dead: 16730048
dead: 16730080
dead: 16730112
dead: 16730144
dead: 16730176
dead: 16722784
dead: 16722816
dead: 16722848
dead: 16722880
born: 16730016 24 bytes
born: 16729984 24 bytes
born: 16729952 24 bytes
born: 16729920 24 bytes
born: 16729888 24 bytes
born: 16729856 24 bytes
born: 16729824 24 bytes
born: 16729792 24 bytes
born: 16729760 24 bytes
born: 16729728 24 bytes
dead: 16729728
dead: 16729760
dead: 16730432
dead: 16730464
dead: 16730496
dead: 16724032
dead: 16727936
dead: 16727968
dead: 16728000
dead: 16728032
born: 16729696 24 bytes
born: 16729664 24 bytes
born: 16729632 24 bytes
born: 16729600 24 bytes
born: 16729568 24 bytes
born: 16729536 24 bytes
born: 16729504 24 bytes
born: 16729472 24 bytes
born: 16729440 24 bytes
born: 16729408 24 bytes
born: 16729376 24 bytes
dead: 16729376
dead: 16729408
dead: 16729440
dead: 16729472
dead: 16729504
dead: 16730528
dead: 16730560
dead: 16708864
dead: 16708896
born: 16729344 24 bytes
born: 16729312 24 bytes
born: 16729280 24 bytes
born: 16729248 24 bytes
born: 16729216 24 bytes
born: 16729184 24 bytes
born: 16729152 24 bytes
born: 16729120 24 bytes
born: 16729088 24 bytes
born: 16729056 24 bytes
dead: 16729056
dead: 16729088
dead: 16729120
dead: 16730912
dead: 16730944
born: 16729024 24 bytes
born: 16728992 24 bytes
born: 16728960 24 bytes
born: 16728928 24 bytes
born: 16728896 24 bytes
born: 16728864 24 bytes
dead: 16728864
dead: 16728896
dead: 16728928
dead: 16729152
dead: 16729184
dead: 16729536
dead: 16729568
dead: 16729600
dead: 16729632
dead: 16721888
born: 16728832 24 bytes
born: 16728800 24 bytes
born: 16728768 24 bytes
born: 16728736 24 bytes
born: 16728704 24 bytes
born: 16728672 24 bytes
born: 16728640 24 bytes
born: 16728608 24 bytes
born: 16728576 24 bytes
born: 16728544 24 bytes
born: 16728512 24 bytes
dead: 16728512
dead: 16724544
dead: 16724576
dead: 16724896
dead: 16724928
born: 16728480 24 bytes
born: 16728448 24 bytes
born: 16728416 24 bytes
born: 16728384 24 bytes
born: 16728352 24 bytes
born: 16728320 24 bytes
dead: 16728320
dead: 16728544
dead: 16728576
dead: 16728608
dead: 16728640
dead: 16729216
dead: 16729248
dead: 16730592
dead: 16724416
dead: 16724448
dead: 16724480
born: 16728288 24 bytes
born: 16728256 24 bytes
born: 16728224 24 bytes
born: 16728192 24 bytes
born: 16728160 24 bytes
born: 16728128 24 bytes
born: 16728096 24 bytes
born: 16728064 24 bytes
born: 16736224 24 bytes
born: 16736192 24 bytes
born: 16736160 24 bytes
born: 16736128 24 bytes
dead: 16736128
dead: 16736160
dead: 16736192
dead: 16736224
dead: 16728064
dead: 16728096
dead: 16731520
dead: 16731552
dead: 16731584
dead: 16731616
dead: 16731648
dead: 16731680
born: 16736096 24 bytes
born: 16736064 24 bytes
born: 16736032 24 bytes
born: 16736000 24 bytes
born: 16735968 24 bytes
born: 16735936 24 bytes
born: 16735904 24 bytes
born: 16735872 24 bytes
born: 16735840 24 bytes
born: 16735808 24 bytes
born: 16735776 24 bytes
born: 16735744 24 bytes
born: 16735712 24 bytes
dead: 16735712
dead: 16735744
dead: 16729792
dead: 16729824
dead: 16729856
dead: 16729888
dead: 16710144
born: 16735680 24 bytes
born: 16735648 24 bytes
born: 16735616 24 bytes
born: 16735584 24 bytes
born: 16735552 24 bytes
born: 16735520 24 bytes
born: 16735488 24 bytes
born: 16735456 24 bytes
dead: 16735456
dead: 16735488
dead: 16735520
dead: 16735552
dead: 16735584
dead: 16735616
dead: 16729920
born: 16735424 24 bytes
born: 16735392 24 bytes
born: 16735360 24 bytes
born: 16735328 24 bytes
born: 16735296 24 bytes
born: 16735264 24 bytes
born: 16735232 24 bytes
born: 16735200 24 bytes
dead: 16735200
dead: 16735232
dead: 16735776
dead: 16735808
dead: 16720288
dead: 16720320
dead: 16720352
dead: 16720384
dead: 16720416
born: 16735168 24 bytes
born: 16735136 24 bytes
born: 16735104 24 bytes
born: 16735072 24 bytes
born: 16735040 24 bytes
born: 16735008 24 bytes
born: 16734976 24 bytes
born: 16734944 24 bytes
born: 16734912 24 bytes
born: 16734880 24 bytes
dead: 16734880
dead: 16734912
dead: 16735264
dead: 16735296
dead: 16735328
dead: 16735360
dead: 16735392
dead: 16729952
dead: 16729984
born: 16734848 24 bytes
born: 16734816 24 bytes
born: 16734784 24 bytes
born: 16734752 24 bytes
born: 16734720 24 bytes
born: 16734688 24 bytes
born: 16734656 24 bytes
born: 16734624 24 bytes
born: 16734592 24 bytes
born: 16734560 24 bytes
dead: 16734560
dead: 16734592
dead: 16734944
dead: 16728960
dead: 16725664
dead: 16725696
dead: 16725728
born: 16734528 24 bytes
born: 16734496 24 bytes
born: 16734464 24 bytes
born: 16734432 24 bytes
born: 16734400 24 bytes
born: 16734368 24 bytes
born: 16734336 24 bytes
born: 16734304 24 bytes
dead: 16734304
dead: 16734336
dead: 16734368
dead: 16734976
dead: 16735840
dead: 16735872
dead: 16735904
dead: 16735936
dead: 16735968
dead: 16736000
born: 16734272 24 bytes
born: 16734240 24 bytes
born: 16734208 24 bytes
born: 16734176 24 bytes
born: 16734144 24 bytes
born: 16734112 24 bytes
born: 16734080 24 bytes
born: 16734048 24 bytes
born: 16734016 24 bytes
born: 16733984 24 bytes
born: 16733952 24 bytes
dead: 16733952
dead: 16728352
dead: 16728384
dead: 16724608
dead: 16724640
dead: 16724672
born: 16733920 24 bytes
born: 16733888 24 bytes
born: 16733856 24 bytes
born: 16733824 24 bytes
born: 16733792 24 bytes
born: 16733760 24 bytes
born: 16733728 24 bytes
dead: 16733728
dead: 16733984
dead: 16734016
dead: 16734400
dead: 16734432
dead: 16734464
born: 16733696 24 bytes
born: 16733664 24 bytes
born: 16733632 24 bytes
born: 16733600 24 bytes
born: 16733568 24 bytes
born: 16733536 24 bytes
born: 16733504 24 bytes
dead: 16733504
dead: 16733536
dead: 16734624
dead: 16734656
dead: 16734688
dead: 16734720
dead: 16735648
dead: 16735680
born: 16733472 24 bytes
born: 16733440 24 bytes
born: 16733408 24 bytes
born: 16733376 24 bytes
born: 16733344 24 bytes
born: 16733312 24 bytes
born: 16733280 24 bytes
born: 16733248 24 bytes
born: 16733216 24 bytes
dead: 16733216
dead: 16733248
dead: 16733568
dead: 16734048
dead: 16734080
dead: 16728672
dead: 16728704
dead: 16728736
dead: 16728768
dead: 16729664
dead: 16729696
born: 16733184 24 bytes
born: 16733152 24 bytes
born: 16733120 24 bytes
born: 16733088 24 bytes
born: 16733056 24 bytes
born: 16733024 24 bytes
born: 16732992 24 bytes
born: 16732960 24 bytes
born: 16732928 24 bytes
born: 16732896 24 bytes
born: 16732864 24 bytes
born: 16732832 24 bytes
dead: 16732832
dead: 16732864
dead: 16733280
dead: 16726368
dead: 16726400
dead: 16726432
dead: 16726464
born: 16732800 24 bytes
born: 16732768 24 bytes
born: 16732736 24 bytes
born: 16732704 24 bytes
born: 16732672 24 bytes
born: 16732640 24 bytes
born: 16732608 24 bytes
born: 16732576 24 bytes
dead: 16732576
dead: 16732608
dead: 16732896
dead: 16733600
dead: 16733632
dead: 16723872
dead: 16712608
born: 16732544 24 bytes
born: 16732512 24 bytes
born: 16732480 24 bytes
born: 16732448 24 bytes
born: 16732416 24 bytes
born: 16732384 24 bytes
born: 16732352 24 bytes
born: 16732320 24 bytes
dead: 16732320
dead: 16732352
dead: 16732384
dead: 16732928
dead: 16732960
dead: 16732992
dead: 16724064
dead: 16724096
dead: 16724128
born: 16732288 24 bytes
born: 16732256 24 bytes
born: 16732224 24 bytes
born: 16732192 24 bytes
born: 16732160 24 bytes
born: 16740320 24 bytes
born: 16740288 24 bytes
born: 16740256 24 bytes
born: 16740224 24 bytes
born: 16740192 24 bytes
dead: 16740192
dead: 16740224
dead: 16740256
dead: 16732416
dead: 16732448
dead: 16732480
dead: 16732512
born: 16740160 24 bytes
born: 16740128 24 bytes
born: 16740096 24 bytes
born: 16740064 24 bytes
born: 16740032 24 bytes
born: 16740000 24 bytes
born: 16739968 24 bytes
born: 16739936 24 bytes
dead: 16739936
dead: 16739968
dead: 16740000
dead: 16740288
dead: 16735008
dead: 16735040
dead: 16735072
dead: 16735104
dead: 16735136
dead: 16735168
born: 16739904 24 bytes
born: 16739872 24 bytes
born: 16739840 24 bytes
born: 16739808 24 bytes
born: 16739776 24 bytes
born: 16739744 24 bytes
born: 16739712 24 bytes
born: 16739680 24 bytes
born: 16739648 24 bytes
born: 16739616 24 bytes
born: 16739584 24 bytes
dead: 16739584
dead: 16739616
dead: 16739648
dead: 16740032
dead: 16728992
dead: 16729024
born: 16739552 24 bytes
born: 16739520 24 bytes
born: 16739488 24 bytes
born: 16739456 24 bytes
born: 16739424 24 bytes
born: 16739392 24 bytes
born: 16739360 24 bytes
dead: 16739360
dead: 16739392
dead: 16732640
dead: 16733312
dead: 16733344
dead: 16730208
dead: 16731168
dead: 16731200
dead: 16731232
dead: 16731264
dead: 16731296
born: 16739328 24 bytes
born: 16739296 24 bytes
born: 16739264 24 bytes
born: 16739232 24 bytes
born: 16739200 24 bytes
born: 16739168 24 bytes
born: 16739136 24 bytes
born: 16739104 24 bytes
born: 16739072 24 bytes
born: 16739040 24 bytes
born: 16739008 24 bytes
born: 16738976 24 bytes
dead: 16738976
dead: 16733760
born: 16738944 24 bytes
born: 16738912 24 bytes
born: 16738880 24 bytes
dead: 16738880
dead: 16739008
dead: 16739424
dead: 16739680
dead: 16740320
dead: 16732160
dead: 16733024
dead: 16733056
dead: 16733088
dead: 16733120
dead: 16733152
dead: 16733184
born: 16738848 24 bytes
born: 16738816 24 bytes
born: 16738784 24 bytes
born: 16738752 24 bytes
born: 16738720 24 bytes
born: 16738688 24 bytes
born: 16738656 24 bytes
born: 16738624 24 bytes
born: 16738592 24 bytes
born: 16738560 24 bytes
born: 16738528 24 bytes
born: 16738496 24 bytes
born: 16738464 24 bytes
dead: 16738464
dead: 16738496
dead: 16738528
dead: 16739456
dead: 16740064
dead: 16740096
dead: 16723904
born: 16738432 24 bytes
born: 16738400 24 bytes
born: 16738368 24 bytes
born: 16738336 24 bytes
born: 16738304 24 bytes
born: 16738272 24 bytes
born: 16738240 24 bytes
born: 16738208 24 bytes
dead: 16738208
dead: 16738240
dead: 16738272
dead: 16738560
dead: 16738592
dead: 16734112
dead: 16728128
dead: 16728160
dead: 16730624
dead: 16730656
dead: 16730688
dead: 16730720
dead: 16718976
born: 16738176 24 bytes
born: 16738144 24 bytes
born: 16738112 24 bytes
born: 16738080 24 bytes
born: 16738048 24 bytes
born: 16738016 24 bytes
born: 16737984 24 bytes
born: 16737952 24 bytes
born: 16737920 24 bytes
born: 16737888 24 bytes
born: 16737856 24 bytes
born: 16737824 24 bytes
born: 16737792 24 bytes
born: 16737760 24 bytes
dead: 16737760
dead: 16737792
dead: 16737824
dead: 16737856
dead: 16737888
dead: 16738624
dead: 16738656
dead: 16738688
dead: 16738720
dead: 16738752
dead: 16738784
dead: 16738816
dead: 16738848
born: 16737728 24 bytes
born: 16737696 24 bytes
born: 16737664 24 bytes
born: 16737632 24 bytes
born: 16737600 24 bytes
born: 16737568 24 bytes
born: 16737536 24 bytes
born: 16737504 24 bytes
born: 16737472 24 bytes
born: 16737440 24 bytes
born: 16737408 24 bytes
born: 16737376 24 bytes
born: 16737344 24 bytes
born: 16737312 24 bytes
dead: 16737312
dead: 16737344
dead: 16739040
dead: 16739072
dead: 16739104
dead: 16733376
dead: 16734752
dead: 16735424
born: 16737280 24 bytes
born: 16737248 24 bytes
born: 16737216 24 bytes
born: 16737184 24 bytes
born: 16737152 24 bytes
born: 16737120 24 bytes
born: 16737088 24 bytes
born: 16737056 24 bytes
born: 16737024 24 bytes
dead: 16737024
dead: 16737056
dead: 16737088
dead: 16737120
dead: 16726176
dead: 16726208
dead: 16726240
born: 16736992 24 bytes
born: 16736960 24 bytes
born: 16736928 24 bytes
born: 16736896 24 bytes
born: 16736864 24 bytes
born: 16736832 24 bytes
born: 16736800 24 bytes
born: 16736768 24 bytes
dead: 16736768
dead: 16736800
dead: 16737376
dead: 16737408
dead: 16739712
dead: 16739744
dead: 16739776
dead: 16739808
dead: 16739840
dead: 16739872
born: 16736736 24 bytes
born: 16736704 24 bytes
born: 16736672 24 bytes
born: 16736640 24 bytes
born: 16736608 24 bytes
born: 16736576 24 bytes
born: 16736544 24 bytes
born: 16736512 24 bytes
born: 16736480 24 bytes
born: 16736448 24 bytes
born: 16736416 24 bytes
dead: 16736416
dead: 16736448
dead: 16736832
dead: 16736864
dead: 16737152
dead: 16737184
dead: 16733408
dead: 16733440
dead: 16733472
born: 16736384 24 bytes
born: 16736352 24 bytes
born: 16736320 24 bytes
born: 16736288 24 bytes
born: 16736256 24 bytes
born: 16744416 24 bytes
born: 16744384 24 bytes
born: 16744352 24 bytes
born: 16744320 24 bytes
born: 16744288 24 bytes
dead: 16744288
dead: 16744320
dead: 16736480
dead: 16738304
dead: 16738336
dead: 16733664
dead: 16733696
born: 16744256 24 bytes
born: 16744224 24 bytes
born: 16744192 24 bytes
born: 16744160 24 bytes
born: 16744128 24 bytes
born: 16744096 24 bytes
born: 16744064 24 bytes
born: 16744032 24 bytes
dead: 16744032
dead: 16744064
dead: 16744096
dead: 16736512
dead: 16737440
dead: 16737472
dead: 16737504
dead: 16737536
dead: 16717664
born: 16744000 24 bytes
born: 16743968 24 bytes
born: 16743936 24 bytes
born: 16743904 24 bytes
born: 16743872 24 bytes
born: 16743840 24 bytes
born: 16743808 24 bytes
born: 16743776 24 bytes
born: 16743744 24 bytes
born: 16743712 24 bytes
dead: 16743712
dead: 16743744
dead: 16744352
dead: 16744384
dead: 16744416
dead: 16736256
dead: 16736288
dead: 16736320
dead: 16736352
dead: 16736384
born: 16743680 24 bytes
born: 16743648 24 bytes
born: 16743616 24 bytes
born: 16743584 24 bytes
born: 16743552 24 bytes
born: 16743520 24 bytes
born: 16743488 24 bytes
born: 16743456 24 bytes
born: 16743424 24 bytes
born: 16743392 24 bytes
born: 16743360 24 bytes
dead: 16743360
dead: 16738912
dead: 16733792
dead: 16733824
dead: 16726624
dead: 16726656
born: 16743328 24 bytes
born: 16743296 24 bytes
born: 16743264 24 bytes
born: 16743232 24 bytes
born: 16743200 24 bytes
born: 16743168 24 bytes
born: 16743136 24 bytes
dead: 16743136
dead: 16743392
dead: 16743776
dead: 16744128
dead: 16744160
dead: 16744192
dead: 16734496
dead: 16734528
born: 16743104 24 bytes
born: 16743072 24 bytes
born: 16743040 24 bytes
born: 16743008 24 bytes
born: 16742976 24 bytes
born: 16742944 24 bytes
born: 16742912 24 bytes
born: 16742880 24 bytes
born: 16742848 24 bytes
dead: 16742848
dead: 16742880
dead: 16743424
dead: 16743456
dead: 16743488
dead: 16739136
dead: 16739168
dead: 16739200
dead: 16727424
dead: 16727456
born: 16742816 24 bytes
born: 16742784 24 bytes
born: 16742752 24 bytes
born: 16742720 24 bytes
born: 16742688 24 bytes
born: 16742656 24 bytes
born: 16742624 24 bytes
born: 16742592 24 bytes
born: 16742560 24 bytes
born: 16742528 24 bytes
born: 16742496 24 bytes
dead: 16742496
dead: 16742528
dead: 16742560
dead: 16742592
dead: 16742624
dead: 16742656
dead: 16742688
dead: 16742720
dead: 16739232
dead: 16739264
dead: 16739296
dead: 16739328
born: 16742464 24 bytes
born: 16742432 24 bytes
born: 16742400 24 bytes
born: 16742368 24 bytes
born: 16742336 24 bytes
born: 16742304 24 bytes
born: 16742272 24 bytes
born: 16742240 24 bytes
born: 16742208 24 bytes
born: 16742176 24 bytes
born: 16742144 24 bytes
born: 16742112 24 bytes
born: 16742080 24 bytes
dead: 16742080
dead: 16742112
dead: 16742912
dead: 16743808
dead: 16743840
dead: 16737920
dead: 16737952
dead: 16737984
dead: 16728192
born: 16742048 24 bytes
born: 16742016 24 bytes
born: 16741984 24 bytes
born: 16741952 24 bytes
born: 16741920 24 bytes
born: 16741888 24 bytes
born: 16741856 24 bytes
born: 16741824 24 bytes
born: 16741792 24 bytes
born: 16741760 24 bytes
dead: 16741760
dead: 16741792
dead: 16742144
dead: 16742176
dead: 16742208
dead: 16742240
dead: 16730240
dead: 16727072
dead: 16727104
dead: 16727136
born: 16741728 24 bytes
born: 16741696 24 bytes
born: 16741664 24 bytes
born: 16741632 24 bytes
born: 16741600 24 bytes
born: 16741568 24 bytes
born: 16741536 24 bytes
born: 16741504 24 bytes
born: 16741472 24 bytes
born: 16741440 24 bytes
born: 16741408 24 bytes
dead: 16741408
dead: 16741440
dead: 16741824
dead: 16741856
dead: 16741888
dead: 16741920
dead: 16741952
dead: 16729280
dead: 16729312
dead: 16729344
born: 16741376 24 bytes
born: 16741344 24 bytes
born: 16741312 24 bytes
born: 16741280 24 bytes
born: 16741248 24 bytes
born: 16741216 24 bytes
born: 16741184 24 bytes
born: 16741152 24 bytes
born: 16741120 24 bytes
born: 16741088 24 bytes
born: 16741056 24 bytes
dead: 16741056
dead: 16741088
dead: 16741472
dead: 16741504
dead: 16741536
dead: 16741568
dead: 16742272
dead: 16742304
dead: 16742336
dead: 16742368
born: 16741024 24 bytes
born: 16740992 24 bytes
born: 16740960 24 bytes
born: 16740928 24 bytes
born: 16740896 24 bytes
born: 16740864 24 bytes
born: 16740832 24 bytes
born: 16740800 24 bytes
born: 16740768 24 bytes
born: 16740736 24 bytes
born: 16740704 24 bytes
dead: 16740704
dead: 16740736
dead: 16741120
dead: 16741152
dead: 16741184
dead: 16741216
dead: 16741248
dead: 16741984
dead: 16738016
dead: 16738048
dead: 16738080
dead: 16738112
dead: 16738144
dead: 16738176
born: 16740672 24 bytes
born: 16740640 24 bytes
born: 16740608 24 bytes
born: 16740576 24 bytes
born: 16740544 24 bytes
born: 16740512 24 bytes
born: 16740480 24 bytes
born: 16740448 24 bytes
born: 16740416 24 bytes
born: 16740384 24 bytes
born: 16740352 24 bytes
born: 16748512 24 bytes
born: 16748480 24 bytes
born: 16748448 24 bytes
born: 16748416 24 bytes
dead: 16748416
dead: 16748448
dead: 16748480
dead: 16742944
dead: 16742976
dead: 16743008
dead: 16743040
dead: 16743072
born: 16748384 24 bytes
born: 16748352 24 bytes
born: 16748320 24 bytes
born: 16748288 24 bytes
born: 16748256 24 bytes
born: 16748224 24 bytes
born: 16748192 24 bytes
born: 16748160 24 bytes
born: 16748128 24 bytes
dead: 16748128
dead: 16748160
dead: 16748192
dead: 16748512
dead: 16740352
dead: 16743872
dead: 16743904
dead: 16743936
dead: 16737568
dead: 16737600
dead: 16737632
born: 16748096 24 bytes
born: 16748064 24 bytes
born: 16748032 24 bytes
born: 16748000 24 bytes
born: 16747968 24 bytes
born: 16747936 24 bytes
born: 16747904 24 bytes
born: 16747872 24 bytes
born: 16747840 24 bytes
born: 16747808 24 bytes
born: 16747776 24 bytes
born: 16747744 24 bytes
dead: 16747744
dead: 16747776
dead: 16747808
dead: 16747840
dead: 16747872
dead: 16740384
dead: 16740416
dead: 16740448
dead: 16740480
dead: 16740512
dead: 16740544
dead: 16722592
born: 16747712 24 bytes
born: 16747680 24 bytes
born: 16747648 24 bytes
born: 16747616 24 bytes
born: 16747584 24 bytes
born: 16747552 24 bytes
born: 16747520 24 bytes
born: 16747488 24 bytes
born: 16747456 24 bytes
born: 16747424 24 bytes
born: 16747392 24 bytes
born: 16747360 24 bytes
born: 16747328 24 bytes
dead: 16747328
dead: 16747360
dead: 16747392
dead: 16747424
dead: 16747456
dead: 16747904
dead: 16732192
dead: 16732224
born: 16747296 24 bytes
born: 16747264 24 bytes
born: 16747232 24 bytes
born: 16747200 24 bytes
born: 16747168 24 bytes
born: 16747136 24 bytes
born: 16747104 24 bytes
born: 16747072 24 bytes
born: 16747040 24 bytes
dead: 16747040
dead: 16743168
dead: 16743200
dead: 16743232
dead: 16733856
dead: 16733888
dead: 16733920
born: 16747008 24 bytes
born: 16746976 24 bytes
born: 16746944 24 bytes
born: 16746912 24 bytes
born: 16746880 24 bytes
born: 16746848 24 bytes
born: 16746816 24 bytes
born: 16746784 24 bytes
dead: 16746784
dead: 16747072
dead: 16747104
dead: 16747136
dead: 16747168
dead: 16747488
dead: 16747520
dead: 16747552
dead: 16742016
dead: 16742048
born: 16746752 24 bytes
born: 16746720 24 bytes
born: 16746688 24 bytes
born: 16746656 24 bytes
born: 16746624 24 bytes
born: 16746592 24 bytes
born: 16746560 24 bytes
born: 16746528 24 bytes
born: 16746496 24 bytes
born: 16746464 24 bytes
born: 16746432 24 bytes
dead: 16746432
dead: 16746464
dead: 16740768
dead: 16740800
dead: 16740832
dead: 16740864
dead: 16740896
dead: 16740928
dead: 16740960
born: 16746400 24 bytes
born: 16746368 24 bytes
born: 16746336 24 bytes
born: 16746304 24 bytes
born: 16746272 24 bytes
born: 16746240 24 bytes
born: 16746208 24 bytes
born: 16746176 24 bytes
born: 16746144 24 bytes
born: 16746112 24 bytes
dead: 16746112
dead: 16746144
dead: 16746496
dead: 16746528
dead: 16746560
dead: 16747200
dead: 16747936
dead: 16747968
dead: 16743968
dead: 16744000
born: 16746080 24 bytes
born: 16746048 24 bytes
born: 16746016 24 bytes
born: 16745984 24 bytes
born: 16745952 24 bytes
born: 16745920 24 bytes
born: 16745888 24 bytes
born: 16745856 24 bytes
born: 16745824 24 bytes
born: 16745792 24 bytes
born: 16745760 24 bytes
dead: 16745760
dead: 16745792
dead: 16746176
dead: 16746208
dead: 16746240
dead: 16746272
dead: 16741600
dead: 16741632
dead: 16741664
dead: 16716544
born: 16745728 24 bytes
born: 16745696 24 bytes
born: 16745664 24 bytes
born: 16745632 24 bytes
born: 16745600 24 bytes
born: 16745568 24 bytes
born: 16745536 24 bytes
born: 16745504 24 bytes
born: 16745472 24 bytes
born: 16745440 24 bytes
born: 16745408 24 bytes
dead: 16745408
dead: 16745440
dead: 16745472
dead: 16745504
dead: 16745536
dead: 16745568
dead: 16746304
dead: 16746336
dead: 16742752
dead: 16742784
dead: 16742816
born: 16745376 24 bytes
born: 16745344 24 bytes
born: 16745312 24 bytes
born: 16745280 24 bytes
born: 16745248 24 bytes
born: 16745216 24 bytes
born: 16745184 24 bytes
born: 16745152 24 bytes
born: 16745120 24 bytes
born: 16745088 24 bytes
born: 16745056 24 bytes
born: 16745024 24 bytes
dead: 16745024
dead: 16745056
dead: 16745824
dead: 16745856
dead: 16736544
born: 16744992 24 bytes
born: 16744960 24 bytes
born: 16744928 24 bytes
born: 16744896 24 bytes
born: 16744864 24 bytes
born: 16744832 24 bytes
dead: 16744832
dead: 16744864
dead: 16745088
dead: 16732672
dead: 16732704
dead: 16732736
dead: 16732768
born: 16744800 24 bytes
born: 16744768 24 bytes
born: 16744736 24 bytes
born: 16744704 24 bytes
born: 16744672 24 bytes
born: 16744640 24 bytes
born: 16744608 24 bytes
born: 16744576 24 bytes
dead: 16744576
dead: 16744608
dead: 16744896
dead: 16744928
dead: 16745888
dead: 16746592
dead: 16734144
dead: 16734176
dead: 16734208
dead: 16732000
dead: 16718272
born: 16744544 24 bytes
born: 16744512 24 bytes
born: 16744480 24 bytes
born: 16744448 24 bytes
born: 16752608 24 bytes
born: 16752576 24 bytes
born: 16752544 24 bytes
born: 16752512 24 bytes
born: 16752480 24 bytes
born: 16752448 24 bytes
born: 16752416 24 bytes
born: 16752384 24 bytes
dead: 16752384
dead: 16752416
dead: 16752448
dead: 16752480
dead: 16752512
dead: 16752544
dead: 16746624
dead: 16746656
dead: 16746688
dead: 16728224
born: 16752352 24 bytes
born: 16752320 24 bytes
born: 16752288 24 bytes
born: 16752256 24 bytes
born: 16752224 24 bytes
born: 16752192 24 bytes
born: 16752160 24 bytes
born: 16752128 24 bytes
born: 16752096 24 bytes
born: 16752064 24 bytes
born: 16752032 24 bytes
dead: 16752032
dead: 16752064
dead: 16752096
dead: 16748224
dead: 16748256
dead: 16748288
dead: 16744224
born: 16752000 24 bytes
born: 16751968 24 bytes
born: 16751936 24 bytes
born: 16751904 24 bytes
born: 16751872 24 bytes
born: 16751840 24 bytes
born: 16751808 24 bytes
born: 16751776 24 bytes
dead: 16751776
dead: 16746816
dead: 16746848
dead: 16728416
dead: 16728448
dead: 16724960
dead: 16724992
born: 16751744 24 bytes
born: 16751712 24 bytes
born: 16751680 24 bytes
born: 16751648 24 bytes
born: 16751616 24 bytes
born: 16751584 24 bytes
born: 16751552 24 bytes
born: 16751520 24 bytes
dead: 16751520
dead: 16751808
dead: 16744640
dead: 16745120
dead: 16745152
dead: 16745184
dead: 16745600
dead: 16745632
dead: 16745664
dead: 16745696
dead: 16745728
born: 16751488 24 bytes
born: 16751456 24 bytes
born: 16751424 24 bytes
born: 16751392 24 bytes
born: 16751360 24 bytes
born: 16751328 24 bytes
born: 16751296 24 bytes
born: 16751264 24 bytes
born: 16751232 24 bytes
born: 16751200 24 bytes
born: 16751168 24 bytes
born: 16751136 24 bytes
dead: 16751136
dead: 16751168
dead: 16751840
dead: 16751872
dead: 16739488
born: 16751104 24 bytes
born: 16751072 24 bytes
born: 16751040 24 bytes
born: 16751008 24 bytes
born: 16750976 24 bytes
born: 16750944 24 bytes
dead: 16750944
dead: 16750976
dead: 16751008
dead: 16752128
dead: 16752160
dead: 16745920
dead: 16745952
dead: 16745984
dead: 16746016
dead: 16746048
born: 16750912 24 bytes
born: 16750880 24 bytes
born: 16750848 24 bytes
born: 16750816 24 bytes
born: 16750784 24 bytes
born: 16750752 24 bytes
born: 16750720 24 bytes
born: 16750688 24 bytes
born: 16750656 24 bytes
born: 16750624 24 bytes
born: 16750592 24 bytes
dead: 16750592
dead: 16750624
dead: 16751200
dead: 16751232
dead: 16751264
dead: 16751296
dead: 16745216
dead: 16745248
dead: 16746368
dead: 16740992
dead: 16742400
dead: 16742432
born: 16750560 24 bytes
born: 16750528 24 bytes
born: 16750496 24 bytes
born: 16750464 24 bytes
born: 16750432 24 bytes
born: 16750400 24 bytes
born: 16750368 24 bytes
born: 16750336 24 bytes
born: 16750304 24 bytes
born: 16750272 24 bytes
born: 16750240 24 bytes
born: 16750208 24 bytes
born: 16750176 24 bytes
dead: 16750176
dead: 16750208
dead: 16750656
dead: 16750688
dead: 16750720
dead: 16752192
dead: 16752224
dead: 16752256
dead: 16752288
dead: 16746720
dead: 16746752
born: 16750144 24 bytes
born: 16750112 24 bytes
born: 16750080 24 bytes
born: 16750048 24 bytes
born: 16750016 24 bytes
born: 16749984 24 bytes
born: 16749952 24 bytes
born: 16749920 24 bytes
born: 16749888 24 bytes
born: 16749856 24 bytes
born: 16749824 24 bytes
born: 16749792 24 bytes
dead: 16749792
dead: 16749824
dead: 16749856
dead: 16749888
dead: 16749920
dead: 16749952
dead: 16749984
dead: 16750016
dead: 16747584
dead: 16747616
dead: 16747648
dead: 16747680
dead: 16747712
born: 16749760 24 bytes
born: 16749728 24 bytes
born: 16749696 24 bytes
born: 16749664 24 bytes
born: 16749632 24 bytes
born: 16749600 24 bytes
born: 16749568 24 bytes
born: 16749536 24 bytes
born: 16749504 24 bytes
born: 16749472 24 bytes
born: 16749440 24 bytes
born: 16749408 24 bytes
born: 16749376 24 bytes
born: 16749344 24 bytes
dead: 16749344
dead: 16749376
dead: 16750240
dead: 16750272
dead: 16750304
dead: 16743520
dead: 16737216
dead: 16737248
born: 16749312 24 bytes
born: 16749280 24 bytes
born: 16749248 24 bytes
born: 16749216 24 bytes
born: 16749184 24 bytes
born: 16749152 24 bytes
born: 16749120 24 bytes
born: 16749088 24 bytes
born: 16749056 24 bytes
dead: 16749056
dead: 16749088
dead: 16749408
dead: 16749440
dead: 16749472
dead: 16750752
dead: 16750784
dead: 16750816
dead: 16748000
dead: 16728800
dead: 16721920
born: 16749024 24 bytes
born: 16748992 24 bytes
born: 16748960 24 bytes
born: 16748928 24 bytes
born: 16748896 24 bytes
born: 16748864 24 bytes
born: 16748832 24 bytes
born: 16748800 24 bytes
born: 16748768 24 bytes
born: 16748736 24 bytes
born: 16748704 24 bytes
born: 16748672 24 bytes
dead: 16748672
dead: 16748704
dead: 16748736
dead: 16748768
dead: 16748800
dead: 16748832
dead: 16748864
dead: 16748896
dead: 16750848
dead: 16750880
dead: 16750912
born: 16748640 24 bytes
born: 16748608 24 bytes
born: 16748576 24 bytes
born: 16748544 24 bytes
born: 16756704 24 bytes
born: 16756672 24 bytes
born: 16756640 24 bytes
born: 16756608 24 bytes
born: 16756576 24 bytes
born: 16756544 24 bytes
born: 16756512 24 bytes
born: 16756480 24 bytes
dead: 16756480
dead: 16756512
dead: 16756544
dead: 16756576
dead: 16756608
dead: 16749504
dead: 16749536
dead: 16749568
dead: 16750048
dead: 16752320
dead: 16728256
born: 16756448 24 bytes
born: 16756416 24 bytes
born: 16756384 24 bytes
born: 16756352 24 bytes
born: 16756320 24 bytes
born: 16756288 24 bytes
born: 16756256 24 bytes
born: 16756224 24 bytes
born: 16756192 24 bytes
born: 16756160 24 bytes
born: 16756128 24 bytes
born: 16756096 24 bytes
dead: 16756096
dead: 16756128
dead: 16756160
dead: 16756192
dead: 16756224
dead: 16756256
dead: 16756288
dead: 16756320
dead: 16749600
dead: 16749632
dead: 16749664
dead: 16740576
dead: 16740608
born: 16756064 24 bytes
born: 16756032 24 bytes
born: 16756000 24 bytes
born: 16755968 24 bytes
born: 16755936 24 bytes
born: 16755904 24 bytes
born: 16755872 24 bytes
born: 16755840 24 bytes
born: 16755808 24 bytes
born: 16755776 24 bytes
born: 16755744 24 bytes
born: 16755712 24 bytes
born: 16755680 24 bytes
born: 16755648 24 bytes
dead: 16755648
dead: 16755680
dead: 16755712
dead: 16755744
dead: 16755776
dead: 16756640
dead: 16756672
dead: 16756704
dead: 16748928
dead: 16748032
dead: 16748064
dead: 16748096
born: 16755616 24 bytes
born: 16755584 24 bytes
born: 16755552 24 bytes
born: 16755520 24 bytes
born: 16755488 24 bytes
born: 16755456 24 bytes
born: 16755424 24 bytes
born: 16755392 24 bytes
born: 16755360 24 bytes
born: 16755328 24 bytes
born: 16755296 24 bytes
born: 16755264 24 bytes
born: 16755232 24 bytes
dead: 16755232
dead: 16751552
dead: 16751584
dead: 16751616
dead: 16751648
dead: 16751680
dead: 16751712
dead: 16751744
born: 16755200 24 bytes
born: 16755168 24 bytes
born: 16755136 24 bytes
born: 16755104 24 bytes
born: 16755072 24 bytes
born: 16755040 24 bytes
born: 16755008 24 bytes
born: 16754976 24 bytes
born: 16754944 24 bytes
dead: 16754944
dead: 16755264
dead: 16749120
dead: 16749152
dead: 16749184
dead: 16750336
dead: 16751328
dead: 16730272
dead: 16730304
dead: 16730336
born: 16754912 24 bytes
born: 16754880 24 bytes
born: 16754848 24 bytes
born: 16754816 24 bytes
born: 16754784 24 bytes
born: 16754752 24 bytes
born: 16754720 24 bytes
born: 16754688 24 bytes
born: 16754656 24 bytes
born: 16754624 24 bytes
born: 16754592 24 bytes
dead: 16754592
dead: 16754624
dead: 16755296
dead: 16755328
dead: 16755360
dead: 16755808
dead: 16755840
dead: 16755872
dead: 16756352
dead: 16756384
dead: 16756416
dead: 16756448
born: 16754560 24 bytes
born: 16754528 24 bytes
born: 16754496 24 bytes
born: 16754464 24 bytes
born: 16754432 24 bytes
born: 16754400 24 bytes
born: 16754368 24 bytes
born: 16754336 24 bytes
born: 16754304 24 bytes
born: 16754272 24 bytes
born: 16754240 24 bytes
born: 16754208 24 bytes
born: 16754176 24 bytes
dead: 16754176
dead: 16754976
dead: 16755008
dead: 16746880
dead: 16746912
dead: 16746944
dead: 16724704
dead: 16715392
born: 16754144 24 bytes
born: 16754112 24 bytes
born: 16754080 24 bytes
born: 16754048 24 bytes
born: 16754016 24 bytes
born: 16753984 24 bytes
born: 16753952 24 bytes
born: 16753920 24 bytes
born: 16753888 24 bytes
dead: 16753888
dead: 16754208
dead: 16754240
dead: 16754272
dead: 16754304
dead: 16755392
dead: 16755424
dead: 16755456
dead: 16748544
dead: 16748576
dead: 16746080
born: 16753856 24 bytes
born: 16753824 24 bytes
born: 16753792 24 bytes
born: 16753760 24 bytes
born: 16753728 24 bytes
born: 16753696 24 bytes
born: 16753664 24 bytes
born: 16753632 24 bytes
born: 16753600 24 bytes
born: 16753568 24 bytes
born: 16753536 24 bytes
born: 16753504 24 bytes
dead: 16753504
dead: 16753536
dead: 16753568
dead: 16753600
dead: 16753632
dead: 16753664
dead: 16753696
dead: 16753728
dead: 16755488
dead: 16748960
dead: 16748992
dead: 16749024
born: 16753472 24 bytes
born: 16753440 24 bytes
born: 16753408 24 bytes
born: 16753376 24 bytes
born: 16753344 24 bytes
born: 16753312 24 bytes
born: 16753280 24 bytes
born: 16753248 24 bytes
born: 16753216 24 bytes
born: 16753184 24 bytes
born: 16753152 24 bytes
born: 16753120 24 bytes
born: 16753088 24 bytes
dead: 16753088
dead: 16753120
dead: 16753152
dead: 16753184
dead: 16753216
dead: 16754336
dead: 16754368
dead: 16754400
dead: 16754432
dead: 16750080
born: 16753056 24 bytes
born: 16753024 24 bytes
born: 16752992 24 bytes
born: 16752960 24 bytes
born: 16752928 24 bytes
born: 16752896 24 bytes
born: 16752864 24 bytes
born: 16752832 24 bytes
born: 16752800 24 bytes
born: 16752768 24 bytes
born: 16752736 24 bytes
dead: 16752736
dead: 16752768
dead: 16752800
dead: 16752832
dead: 16752864
dead: 16752896
dead: 16752576
dead: 16752608
dead: 16744448
dead: 16734240
dead: 16734272
born: 16752704 24 bytes
born: 16752672 24 bytes
born: 16752640 24 bytes
born: 16760800 24 bytes
born: 16760768 24 bytes
born: 16760736 24 bytes
born: 16760704 24 bytes
born: 16760672 24 bytes
born: 16760640 24 bytes
born: 16760608 24 bytes
born: 16760576 24 bytes
born: 16760544 24 bytes
dead: 16760544
dead: 16760576
dead: 16760608
dead: 16760640
dead: 16760672
dead: 16760704
dead: 16760736
dead: 16760768
born: 16760512 24 bytes
born: 16760480 24 bytes
born: 16760448 24 bytes
born: 16760416 24 bytes
born: 16760384 24 bytes
born: 16760352 24 bytes
born: 16760320 24 bytes
born: 16760288 24 bytes
born: 16760256 24 bytes
dead: 16760256
dead: 16760288
dead: 16754656
dead: 16744672
dead: 16744704
born: 16760224 24 bytes
born: 16760192 24 bytes
born: 16760160 24 bytes
born: 16760128 24 bytes
born: 16760096 24 bytes
born: 16760064 24 bytes
dead: 16760064
dead: 16760096
dead: 16760320
dead: 16760352
dead: 16760384
dead: 16753248
dead: 16753280
dead: 16753312
dead: 16753760
dead: 16753792
dead: 16748608
dead: 16748640
born: 16760032 24 bytes
born: 16760000 24 bytes
born: 16759968 24 bytes
born: 16759936 24 bytes
born: 16759904 24 bytes
born: 16759872 24 bytes
born: 16759840 24 bytes
born: 16759808 24 bytes
born: 16759776 24 bytes
born: 16759744 24 bytes
born: 16759712 24 bytes
born: 16759680 24 bytes
born: 16759648 24 bytes
dead: 16759648
dead: 16759680
dead: 16759712
dead: 16759744
dead: 16744960
dead: 16744992
born: 16759616 24 bytes
born: 16759584 24 bytes
born: 16759552 24 bytes
born: 16759520 24 bytes
born: 16759488 24 bytes
born: 16759456 24 bytes
born: 16759424 24 bytes
dead: 16759424
dead: 16759456
dead: 16759488
dead: 16759520
dead: 16759776
dead: 16760416
dead: 16752928
dead: 16741280
dead: 16741312
dead: 16741344
dead: 16741376
born: 16759392 24 bytes
born: 16759360 24 bytes
born: 16759328 24 bytes
born: 16759296 24 bytes
born: 16759264 24 bytes
born: 16759232 24 bytes
born: 16759200 24 bytes
born: 16759168 24 bytes
born: 16759136 24 bytes
born: 16759104 24 bytes
born: 16759072 24 bytes
born: 16759040 24 bytes
dead: 16759040
dead: 16759072
dead: 16760128
dead: 16754688
dead: 16736896
dead: 16736928
born: 16759008 24 bytes
born: 16758976 24 bytes
born: 16758944 24 bytes
born: 16758912 24 bytes
born: 16758880 24 bytes
born: 16758848 24 bytes
born: 16758816 24 bytes
dead: 16758816
dead: 16758848
dead: 16759104
dead: 16759136
dead: 16759552
dead: 16736576
dead: 16711808
born: 16758784 24 bytes
born: 16758752 24 bytes
born: 16758720 24 bytes
born: 16758688 24 bytes
born: 16758656 24 bytes
born: 16758624 24 bytes
born: 16758592 24 bytes
born: 16758560 24 bytes
dead: 16758560
dead: 16758592
dead: 16758624
dead: 16758656
dead: 16759168
dead: 16759200
dead: 16759232
dead: 16752960
dead: 16752992
dead: 16753024
dead: 16750112
dead: 16750144
born: 16758528 24 bytes
born: 16758496 24 bytes
born: 16758464 24 bytes
born: 16758432 24 bytes
born: 16758400 24 bytes
born: 16758368 24 bytes
born: 16758336 24 bytes
born: 16758304 24 bytes
born: 16758272 24 bytes
born: 16758240 24 bytes
born: 16758208 24 bytes
born: 16758176 24 bytes
born: 16758144 24 bytes
dead: 16758144
dead: 16758176
dead: 16758208
dead: 16758240
dead: 16758272
dead: 16758304
dead: 16758336
dead: 16759264
dead: 16759296
dead: 16759328
dead: 16759360
dead: 16759392
born: 16758112 24 bytes
born: 16758080 24 bytes
born: 16758048 24 bytes
born: 16758016 24 bytes
born: 16757984 24 bytes
born: 16757952 24 bytes
born: 16757920 24 bytes
born: 16757888 24 bytes
born: 16757856 24 bytes
born: 16757824 24 bytes
born: 16757792 24 bytes
born: 16757760 24 bytes
born: 16757728 24 bytes
dead: 16757728
dead: 16757760
dead: 16757792
dead: 16751040
dead: 16751904
dead: 16738368
dead: 16740128
dead: 16732544
born: 16757696 24 bytes
born: 16757664 24 bytes
born: 16757632 24 bytes
born: 16757600 24 bytes
born: 16757568 24 bytes
born: 16757536 24 bytes
born: 16757504 24 bytes
born: 16757472 24 bytes
born: 16757440 24 bytes
dead: 16757440
dead: 16757472
dead: 16757504
dead: 16757536
dead: 16757568
dead: 16751936
dead: 16751968
dead: 16752000
born: 16757408 24 bytes
born: 16757376 24 bytes
born: 16757344 24 bytes
born: 16757312 24 bytes
born: 16757280 24 bytes
born: 16757248 24 bytes
born: 16757216 24 bytes
born: 16757184 24 bytes
born: 16757152 24 bytes
dead: 16757152
dead: 16757184
dead: 16758880
dead: 16758912
dead: 16754720
dead: 16749216
dead: 16743552
dead: 16743584
dead: 16743616
born: 16757120 24 bytes
born: 16757088 24 bytes
born: 16757056 24 bytes
born: 16757024 24 bytes
born: 16756992 24 bytes
born: 16756960 24 bytes
born: 16756928 24 bytes
born: 16756896 24 bytes
born: 16756864 24 bytes
born: 16756832 24 bytes
dead: 16756832
dead: 16756864
dead: 16756896
dead: 16756928
dead: 16756960
dead: 16754752
dead: 16750368
dead: 16750400
dead: 16745280
dead: 16745312
dead: 16745344
dead: 16745376
born: 16756800 24 bytes
born: 16756768 24 bytes
born: 16756736 24 bytes
born: 16764896 24 bytes
born: 16764864 24 bytes
born: 16764832 24 bytes
born: 16764800 24 bytes
born: 16764768 24 bytes
born: 16764736 24 bytes
born: 16764704 24 bytes
born: 16764672 24 bytes
born: 16764640 24 bytes
born: 16764608 24 bytes
dead: 16764608
dead: 16764640
dead: 16757216
dead: 16757248
dead: 16757280
dead: 16757312
dead: 16748320
dead: 16748352
dead: 16748384
born: 16764576 24 bytes
born: 16764544 24 bytes
born: 16764512 24 bytes
born: 16764480 24 bytes
born: 16764448 24 bytes
born: 16764416 24 bytes
born: 16764384 24 bytes
born: 16764352 24 bytes
born: 16764320 24 bytes
born: 16764288 24 bytes
dead: 16764288
dead: 16753920
dead: 16753952
dead: 16753984
dead: 16754016
dead: 16754048
dead: 16754080
dead: 16754112
dead: 16754144
born: 16764256 24 bytes
born: 16764224 24 bytes
born: 16764192 24 bytes
born: 16764160 24 bytes
born: 16764128 24 bytes
born: 16764096 24 bytes
born: 16764064 24 bytes
born: 16764032 24 bytes
born: 16764000 24 bytes
born: 16763968 24 bytes
dead: 16763968
dead: 16764320
dead: 16764352
dead: 16757824
dead: 16758688
dead: 16758720
dead: 16736608
dead: 16736640
dead: 16736672
dead: 16736704
dead: 16739904
born: 16763936 24 bytes
born: 16763904 24 bytes
born: 16763872 24 bytes
born: 16763840 24 bytes
born: 16763808 24 bytes
born: 16763776 24 bytes
born: 16763744 24 bytes
born: 16763712 24 bytes
born: 16763680 24 bytes
born: 16763648 24 bytes
born: 16763616 24 bytes
born: 16763584 24 bytes
dead: 16763584
dead: 16763616
dead: 16763648
dead: 16764384
dead: 16751072
dead: 16739520
dead: 16739552
born: 16763552 24 bytes
born: 16763520 24 bytes
born: 16763488 24 bytes
born: 16763456 24 bytes
born: 16763424 24 bytes
born: 16763392 24 bytes
born: 16763360 24 bytes
born: 16763328 24 bytes
dead: 16763328
dead: 16763360
dead: 16763392
dead: 16763424
dead: 16764416
dead: 16757600
dead: 16757632
dead: 16757664
born: 16763296 24 bytes
born: 16763264 24 bytes
born: 16763232 24 bytes
born: 16763200 24 bytes
born: 16763168 24 bytes
born: 16763136 24 bytes
born: 16763104 24 bytes
born: 16763072 24 bytes
born: 16763040 24 bytes
dead: 16763040
dead: 16763072
dead: 16764672
dead: 16764704
dead: 16764736
dead: 16764768
dead: 16754784
dead: 16754816
dead: 16754848
dead: 16754880
dead: 16754912
born: 16763008 24 bytes
born: 16762976 24 bytes
born: 16762944 24 bytes
born: 16762912 24 bytes
born: 16762880 24 bytes
born: 16762848 24 bytes
born: 16762816 24 bytes
born: 16762784 24 bytes
born: 16762752 24 bytes
born: 16762720 24 bytes
born: 16762688 24 bytes
born: 16762656 24 bytes
dead: 16762656
dead: 16762688
dead: 16763104
dead: 16763680
dead: 16757856
dead: 16757888
dead: 16757920
dead: 16758368
dead: 16755904
dead: 16755936
dead: 16755968
dead: 16756000
dead: 16730752
dead: 16730784
born: 16762624 24 bytes
born: 16762592 24 bytes
born: 16762560 24 bytes
born: 16762528 24 bytes
born: 16762496 24 bytes
born: 16762464 24 bytes
born: 16762432 24 bytes
born: 16762400 24 bytes
born: 16762368 24 bytes
born: 16762336 24 bytes
born: 16762304 24 bytes
born: 16762272 24 bytes
born: 16762240 24 bytes
born: 16762208 24 bytes
born: 16762176 24 bytes
dead: 16762176
dead: 16762208
dead: 16762240
dead: 16762272
dead: 16762304
dead: 16762336
dead: 16762368
dead: 16762400
dead: 16758400
dead: 16754464
dead: 16754496
dead: 16754528
dead: 16754560
born: 16762144 24 bytes
born: 16762112 24 bytes
born: 16762080 24 bytes
born: 16762048 24 bytes
born: 16762016 24 bytes
born: 16761984 24 bytes
born: 16761952 24 bytes
born: 16761920 24 bytes
born: 16761888 24 bytes
born: 16761856 24 bytes
born: 16761824 24 bytes
born: 16761792 24 bytes
born: 16761760 24 bytes
born: 16761728 24 bytes
dead: 16761728
dead: 16761760
dead: 16762720
dead: 16760160
dead: 16760192
dead: 16744736
dead: 16744768
dead: 16732800
born: 16761696 24 bytes
born: 16761664 24 bytes
born: 16761632 24 bytes
born: 16761600 24 bytes
born: 16761568 24 bytes
born: 16761536 24 bytes
born: 16761504 24 bytes
born: 16761472 24 bytes
born: 16761440 24 bytes
dead: 16761440
dead: 16764000
dead: 16764032
dead: 16764064
dead: 16764096
born: 16761408 24 bytes
born: 16761376 24 bytes
born: 16761344 24 bytes
born: 16761312 24 bytes
born: 16761280 24 bytes
born: 16761248 24 bytes
dead: 16761248
dead: 16761472
dead: 16761504
dead: 16762752
dead: 16762784
dead: 16762816
dead: 16762848
dead: 16762880
dead: 16762912
dead: 16762944
born: 16761216 24 bytes
born: 16761184 24 bytes
born: 16761152 24 bytes
born: 16761120 24 bytes
born: 16761088 24 bytes
born: 16761056 24 bytes
born: 16761024 24 bytes
born: 16760992 24 bytes
born: 16760960 24 bytes
born: 16760928 24 bytes
born: 16760896 24 bytes
dead: 16760896
dead: 16760928
dead: 16761792
dead: 16761824
dead: 16761856
dead: 16761888
dead: 16761920
dead: 16757952
dead: 16757984
dead: 16758016
dead: 16758048
born: 16760864 24 bytes
born: 16760832 24 bytes
born: 16768992 24 bytes
born: 16768960 24 bytes
born: 16768928 24 bytes
born: 16768896 24 bytes
born: 16768864 24 bytes
born: 16768832 24 bytes
born: 16768800 24 bytes
born: 16768768 24 bytes
born: 16768736 24 bytes
born: 16768704 24 bytes
dead: 16768704
dead: 16768736
dead: 16760960
dead: 16761536
dead: 16761568
dead: 16761600
dead: 16761632
dead: 16761664
dead: 16761696
born: 16768672 24 bytes
born: 16768640 24 bytes
born: 16768608 24 bytes
born: 16768576 24 bytes
born: 16768544 24 bytes
born: 16768512 24 bytes
born: 16768480 24 bytes
born: 16768448 24 bytes
born: 16768416 24 bytes
born: 16768384 24 bytes
dead: 16768384
dead: 16768416
dead: 16768768
dead: 16768800
dead: 16763712
dead: 16763744
dead: 16758752
dead: 16758784
born: 16768352 24 bytes
born: 16768320 24 bytes
born: 16768288 24 bytes
born: 16768256 24 bytes
born: 16768224 24 bytes
born: 16768192 24 bytes
born: 16768160 24 bytes
born: 16768128 24 bytes
born: 16768096 24 bytes
dead: 16768096
dead: 16768128
dead: 16768448
dead: 16760992
dead: 16761024
dead: 16761056
dead: 16764800
dead: 16764832
dead: 16750432
dead: 16750464
dead: 16750496
dead: 16750528
dead: 16750560
born: 16768064 24 bytes
born: 16768032 24 bytes
born: 16768000 24 bytes
born: 16767968 24 bytes
born: 16767936 24 bytes
born: 16767904 24 bytes
born: 16767872 24 bytes
born: 16767840 24 bytes
born: 16767808 24 bytes
born: 16767776 24 bytes
born: 16767744 24 bytes
born: 16767712 24 bytes
born: 16767680 24 bytes
born: 16767648 24 bytes
dead: 16767648
dead: 16767680
dead: 16768160
dead: 16768192
dead: 16768832
dead: 16759808
dead: 16759840
dead: 16759872
dead: 16753344
dead: 16755520
dead: 16755552
dead: 16737664
dead: 16737696
born: 16767616 24 bytes
born: 16767584 24 bytes
born: 16767552 24 bytes
born: 16767520 24 bytes
born: 16767488 24 bytes
born: 16767456 24 bytes
born: 16767424 24 bytes
born: 16767392 24 bytes
born: 16767360 24 bytes
born: 16767328 24 bytes
born: 16767296 24 bytes
born: 16767264 24 bytes
born: 16767232 24 bytes
born: 16767200 24 bytes
dead: 16767200
dead: 16767232
dead: 16767264
dead: 16767296
dead: 16767328
dead: 16767360
dead: 16767392
dead: 16767424
dead: 16767456
dead: 16753376
dead: 16753408
dead: 16753440
dead: 16753472
born: 16767168 24 bytes
born: 16767136 24 bytes
born: 16767104 24 bytes
born: 16767072 24 bytes
born: 16767040 24 bytes
born: 16767008 24 bytes
born: 16766976 24 bytes
born: 16766944 24 bytes
born: 16766912 24 bytes
born: 16766880 24 bytes
born: 16766848 24 bytes
born: 16766816 24 bytes
born: 16766784 24 bytes
born: 16766752 24 bytes
dead: 16766752
dead: 16761280
dead: 16761312
dead: 16761344
dead: 16761376
dead: 16764128
dead: 16764160
dead: 16764192
dead: 16764224
dead: 16764256
born: 16766720 24 bytes
born: 16766688 24 bytes
born: 16766656 24 bytes
born: 16766624 24 bytes
born: 16766592 24 bytes
born: 16766560 24 bytes
born: 16766528 24 bytes
born: 16766496 24 bytes
born: 16766464 24 bytes
born: 16766432 24 bytes
born: 16766400 24 bytes
dead: 16766400
dead: 16766784
dead: 16766816
dead: 16766848
dead: 16766880
dead: 16768864
dead: 16768896
dead: 16761952
dead: 16762432
dead: 16762464
dead: 16762496
dead: 16762528
dead: 16762560
born: 16766368 24 bytes
born: 16766336 24 bytes
born: 16766304 24 bytes
born: 16766272 24 bytes
born: 16766240 24 bytes
born: 16766208 24 bytes
born: 16766176 24 bytes
born: 16766144 24 bytes
born: 16766112 24 bytes
born: 16766080 24 bytes
born: 16766048 24 bytes
born: 16766016 24 bytes
born: 16765984 24 bytes
born: 16765952 24 bytes
dead: 16765952
dead: 16765984
dead: 16766016
dead: 16766048
dead: 16766080
dead: 16766112
dead: 16766144
dead: 16766176
dead: 16766208
dead: 16766240
dead: 16766272
dead: 16749696
dead: 16749728
born: 16765920 24 bytes
born: 16765888 24 bytes
born: 16765856 24 bytes
born: 16765824 24 bytes
born: 16765792 24 bytes
born: 16765760 24 bytes
born: 16765728 24 bytes
born: 16765696 24 bytes
born: 16765664 24 bytes
born: 16765632 24 bytes
born: 16765600 24 bytes
born: 16765568 24 bytes
born: 16765536 24 bytes
born: 16765504 24 bytes
dead: 16765504
dead: 16765536
dead: 16765568
dead: 16765600
dead: 16765632
dead: 16766912
dead: 16766944
dead: 16766976
dead: 16759904
dead: 16717696
born: 16765472 24 bytes
born: 16765440 24 bytes
born: 16765408 24 bytes
born: 16765376 24 bytes
born: 16765344 24 bytes
born: 16765312 24 bytes
born: 16765280 24 bytes
born: 16765248 24 bytes
born: 16765216 24 bytes
born: 16765184 24 bytes
born: 16765152 24 bytes
dead: 16765152
dead: 16765184
dead: 16767712
dead: 16768480
dead: 16768512
dead: 16768544
dead: 16768576
dead: 16768608
dead: 16768640
born: 16765120 24 bytes
born: 16765088 24 bytes
born: 16765056 24 bytes
born: 16765024 24 bytes
born: 16764992 24 bytes
born: 16764960 24 bytes
born: 16764928 24 bytes
born: 16777152 24 bytes
born: 16781280 24 bytes
born: 16781248 24 bytes
dead: 16781248
dead: 16781280
dead: 16765216
dead: 16765248
dead: 16765280
dead: 16765312
dead: 16747232
dead: 16721568
born: 16781216 24 bytes
born: 16781184 24 bytes
born: 16781152 24 bytes
born: 16781120 24 bytes
born: 16781088 24 bytes
born: 16781056 24 bytes
born: 16781024 24 bytes
born: 16780992 24 bytes
born: 16780960 24 bytes
dead: 16780960
dead: 16780992
dead: 16777152
dead: 16767744
dead: 16767776
dead: 16767808
dead: 16767840
dead: 16767872
dead: 16764864
dead: 16764896
dead: 16756736
dead: 16756768
born: 16780928 24 bytes
born: 16780896 24 bytes
born: 16780864 24 bytes
born: 16780832 24 bytes
born: 16780800 24 bytes
born: 16780768 24 bytes
born: 16780736 24 bytes
born: 16780704 24 bytes
born: 16780672 24 bytes
born: 16780640 24 bytes
born: 16780608 24 bytes
born: 16780576 24 bytes
born: 16780544 24 bytes
dead: 16780544
dead: 16780576
dead: 16781024
dead: 16763136
dead: 16763168
dead: 16764448
dead: 16764480
dead: 16764512
dead: 16743104
born: 16780512 24 bytes
born: 16780480 24 bytes
born: 16780448 24 bytes
born: 16780416 24 bytes
born: 16780384 24 bytes
born: 16780352 24 bytes
born: 16780320 24 bytes
born: 16780288 24 bytes
born: 16780256 24 bytes
born: 16780224 24 bytes
dead: 16780224
dead: 16780256
dead: 16780288
dead: 16781056
dead: 16768224
dead: 16768256
dead: 16768288
dead: 16711840
born: 16780192 24 bytes
born: 16780160 24 bytes
born: 16780128 24 bytes
born: 16780096 24 bytes
born: 16780064 24 bytes
born: 16780032 24 bytes
born: 16780000 24 bytes
born: 16779968 24 bytes
born: 16779936 24 bytes
dead: 16779936
dead: 16766432
dead: 16766464
dead: 16766496
dead: 16766528
dead: 16766560
dead: 16766592
dead: 16766624
dead: 16766656
dead: 16766688
dead: 16766720
born: 16779904 24 bytes
born: 16779872 24 bytes
born: 16779840 24 bytes
born: 16779808 24 bytes
born: 16779776 24 bytes
born: 16779744 24 bytes
born: 16779712 24 bytes
born: 16779680 24 bytes
born: 16779648 24 bytes
born: 16779616 24 bytes
born: 16779584 24 bytes
born: 16779552 24 bytes
dead: 16779552
dead: 16779968
dead: 16780608
dead: 16780640
dead: 16780672
dead: 16780704
dead: 16780736
dead: 16780768
dead: 16780800
dead: 16780832
dead: 16780864
dead: 16780896
dead: 16780928
born: 16779520 24 bytes
born: 16779488 24 bytes
born: 16779456 24 bytes
born: 16779424 24 bytes
born: 16779392 24 bytes
born: 16779360 24 bytes
born: 16779328 24 bytes
born: 16779296 24 bytes
born: 16779264 24 bytes
born: 16779232 24 bytes
born: 16779200 24 bytes
born: 16779168 24 bytes
born: 16779136 24 bytes
born: 16779104 24 bytes
dead: 16779104
dead: 16779136
dead: 16780000
dead: 16780032
dead: 16781088
dead: 16765664
dead: 16760448
born: 16779072 24 bytes
born: 16779040 24 bytes
born: 16779008 24 bytes
born: 16778976 24 bytes
born: 16778944 24 bytes
born: 16778912 24 bytes
born: 16778880 24 bytes
born: 16778848 24 bytes
dead: 16778848
dead: 16778880
dead: 16778912
dead: 16778944
dead: 16780064
dead: 16780096
dead: 16763776
dead: 16721120
dead: 16721152
born: 16778816 24 bytes
born: 16778784 24 bytes
born: 16778752 24 bytes
born: 16778720 24 bytes
born: 16778688 24 bytes
born: 16778656 24 bytes
born: 16778624 24 bytes
born: 16778592 24 bytes
born: 16778560 24 bytes
born: 16778528 24 bytes
dead: 16778528
dead: 16778560
dead: 16778592
dead: 16780320
dead: 16780352
dead: 16763200
dead: 16738400
dead: 16723936
born: 16778496 24 bytes
born: 16778464 24 bytes
born: 16778432 24 bytes
born: 16778400 24 bytes
born: 16778368 24 bytes
born: 16778336 24 bytes
born: 16778304 24 bytes
born: 16778272 24 bytes
born: 16778240 24 bytes
dead: 16778240
dead: 16779584
dead: 16779616
dead: 16755040
dead: 16755072
dead: 16755104
dead: 16755136
dead: 16755168
dead: 16755200
born: 16778208 24 bytes
born: 16778176 24 bytes
born: 16778144 24 bytes
born: 16778112 24 bytes
born: 16778080 24 bytes
born: 16778048 24 bytes
born: 16778016 24 bytes
born: 16777984 24 bytes
born: 16777952 24 bytes
born: 16777920 24 bytes
dead: 16777920
dead: 16778272
dead: 16778304
dead: 16778624
dead: 16778976
dead: 16779008
dead: 16779040
dead: 16760480
dead: 16760800
dead: 16744480
dead: 16732032
born: 16777888 24 bytes
born: 16777856 24 bytes
born: 16777824 24 bytes
born: 16777792 24 bytes
born: 16777760 24 bytes
born: 16777728 24 bytes
born: 16777696 24 bytes
born: 16777664 24 bytes
born: 16777632 24 bytes
born: 16777600 24 bytes
born: 16777568 24 bytes
born: 16777536 24 bytes
dead: 16777536
dead: 16777568
dead: 16777600
dead: 16777632
dead: 16777664
dead: 16777696
dead: 16765696
dead: 16765728
dead: 16761984
dead: 16762016
dead: 16752352
born: 16777504 24 bytes
born: 16777472 24 bytes
born: 16777440 24 bytes
born: 16777408 24 bytes
born: 16777376 24 bytes
born: 16777344 24 bytes
born: 16777312 24 bytes
born: 16777280 24 bytes
born: 16777248 24 bytes
born: 16777216 24 bytes
born: 16785376 24 bytes
born: 16785344 24 bytes
dead: 16785344
dead: 16785376
dead: 16779168
dead: 16779200
dead: 16779232
dead: 16779264
dead: 16779296
dead: 16779328
dead: 16767904
dead: 16767936
dead: 16741024
born: 16785312 24 bytes
born: 16785280 24 bytes
born: 16785248 24 bytes
born: 16785216 24 bytes
born: 16785184 24 bytes
born: 16785152 24 bytes
born: 16785120 24 bytes
born: 16785088 24 bytes
born: 16785056 24 bytes
born: 16785024 24 bytes
born: 16784992 24 bytes
born: 16784960 24 bytes
dead: 16784960
dead: 16784992
dead: 16777216
dead: 16777248
dead: 16777280
dead: 16781120
dead: 16765344
dead: 16765376
dead: 16765408
dead: 16759936
dead: 16753824
dead: 16753856
born: 16784928 24 bytes
born: 16784896 24 bytes
born: 16784864 24 bytes
born: 16784832 24 bytes
born: 16784800 24 bytes
born: 16784768 24 bytes
born: 16784736 24 bytes
born: 16784704 24 bytes
born: 16784672 24 bytes
born: 16784640 24 bytes
born: 16784608 24 bytes
born: 16784576 24 bytes
born: 16784544 24 bytes
dead: 16784544
dead: 16784576
dead: 16785024
dead: 16764928
dead: 16764960
dead: 16764992
dead: 16765024
dead: 16765056
dead: 16765088
dead: 16765120
born: 16784512 24 bytes
born: 16784480 24 bytes
born: 16784448 24 bytes
born: 16784416 24 bytes
born: 16784384 24 bytes
born: 16784352 24 bytes
born: 16784320 24 bytes
born: 16784288 24 bytes
born: 16784256 24 bytes
born: 16784224 24 bytes
born: 16784192 24 bytes
dead: 16784192
dead: 16784224
dead: 16784608
dead: 16784640
dead: 16784672
dead: 16784704
dead: 16784736
dead: 16784768
dead: 16767008
dead: 16767488
dead: 16767520
dead: 16755584
dead: 16755616
born: 16784160 24 bytes
born: 16784128 24 bytes
born: 16784096 24 bytes
born: 16784064 24 bytes
born: 16784032 24 bytes
born: 16784000 24 bytes
born: 16783968 24 bytes
born: 16783936 24 bytes
born: 16783904 24 bytes
born: 16783872 24 bytes
born: 16783840 24 bytes
born: 16783808 24 bytes
born: 16783776 24 bytes
born: 16783744 24 bytes
dead: 16783744
dead: 16783776
dead: 16783808
dead: 16778336
dead: 16778368
dead: 16780384
dead: 16780416
born: 16783712 24 bytes
born: 16783680 24 bytes
born: 16783648 24 bytes
born: 16783616 24 bytes
born: 16783584 24 bytes
born: 16783552 24 bytes
born: 16783520 24 bytes
born: 16783488 24 bytes
dead: 16783488
dead: 16783520
dead: 16783552
dead: 16783840
dead: 16778656
dead: 16759584
born: 16783456 24 bytes
born: 16783424 24 bytes
born: 16783392 24 bytes
born: 16783360 24 bytes
born: 16783328 24 bytes
born: 16783296 24 bytes
born: 16783264 24 bytes
dead: 16783264
dead: 16783296
dead: 16784256
dead: 16785056
dead: 16785088
dead: 16785120
dead: 16761088
dead: 16761120
dead: 16761152
dead: 16761184
dead: 16762976
dead: 16763008
born: 16783232 24 bytes
born: 16783200 24 bytes
born: 16783168 24 bytes
born: 16783136 24 bytes
born: 16783104 24 bytes
born: 16783072 24 bytes
born: 16783040 24 bytes
born: 16783008 24 bytes
born: 16782976 24 bytes
born: 16782944 24 bytes
born: 16782912 24 bytes
born: 16782880 24 bytes
born: 16782848 24 bytes
dead: 16782848
dead: 16782880
dead: 16783328
dead: 16783360
dead: 16783872
dead: 16777312
dead: 16777344
dead: 16777376
dead: 16777408
dead: 16777440
dead: 16762048
dead: 16762080
dead: 16762112
born: 16782816 24 bytes
born: 16782784 24 bytes
born: 16782752 24 bytes
born: 16782720 24 bytes
born: 16782688 24 bytes
born: 16782656 24 bytes
born: 16782624 24 bytes
born: 16782592 24 bytes
born: 16782560 24 bytes
born: 16782528 24 bytes
born: 16782496 24 bytes
born: 16782464 24 bytes
born: 16782432 24 bytes
born: 16782400 24 bytes
dead: 16782400
dead: 16782432
dead: 16782464
dead: 16782496
dead: 16782528
dead: 16782560
dead: 16782592
dead: 16782624
dead: 16782656
dead: 16758432
dead: 16758464
dead: 16758496
dead: 16758528
born: 16782368 24 bytes
born: 16782336 24 bytes
born: 16782304 24 bytes
born: 16782272 24 bytes
born: 16782240 24 bytes
born: 16782208 24 bytes
born: 16782176 24 bytes
born: 16782144 24 bytes
born: 16782112 24 bytes
born: 16782080 24 bytes
born: 16782048 24 bytes
born: 16782016 24 bytes
born: 16781984 24 bytes
born: 16781952 24 bytes
dead: 16781952
dead: 16781984
dead: 16782016
dead: 16782048
dead: 16782080
dead: 16782112
dead: 16782144
dead: 16782176
dead: 16782208
dead: 16782688
dead: 16782720
dead: 16728288
born: 16781920 24 bytes
born: 16781888 24 bytes
born: 16781856 24 bytes
born: 16781824 24 bytes
born: 16781792 24 bytes
born: 16781760 24 bytes
born: 16781728 24 bytes
born: 16781696 24 bytes
born: 16781664 24 bytes
born: 16781632 24 bytes
born: 16781600 24 bytes
born: 16781568 24 bytes
born: 16781536 24 bytes
dead: 16781536
dead: 16781568
dead: 16782912
dead: 16782944
dead: 16758944
dead: 16758976
dead: 16736960
dead: 16736992
born: 16781504 24 bytes
born: 16781472 24 bytes
born: 16781440 24 bytes
born: 16781408 24 bytes
born: 16781376 24 bytes
born: 16781344 24 bytes
born: 16781312 24 bytes
born: 16789472 24 bytes
born: 16789440 24 bytes
dead: 16789440
dead: 16789472
dead: 16781312
dead: 16781344
dead: 16782976
dead: 16756992
dead: 16757024
dead: 16757056
dead: 16757088
dead: 16757120
born: 16789408 24 bytes
born: 16789376 24 bytes
born: 16789344 24 bytes
born: 16789312 24 bytes
born: 16789280 24 bytes
born: 16789248 24 bytes
born: 16789216 24 bytes
born: 16789184 24 bytes
born: 16789152 24 bytes
born: 16789120 24 bytes
born: 16789088 24 bytes
dead: 16789088
dead: 16789120
dead: 16781600
dead: 16781632
dead: 16781664
dead: 16781696
dead: 16781728
dead: 16768928
born: 16789056 24 bytes
born: 16789024 24 bytes
born: 16788992 24 bytes
born: 16788960 24 bytes
born: 16788928 24 bytes
born: 16788896 24 bytes
born: 16788864 24 bytes
born: 16788832 24 bytes
born: 16788800 24 bytes
dead: 16788800
dead: 16777952
dead: 16777984
dead: 16778016
dead: 16778048
dead: 16778080
dead: 16778112
dead: 16778144
born: 16788768 24 bytes
born: 16788736 24 bytes
born: 16788704 24 bytes
born: 16788672 24 bytes
born: 16788640 24 bytes
born: 16788608 24 bytes
born: 16788576 24 bytes
born: 16788544 24 bytes
born: 16788512 24 bytes
dead: 16788512
dead: 16788832
dead: 16788864
dead: 16788896
dead: 16788928
dead: 16788960
dead: 16788992
dead: 16781760
dead: 16781792
dead: 16782240
dead: 16782272
dead: 16782304
dead: 16782336
born: 16788480 24 bytes
born: 16788448 24 bytes
born: 16788416 24 bytes
born: 16788384 24 bytes
born: 16788352 24 bytes
born: 16788320 24 bytes
born: 16788288 24 bytes
born: 16788256 24 bytes
born: 16788224 24 bytes
born: 16788192 24 bytes
born: 16788160 24 bytes
born: 16788128 24 bytes
born: 16788096 24 bytes
born: 16788064 24 bytes
dead: 16788064
dead: 16788096
dead: 16789152
dead: 16789184
dead: 16789216
dead: 16783008
dead: 16785152
dead: 16785184
dead: 16779360
born: 16788032 24 bytes
born: 16788000 24 bytes
born: 16787968 24 bytes
born: 16787936 24 bytes
born: 16787904 24 bytes
born: 16787872 24 bytes
born: 16787840 24 bytes
born: 16787808 24 bytes
born: 16787776 24 bytes
born: 16787744 24 bytes
dead: 16787744
dead: 16787776
dead: 16788128
dead: 16783584
dead: 16763456
dead: 16751104
born: 16787712 24 bytes
born: 16787680 24 bytes
born: 16787648 24 bytes
born: 16787616 24 bytes
born: 16787584 24 bytes
born: 16787552 24 bytes
born: 16787520 24 bytes
dead: 16787520
dead: 16787552
dead: 16787808
dead: 16787840
dead: 16787872
dead: 16789248
dead: 16789280
dead: 16789312
dead: 16789344
dead: 16789376
born: 16787488 24 bytes
born: 16787456 24 bytes
born: 16787424 24 bytes
born: 16787392 24 bytes
born: 16787360 24 bytes
born: 16787328 24 bytes
born: 16787296 24 bytes
born: 16787264 24 bytes
born: 16787232 24 bytes
born: 16787200 24 bytes
born: 16787168 24 bytes
dead: 16787168
dead: 16787200
dead: 16787584
dead: 16788160
dead: 16783392
dead: 16778688
dead: 16780128
dead: 16780160
dead: 16780192
born: 16787136 24 bytes
born: 16787104 24 bytes
born: 16787072 24 bytes
born: 16787040 24 bytes
born: 16787008 24 bytes
born: 16786976 24 bytes
born: 16786944 24 bytes
born: 16786912 24 bytes
born: 16786880 24 bytes
born: 16786848 24 bytes
dead: 16786848
dead: 16786880
dead: 16786912
dead: 16786944
dead: 16786976
dead: 16787008
dead: 16778720
dead: 16763808
dead: 16763840
dead: 16763872
dead: 16763904
dead: 16763936
born: 16786816 24 bytes
born: 16786784 24 bytes
born: 16786752 24 bytes
born: 16786720 24 bytes
born: 16786688 24 bytes
born: 16786656 24 bytes
born: 16786624 24 bytes
born: 16786592 24 bytes
born: 16786560 24 bytes
born: 16786528 24 bytes
born: 16786496 24 bytes
born: 16786464 24 bytes
born: 16786432 24 bytes
dead: 16786432
dead: 16786464
dead: 16787232
dead: 16787264
dead: 16787296
dead: 16787904
dead: 16783040
dead: 16783072
dead: 16783104
dead: 16783136
dead: 16761216
born: 16786400 24 bytes
born: 16786368 24 bytes
born: 16786336 24 bytes
born: 16786304 24 bytes
born: 16786272 24 bytes
born: 16786240 24 bytes
born: 16786208 24 bytes
born: 16786176 24 bytes
born: 16786144 24 bytes
born: 16786112 24 bytes
born: 16786080 24 bytes
born: 16786048 24 bytes
dead: 16786048
dead: 16788544
dead: 16788576
dead: 16779648
dead: 16779680
dead: 16779712
dead: 16779744
dead: 16779776
dead: 16779808
dead: 16779840
dead: 16779872
born: 16786016 24 bytes
born: 16785984 24 bytes
born: 16785952 24 bytes
born: 16785920 24 bytes
born: 16785888 24 bytes
born: 16785856 24 bytes
born: 16785824 24 bytes
born: 16785792 24 bytes
born: 16785760 24 bytes
born: 16785728 24 bytes
born: 16785696 24 bytes
born: 16785664 24 bytes
dead: 16785664
dead: 16786080
dead: 16786496
dead: 16786528
dead: 16788192
dead: 16788224
dead: 16788256
dead: 16788288
dead: 16788320
dead: 16781824
dead: 16781856
dead: 16782752
dead: 16782784
dead: 16762144
born: 16785632 24 bytes
born: 16785600 24 bytes
born: 16785568 24 bytes
born: 16785536 24 bytes
born: 16785504 24 bytes
born: 16785472 24 bytes
born: 16785440 24 bytes
born: 16785408 24 bytes
born: 16793568 24 bytes
born: 16793536 24 bytes
born: 16793504 24 bytes
born: 16793472 24 bytes
born: 16793440 24 bytes
born: 16793408 24 bytes
born: 16793376 24 bytes
dead: 16793376
dead: 16793408
dead: 16793440
dead: 16787616
dead: 16783616
dead: 16778400
dead: 16778432
dead: 16738432
born: 16793344 24 bytes
born: 16793312 24 bytes
born: 16793280 24 bytes
born: 16793248 24 bytes
born: 16793216 24 bytes
born: 16793184 24 bytes
born: 16793152 24 bytes
born: 16793120 24 bytes
born: 16793088 24 bytes
dead: 16793088
dead: 16785696
dead: 16785728
dead: 16788608
dead: 16788640
dead: 16788672
dead: 16788704
dead: 16788736
dead: 16778176
born: 16793056 24 bytes
born: 16793024 24 bytes
born: 16792992 24 bytes
born: 16792960 24 bytes
born: 16792928 24 bytes
born: 16792896 24 bytes
born: 16792864 24 bytes
born: 16792832 24 bytes
born: 16792800 24 bytes
born: 16792768 24 bytes
dead: 16792768
dead: 16793120
dead: 16793152
dead: 16793184
dead: 16787648
dead: 16763488
dead: 16763520
born: 16792736 24 bytes
born: 16792704 24 bytes
born: 16792672 24 bytes
born: 16792640 24 bytes
born: 16792608 24 bytes
born: 16792576 24 bytes
born: 16792544 24 bytes
born: 16792512 24 bytes
dead: 16792512
dead: 16792544
dead: 16792576
dead: 16792608
dead: 16793216
dead: 16793248
dead: 16763232
dead: 16763264
dead: 16757696
born: 16792480 24 bytes
born: 16792448 24 bytes
born: 16792416 24 bytes
born: 16792384 24 bytes
born: 16792352 24 bytes
born: 16792320 24 bytes
born: 16792288 24 bytes
born: 16792256 24 bytes
born: 16792224 24 bytes
born: 16792192 24 bytes
dead: 16792192
dead: 16792800
dead: 16792832
dead: 16792864
dead: 16792896
dead: 16792928
dead: 16792960
dead: 16792992
dead: 16788768
born: 16792160 24 bytes
born: 16792128 24 bytes
born: 16792096 24 bytes
born: 16792064 24 bytes
born: 16792032 24 bytes
born: 16792000 24 bytes
born: 16791968 24 bytes
born: 16791936 24 bytes
born: 16791904 24 bytes
born: 16791872 24 bytes
dead: 16791872
dead: 16792224
dead: 16792256
dead: 16793472
dead: 16793504
dead: 16783904
dead: 16783936
dead: 16783968
dead: 16784000
dead: 16784032
dead: 16784064
dead: 16784096
dead: 16784128
dead: 16784160
born: 16791840 24 bytes
born: 16791808 24 bytes
born: 16791776 24 bytes
born: 16791744 24 bytes
born: 16791712 24 bytes
born: 16791680 24 bytes
born: 16791648 24 bytes
born: 16791616 24 bytes
born: 16791584 24 bytes
born: 16791552 24 bytes
born: 16791520 24 bytes
born: 16791488 24 bytes
born: 16791456 24 bytes
born: 16791424 24 bytes
born: 16791392 24 bytes
dead: 16791392
dead: 16791424
dead: 16786112
dead: 16786144
dead: 16786176
dead: 16787328
dead: 16749248
dead: 16749280
dead: 16737280
born: 16791360 24 bytes
born: 16791328 24 bytes
born: 16791296 24 bytes
born: 16791264 24 bytes
born: 16791232 24 bytes
born: 16791200 24 bytes
born: 16791168 24 bytes
born: 16791136 24 bytes
born: 16791104 24 bytes
born: 16791072 24 bytes
dead: 16791072
dead: 16791104
dead: 16791136
dead: 16791168
dead: 16791200
dead: 16786208
dead: 16786240
dead: 16751360
dead: 16751392
dead: 16751424
dead: 16751456
born: 16791040 24 bytes
born: 16791008 24 bytes
born: 16790976 24 bytes
born: 16790944 24 bytes
born: 16790912 24 bytes
born: 16790880 24 bytes
born: 16790848 24 bytes
born: 16790816 24 bytes
born: 16790784 24 bytes
born: 16790752 24 bytes
born: 16790720 24 bytes
born: 16790688 24 bytes
dead: 16790688
dead: 16790720
dead: 16791456
dead: 16791488
dead: 16791520
dead: 16791552
dead: 16791584
dead: 16791616
dead: 16784800
dead: 16784832
dead: 16784864
dead: 16784896
dead: 16784928
born: 16790656 24 bytes
born: 16790624 24 bytes
born: 16790592 24 bytes
born: 16790560 24 bytes
born: 16790528 24 bytes
born: 16790496 24 bytes
born: 16790464 24 bytes
born: 16790432 24 bytes
born: 16790400 24 bytes
born: 16790368 24 bytes
born: 16790336 24 bytes
born: 16790304 24 bytes
born: 16790272 24 bytes
born: 16790240 24 bytes
dead: 16790240
dead: 16790272
dead: 16790304
dead: 16790336
dead: 16786560
dead: 16786592
dead: 16786624
dead: 16786656
dead: 16786688
dead: 16786720
dead: 16736736
born: 16790208 24 bytes
born: 16790176 24 bytes
born: 16790144 24 bytes
born: 16790112 24 bytes
born: 16790080 24 bytes
born: 16790048 24 bytes
born: 16790016 24 bytes
born: 16789984 24 bytes
born: 16789952 24 bytes
born: 16789920 24 bytes
born: 16789888 24 bytes
born: 16789856 24 bytes
dead: 16789856
dead: 16789888
dead: 16789920
dead: 16789952
dead: 16790368
dead: 16793536
dead: 16793568
dead: 16785408
dead: 16785440
dead: 16785472
dead: 16777472
dead: 16777504
born: 16789824 24 bytes
born: 16789792 24 bytes
born: 16789760 24 bytes
born: 16789728 24 bytes
born: 16789696 24 bytes
born: 16789664 24 bytes
born: 16789632 24 bytes
born: 16789600 24 bytes
born: 16789568 24 bytes
born: 16789536 24 bytes
born: 16789504 24 bytes
born: 16797664 24 bytes
born: 16797632 24 bytes
dead: 16797632
dead: 16797664
dead: 16789504
dead: 16789536
dead: 16789568
dead: 16790400
dead: 16790432
dead: 16790464
dead: 16791648
dead: 16767040
dead: 16767072
dead: 16767104
born: 16797600 24 bytes
born: 16797568 24 bytes
born: 16797536 24 bytes
born: 16797504 24 bytes
born: 16797472 24 bytes
born: 16797440 24 bytes
born: 16797408 24 bytes
born: 16797376 24 bytes
born: 16797344 24 bytes
born: 16797312 24 bytes
born: 16797280 24 bytes
born: 16797248 24 bytes
born: 16797216 24 bytes
dead: 16797216
dead: 16797248
dead: 16797280
dead: 16797312
dead: 16797344
dead: 16789600
dead: 16789632
dead: 16789664
dead: 16789696
dead: 16789728
dead: 16789760
dead: 16789792
born: 16797184 24 bytes
born: 16797152 24 bytes
born: 16797120 24 bytes
born: 16797088 24 bytes
born: 16797056 24 bytes
born: 16797024 24 bytes
born: 16796992 24 bytes
born: 16796960 24 bytes
born: 16796928 24 bytes
born: 16796896 24 bytes
born: 16796864 24 bytes
born: 16796832 24 bytes
born: 16796800 24 bytes
dead: 16796800
dead: 16796832
dead: 16790752
dead: 16790784
dead: 16790816
dead: 16790848
dead: 16787936
dead: 16787968
dead: 16785216
dead: 16785248
dead: 16767968
dead: 16768000
dead: 16768032
dead: 16768064
born: 16796768 24 bytes
born: 16796736 24 bytes
born: 16796704 24 bytes
born: 16796672 24 bytes
born: 16796640 24 bytes
born: 16796608 24 bytes
born: 16796576 24 bytes
born: 16796544 24 bytes
born: 16796512 24 bytes
born: 16796480 24 bytes
born: 16796448 24 bytes
born: 16796416 24 bytes
born: 16796384 24 bytes
born: 16796352 24 bytes
born: 16796320 24 bytes
dead: 16796320
dead: 16796352
dead: 16796864
dead: 16796896
dead: 16789984
dead: 16790016
dead: 16787040
dead: 16768320
born: 16796288 24 bytes
born: 16796256 24 bytes
born: 16796224 24 bytes
born: 16796192 24 bytes
born: 16796160 24 bytes
born: 16796128 24 bytes
born: 16796096 24 bytes
born: 16796064 24 bytes
born: 16796032 24 bytes
dead: 16796032
dead: 16796064
dead: 16796096
dead: 16796128
dead: 16796928
dead: 16797376
dead: 16797408
dead: 16797440
dead: 16790496
dead: 16765440
born: 16796000 24 bytes
born: 16795968 24 bytes
born: 16795936 24 bytes
born: 16795904 24 bytes
born: 16795872 24 bytes
born: 16795840 24 bytes
born: 16795808 24 bytes
born: 16795776 24 bytes
born: 16795744 24 bytes
born: 16795712 24 bytes
born: 16795680 24 bytes
dead: 16795680
dead: 16795712
dead: 16796384
dead: 16796416
dead: 16796448
dead: 16796480
dead: 16790880
dead: 16786272
dead: 16786304
dead: 16786336
dead: 16783168
dead: 16783200
born: 16795648 24 bytes
born: 16795616 24 bytes
born: 16795584 24 bytes
born: 16795552 24 bytes
born: 16795520 24 bytes
born: 16795488 24 bytes
born: 16795456 24 bytes
born: 16795424 24 bytes
born: 16795392 24 bytes
born: 16795360 24 bytes
born: 16795328 24 bytes
born: 16795296 24 bytes
born: 16795264 24 bytes
dead: 16795264
dead: 16795296
dead: 16795328
dead: 16795360
