born: 16965648 24 bytes
dead: 16965648
born: 16965648 24 bytes
born: 16965680 24 bytes
dead: 16965680
dead: 16965648
born: 16965648 24 bytes
born: 16965680 24 bytes
born: 16965712 24 bytes
dead: 16965712
dead: 16965680
dead: 16965648
born: 16965648 24 bytes
born: 16965680 24 bytes
born: 16965712 24 bytes
born: 16965744 24 bytes
dead: 16965744
born: 16965744 24 bytes
born: 16965776 24 bytes
dead: 16965776
dead: 16965712
dead: 16965680
born: 16965680 24 bytes
born: 16965712 24 bytes
born: 16965776 24 bytes
born: 16965808 24 bytes
dead: 16965808
dead: 16965776
born: 16965776 24 bytes
born: 16965808 24 bytes
born: 16965840 24 bytes
dead: 16965840
dead: 16965808
dead: 16965776
born: 16965776 24 bytes
born: 16965808 24 bytes
born: 16965840 24 bytes
born: 16965872 24 bytes
dead: 16965872
dead: 16965840
dead: 16965808
born: 16965808 24 bytes
born: 16965840 24 bytes
born: 16965872 24 bytes
born: 16965904 24 bytes
dead: 16965904
dead: 16965872
dead: 16965840
dead: 16965808
born: 16965808 24 bytes
born: 16965840 24 bytes
born: 16965872 24 bytes
born: 16965904 24 bytes
born: 16965936 24 bytes
dead: 16965936
dead: 16965904
dead: 16965712
dead: 16965648
born: 16965648 24 bytes
born: 16965712 24 bytes
born: 16965904 24 bytes
born: 16965936 24 bytes
born: 16965968 24 bytes
dead: 16965968
dead: 16965936
dead: 16965904
dead: 16965712
dead: 16965648
born: 16965648 24 bytes
born: 16965712 24 bytes
born: 16965904 24 bytes
born: 16965936 24 bytes
born: 16965968 24 bytes
born: 16966000 24 bytes
dead: 16966000
dead: 16965968
dead: 16965936
dead: 16965904
dead: 16965712
dead: 16965648
born: 16965648 24 bytes
born: 16965712 24 bytes
born: 16965904 24 bytes
born: 16965936 24 bytes
born: 16965968 24 bytes
born: 16966000 24 bytes
born: 16966032 24 bytes
dead: 16966032
dead: 16966000
dead: 16965968
dead: 16965936
born: 16965936 24 bytes
born: 16965968 24 bytes
born: 16966000 24 bytes
born: 16966032 24 bytes
born: 16966064 24 bytes
dead: 16966064
dead: 16966032
dead: 16966000
dead: 16965968
dead: 16965936
born: 16965936 24 bytes
born: 16965968 24 bytes
born: 16966000 24 bytes
born: 16966032 24 bytes
born: 16966064 24 bytes
born: 16966096 24 bytes
dead: 16966096
dead: 16966064
dead: 16966032
dead: 16966000
dead: 16965968
dead: 16965936
born: 16965936 24 bytes
born: 16965968 24 bytes
born: 16966000 24 bytes
born: 16966032 24 bytes
born: 16966064 24 bytes
born: 16966096 24 bytes
born: 16966128 24 bytes
dead: 16966128
dead: 16966096
dead: 16965872
dead: 16965840
dead: 16965808
born: 16965808 24 bytes
born: 16965840 24 bytes
born: 16965872 24 bytes
born: 16966096 24 bytes
born: 16966128 24 bytes
born: 16966160 24 bytes
dead: 16966160
dead: 16966128
dead: 16966096
dead: 16965872
dead: 16965840
dead: 16965808
born: 16965808 24 bytes
born: 16965840 24 bytes
born: 16965872 24 bytes
born: 16966096 24 bytes
born: 16966128 24 bytes
born: 16966160 24 bytes
born: 16966192 24 bytes
dead: 16966192
dead: 16966160
dead: 16966128
dead: 16965776
born: 16965776 24 bytes
born: 16966128 24 bytes
born: 16966160 24 bytes
born: 16966192 24 bytes
born: 16966224 24 bytes
dead: 16966224
dead: 16966192
dead: 16966064
dead: 16966032
dead: 16965904
dead: 16965712
born: 16965712 24 bytes
born: 16965904 24 bytes
born: 16966032 24 bytes
born: 16966064 24 bytes
born: 16966192 24 bytes
born: 16966224 24 bytes
born: 16966256 24 bytes
dead: 16966256
dead: 16966224
dead: 16966192
dead: 16965680
born: 16965680 24 bytes
born: 16966192 24 bytes
born: 16966224 24 bytes
born: 16966256 24 bytes
born: 16966288 24 bytes
dead: 16966288
dead: 16966256
dead: 16966224
dead: 16966064
dead: 16966032
dead: 16965904
dead: 16965712
born: 16965712 24 bytes
born: 16965904 24 bytes
born: 16966032 24 bytes
born: 16966064 24 bytes
born: 16966224 24 bytes
born: 16966256 24 bytes
born: 16966288 24 bytes
born: 16966320 24 bytes
dead: 16966320
dead: 16966288
dead: 16966256
dead: 16966224
dead: 16966000
dead: 16965968
dead: 16965936
born: 16965936 24 bytes
born: 16965968 24 bytes
born: 16966000 24 bytes
born: 16966224 24 bytes
born: 16966256 24 bytes
born: 16966288 24 bytes
born: 16966320 24 bytes
born: 16966352 24 bytes
dead: 16966352
dead: 16966320
dead: 16966288
dead: 16966256
dead: 16966224
dead: 16966000
dead: 16965968
born: 16965968 24 bytes
born: 16966000 24 bytes
born: 16966224 24 bytes
born: 16966256 24 bytes
born: 16966288 24 bytes
born: 16966320 24 bytes
born: 16966352 24 bytes
born: 16966384 24 bytes
dead: 16966384
dead: 16966352
dead: 16966320
dead: 16966288
dead: 16966064
dead: 16966032
dead: 16965904
born: 16965904 24 bytes
born: 16966032 24 bytes
born: 16966064 24 bytes
born: 16966288 24 bytes
born: 16966320 24 bytes
born: 16966352 24 bytes
born: 16966384 24 bytes
born: 16966416 24 bytes
dead: 16966416
dead: 16965744
born: 16965744 24 bytes
born: 16966416 24 bytes
born: 16966448 24 bytes
dead: 16966448
dead: 16966416
dead: 16965744
born: 16965744 24 bytes
born: 16966416 24 bytes
born: 16966448 24 bytes
born: 16966480 24 bytes
dead: 16966480
dead: 16966384
dead: 16966160
dead: 16966096
dead: 16965872
born: 16965872 24 bytes
born: 16966096 24 bytes
born: 16966160 24 bytes
born: 16966384 24 bytes
born: 16966480 24 bytes
born: 16966512 24 bytes
dead: 16966512
dead: 16966480
dead: 16966352
dead: 16966320
dead: 16966288
dead: 16966064
dead: 16965648
born: 16965648 24 bytes
born: 16966064 24 bytes
born: 16966288 24 bytes
born: 16966320 24 bytes
born: 16966352 24 bytes
born: 16966480 24 bytes
born: 16966512 24 bytes
born: 16966544 24 bytes
dead: 16966544
dead: 16966512
dead: 16966480
dead: 16966352
dead: 16966320
dead: 16966288
dead: 16966064
dead: 16965648
born: 16965648 24 bytes
born: 16966064 24 bytes
born: 16966288 24 bytes
born: 16966320 24 bytes
born: 16966352 24 bytes
born: 16966480 24 bytes
born: 16966512 24 bytes
born: 16966544 24 bytes
born: 16966576 24 bytes
dead: 16966576
dead: 16966544
dead: 16966512
dead: 16966480
dead: 16966352
dead: 16966320
dead: 16966288
dead: 16966064
dead: 16965648
born: 16965648 24 bytes
born: 16966064 24 bytes
born: 16966288 24 bytes
born: 16966320 24 bytes
born: 16966352 24 bytes
born: 16966480 24 bytes
born: 16966512 24 bytes
born: 16966544 24 bytes
born: 16966576 24 bytes
born: 16966608 24 bytes
dead: 16966608
dead: 16966448
dead: 16966416
dead: 16965744
born: 16965744 24 bytes
born: 16966416 24 bytes
born: 16966448 24 bytes
born: 16966608 24 bytes
born: 16966640 24 bytes
dead: 16966640
dead: 16966576
dead: 16966384
dead: 16966160
dead: 16966096
dead: 16965872
born: 16965872 24 bytes
born: 16966096 24 bytes
born: 16966160 24 bytes
born: 16966384 24 bytes
born: 16966576 24 bytes
born: 16966640 24 bytes
born: 16966672 24 bytes
dead: 16966672
dead: 16966608
dead: 16966448
dead: 16966416
dead: 16965744
born: 16965744 24 bytes
born: 16966416 24 bytes
born: 16966448 24 bytes
born: 16966608 24 bytes
born: 16966672 24 bytes
born: 16966704 24 bytes
dead: 16966704
dead: 16966640
dead: 16966544
dead: 16966512
dead: 16966480
dead: 16966352
dead: 16966032
dead: 16965904
born: 16965904 24 bytes
born: 16966032 24 bytes
born: 16966352 24 bytes
born: 16966480 24 bytes
born: 16966512 24 bytes
born: 16966544 24 bytes
born: 16966640 24 bytes
born: 16966704 24 bytes
born: 16966736 24 bytes
dead: 16966736
dead: 16966704
dead: 16966576
dead: 16966384
dead: 16966160
dead: 16965840
dead: 16965808
born: 16965808 24 bytes
born: 16965840 24 bytes
born: 16966160 24 bytes
born: 16966384 24 bytes
born: 16966576 24 bytes
born: 16966704 24 bytes
born: 16966736 24 bytes
born: 16966768 24 bytes
dead: 16966768
dead: 16966736
dead: 16966640
dead: 16966544
dead: 16966512
dead: 16966480
dead: 16966352
dead: 16966032
born: 16966032 24 bytes
born: 16966352 24 bytes
born: 16966480 24 bytes
born: 16966512 24 bytes
born: 16966544 24 bytes
born: 16966640 24 bytes
born: 16966736 24 bytes
born: 16966768 24 bytes
born: 16966800 24 bytes
dead: 16966800
dead: 16966768
dead: 16966736
dead: 16966640
dead: 16966544
dead: 16966512
dead: 16966480
dead: 16965712
born: 16965712 24 bytes
born: 16966480 24 bytes
born: 16966512 24 bytes
born: 16966544 24 bytes
born: 16966640 24 bytes
born: 16966736 24 bytes
born: 16966768 24 bytes
born: 16966800 24 bytes
born: 16966832 24 bytes
dead: 16966832
dead: 16966672
dead: 16966608
born: 16966608 24 bytes
born: 16966672 24 bytes
born: 16966832 24 bytes
born: 16966864 24 bytes
dead: 16966864
dead: 16966800
dead: 16966768
dead: 16966736
dead: 16966640
born: 16966640 24 bytes
born: 16966736 24 bytes
born: 16966768 24 bytes
born: 16966800 24 bytes
born: 16966864 24 bytes
born: 16966896 24 bytes
dead: 16966896
dead: 16966864
dead: 16966704
dead: 16966576
dead: 16966384
dead: 16966160
dead: 16965840
born: 16965840 24 bytes
born: 16966160 24 bytes
born: 16966384 24 bytes
born: 16966576 24 bytes
born: 16966704 24 bytes
born: 16966864 24 bytes
born: 16966896 24 bytes
born: 16966928 24 bytes
dead: 16966928
dead: 16966832
dead: 16966672
dead: 16966448
dead: 16966416
dead: 16965744
born: 16965744 24 bytes
born: 16966416 24 bytes
born: 16966448 24 bytes
born: 16966672 24 bytes
born: 16966832 24 bytes
born: 16966928 24 bytes
born: 16966960 24 bytes
dead: 16966960
dead: 16966896
dead: 16966864
dead: 16966704
dead: 16966576
dead: 16966384
dead: 16966160
dead: 16965808
born: 16965808 24 bytes
born: 16966160 24 bytes
born: 16966384 24 bytes
born: 16966576 24 bytes
born: 16966704 24 bytes
born: 16966864 24 bytes
born: 16966896 24 bytes
born: 16966960 24 bytes
born: 16966992 24 bytes
dead: 16966992
dead: 16966960
dead: 16966800
dead: 16966768
dead: 16966736
dead: 16966544
dead: 16966512
dead: 16966352
dead: 16966032
born: 16966032 24 bytes
born: 16966352 24 bytes
born: 16966512 24 bytes
born: 16966544 24 bytes
born: 16966736 24 bytes
born: 16966768 24 bytes
born: 16966800 24 bytes
born: 16966960 24 bytes
born: 16966992 24 bytes
born: 16967024 24 bytes
dead: 16967024
dead: 16966928
dead: 16966832
dead: 16966672
dead: 16966448
dead: 16966416
dead: 16965744
born: 16965744 24 bytes
born: 16966416 24 bytes
born: 16966448 24 bytes
born: 16966672 24 bytes
born: 16966832 24 bytes
born: 16966928 24 bytes
born: 16967024 24 bytes
born: 16967056 24 bytes
dead: 16967056
dead: 16966992
dead: 16966960
dead: 16966800
dead: 16966768
dead: 16966736
dead: 16966544
dead: 16966512
dead: 16966352
dead: 16966032
born: 16966032 24 bytes
born: 16966352 24 bytes
born: 16966512 24 bytes
born: 16966544 24 bytes
born: 16966736 24 bytes
born: 16966768 24 bytes
born: 16966800 24 bytes
born: 16966960 24 bytes
born: 16966992 24 bytes
born: 16967056 24 bytes
born: 16967088 24 bytes
dead: 16967088
dead: 16967056
dead: 16966992
dead: 16966960
dead: 16966800
dead: 16966768
dead: 16966320
dead: 16966288
dead: 16966064
dead: 16965648
born: 16965648 24 bytes
born: 16966064 24 bytes
born: 16966288 24 bytes
born: 16966320 24 bytes
born: 16966768 24 bytes
born: 16966800 24 bytes
born: 16966960 24 bytes
born: 16966992 24 bytes
born: 16967056 24 bytes
born: 16967088 24 bytes
born: 16967120 24 bytes
dead: 16967120
dead: 16967088
dead: 16967056
dead: 16966992
dead: 16966256
dead: 16966224
born: 16966224 24 bytes
born: 16966256 24 bytes
born: 16966992 24 bytes
born: 16967056 24 bytes
born: 16967088 24 bytes
born: 16967120 24 bytes
born: 16967152 24 bytes
dead: 16967152
dead: 16967120
dead: 16967088
dead: 16967056
dead: 16966960
dead: 16966800
dead: 16966736
dead: 16966544
dead: 16966512
dead: 16966352
dead: 16966032
born: 16966032 24 bytes
born: 16966352 24 bytes
born: 16966512 24 bytes
born: 16966544 24 bytes
born: 16966736 24 bytes
born: 16966800 24 bytes
born: 16966960 24 bytes
born: 16967056 24 bytes
born: 16967088 24 bytes
born: 16967120 24 bytes
born: 16967152 24 bytes
born: 16967184 24 bytes
dead: 16967184
dead: 16967152
dead: 16967120
dead: 16966192
dead: 16965680
born: 16965680 24 bytes
born: 16966192 24 bytes
born: 16967120 24 bytes
born: 16967152 24 bytes
born: 16967184 24 bytes
born: 16967216 24 bytes
dead: 16967216
dead: 16967184
dead: 16967152
dead: 16967088
dead: 16967056
dead: 16966640
born: 16966640 24 bytes
born: 16967056 24 bytes
born: 16967088 24 bytes
born: 16967152 24 bytes
born: 16967184 24 bytes
born: 16967216 24 bytes
born: 16967248 24 bytes
dead: 16967248
dead: 16967216
dead: 16967184
dead: 16967152
dead: 16967088
dead: 16966960
dead: 16966768
dead: 16966320
dead: 16966288
born: 16966288 24 bytes
born: 16966320 24 bytes
born: 16966768 24 bytes
born: 16966960 24 bytes
born: 16967088 24 bytes
born: 16967152 24 bytes
born: 16967184 24 bytes
born: 16967216 24 bytes
born: 16967248 24 bytes
born: 16967280 24 bytes
dead: 16967280
dead: 16967248
dead: 16967216
dead: 16967184
dead: 16966992
dead: 16966256
dead: 16966000
dead: 16965936
born: 16965936 24 bytes
born: 16966000 24 bytes
born: 16966256 24 bytes
born: 16966992 24 bytes
born: 16967184 24 bytes
born: 16967216 24 bytes
born: 16967248 24 bytes
born: 16967280 24 bytes
born: 16967312 24 bytes
dead: 16967312
dead: 16967280
dead: 16967248
dead: 16967120
dead: 16966192
born: 16966192 24 bytes
born: 16967120 24 bytes
born: 16967248 24 bytes
born: 16967280 24 bytes
born: 16967312 24 bytes
born: 16967344 24 bytes
dead: 16967344
dead: 16967312
dead: 16967280
dead: 16967248
dead: 16967120
dead: 16965680
born: 16965680 24 bytes
born: 16967120 24 bytes
born: 16967248 24 bytes
born: 16967280 24 bytes
born: 16967312 24 bytes
born: 16967344 24 bytes
born: 16967376 24 bytes
dead: 16967376
dead: 16967344
dead: 16967312
dead: 16967216
dead: 16967152
dead: 16967056
dead: 16966640
born: 16966640 24 bytes
born: 16967056 24 bytes
born: 16967152 24 bytes
born: 16967216 24 bytes
born: 16967312 24 bytes
born: 16967344 24 bytes
born: 16967376 24 bytes
born: 16967408 24 bytes
dead: 16967408
dead: 16967376
dead: 16966896
dead: 16966864
dead: 16966704
dead: 16966576
dead: 16966384
dead: 16965840
born: 16965840 24 bytes
born: 16966384 24 bytes
born: 16966576 24 bytes
born: 16966704 24 bytes
born: 16966864 24 bytes
born: 16966896 24 bytes
born: 16967376 24 bytes
born: 16967408 24 bytes
born: 16967440 24 bytes
dead: 16967440
dead: 16967408
dead: 16967344
dead: 16967312
dead: 16967184
dead: 16966992
dead: 16966224
born: 16966224 24 bytes
born: 16966992 24 bytes
born: 16967184 24 bytes
born: 16967312 24 bytes
born: 16967344 24 bytes
born: 16967408 24 bytes
born: 16967440 24 bytes
born: 16967472 24 bytes
dead: 16967472
dead: 16967440
dead: 16967408
dead: 16967344
dead: 16967216
dead: 16967152
born: 16967152 24 bytes
born: 16967216 24 bytes
born: 16967344 24 bytes
born: 16967408 24 bytes
born: 16967440 24 bytes
born: 16967472 24 bytes
born: 16967504 24 bytes
dead: 16967504
dead: 16967472
dead: 16967440
dead: 16967408
dead: 16967344
dead: 16967216
dead: 16967152
born: 16967152 24 bytes
born: 16967216 24 bytes
born: 16967344 24 bytes
born: 16967408 24 bytes
born: 16967440 24 bytes
born: 16967472 24 bytes
born: 16967504 24 bytes
born: 16967536 24 bytes
dead: 16967536
dead: 16967504
dead: 16967472
dead: 16967440
dead: 16967408
dead: 16967088
dead: 16966800
dead: 16966736
dead: 16965904
born: 16965904 24 bytes
born: 16966736 24 bytes
born: 16966800 24 bytes
born: 16967088 24 bytes
born: 16967408 24 bytes
born: 16967440 24 bytes
born: 16967472 24 bytes
born: 16967504 24 bytes
born: 16967536 24 bytes
born: 16967568 24 bytes
dead: 16967568
dead: 16967536
dead: 16967504
dead: 16967472
dead: 16967440
dead: 16967408
dead: 16967088
dead: 16966800
dead: 16966544
dead: 16966512
dead: 16966352
dead: 16966032
born: 16966032 24 bytes
born: 16966352 24 bytes
born: 16966512 24 bytes
born: 16966544 24 bytes
born: 16966800 24 bytes
born: 16967088 24 bytes
born: 16967408 24 bytes
born: 16967440 24 bytes
born: 16967472 24 bytes
born: 16967504 24 bytes
born: 16967536 24 bytes
born: 16967568 24 bytes
born: 16967600 24 bytes
dead: 16967600
dead: 16967568
dead: 16967536
dead: 16967504
dead: 16967472
dead: 16967344
dead: 16967056
dead: 16966640
born: 16966640 24 bytes
born: 16967056 24 bytes
born: 16967344 24 bytes
born: 16967472 24 bytes
born: 16967504 24 bytes
born: 16967536 24 bytes
born: 16967568 24 bytes
born: 16967600 24 bytes
born: 16967632 24 bytes
dead: 16967632
dead: 16967600
dead: 16967568
dead: 16967536
dead: 16967504
dead: 16967440
dead: 16966960
dead: 16966768
dead: 16966320
dead: 16966288
born: 16966288 24 bytes
born: 16966320 24 bytes
born: 16966768 24 bytes
born: 16966960 24 bytes
born: 16967440 24 bytes
born: 16967504 24 bytes
born: 16967536 24 bytes
born: 16967568 24 bytes
born: 16967600 24 bytes
born: 16967632 24 bytes
born: 16967664 24 bytes
dead: 16967664
dead: 16967632
dead: 16967600
dead: 16967280
dead: 16967248
dead: 16967120
born: 16967120 24 bytes
born: 16967248 24 bytes
born: 16967280 24 bytes
born: 16967600 24 bytes
born: 16967632 24 bytes
born: 16967664 24 bytes
born: 16967696 24 bytes
dead: 16967696
dead: 16967664
dead: 16967632
dead: 16967568
dead: 16967536
dead: 16967472
dead: 16967344
dead: 16967056
dead: 16966640
born: 16966640 24 bytes
born: 16967056 24 bytes
born: 16967344 24 bytes
born: 16967472 24 bytes
born: 16967536 24 bytes
born: 16967568 24 bytes
born: 16967632 24 bytes
born: 16967664 24 bytes
born: 16967696 24 bytes
born: 16967728 24 bytes
dead: 16967728
dead: 16967696
dead: 16967376
dead: 16966896
dead: 16966864
dead: 16966096
born: 16966096 24 bytes
born: 16966864 24 bytes
born: 16966896 24 bytes
born: 16967376 24 bytes
born: 16967696 24 bytes
born: 16967728 24 bytes
born: 16967760 24 bytes
dead: 16967760
dead: 16967728
dead: 16967696
dead: 16967376
born: 16967376 24 bytes
born: 16967696 24 bytes
born: 16967728 24 bytes
born: 16967760 24 bytes
born: 16967792 24 bytes
dead: 16967792
dead: 16967760
dead: 16967728
dead: 16967696
dead: 16966896
dead: 16966864
dead: 16966096
born: 16966096 24 bytes
born: 16966864 24 bytes
born: 16966896 24 bytes
born: 16967696 24 bytes
born: 16967728 24 bytes
born: 16967760 24 bytes
born: 16967792 24 bytes
born: 16967824 24 bytes
dead: 16967824
dead: 16967792
dead: 16967760
dead: 16967728
dead: 16967376
born: 16967376 24 bytes
born: 16967728 24 bytes
born: 16967760 24 bytes
born: 16967792 24 bytes
born: 16967824 24 bytes
born: 16967856 24 bytes
dead: 16967856
dead: 16967824
dead: 16967792
dead: 16967760
dead: 16967696
dead: 16966704
dead: 16966576
dead: 16966384
dead: 16965840
born: 16965840 24 bytes
born: 16966384 24 bytes
born: 16966576 24 bytes
born: 16966704 24 bytes
born: 16967696 24 bytes
born: 16967760 24 bytes
born: 16967792 24 bytes
born: 16967824 24 bytes
born: 16967856 24 bytes
born: 16967888 24 bytes
dead: 16967888
dead: 16967856
dead: 16967824
dead: 16967792
dead: 16967760
dead: 16967696
born: 16967696 24 bytes
born: 16967760 24 bytes
born: 16967792 24 bytes
born: 16967824 24 bytes
born: 16967856 24 bytes
born: 16967888 24 bytes
born: 16967920 24 bytes
dead: 16967920
dead: 16967888
dead: 16967856
dead: 16967824
dead: 16967792
dead: 16967760
dead: 16967696
born: 16967696 24 bytes
born: 16967760 24 bytes
born: 16967792 24 bytes
born: 16967824 24 bytes
born: 16967856 24 bytes
born: 16967888 24 bytes
born: 16967920 24 bytes
born: 16967952 24 bytes
dead: 16967952
dead: 16967920
dead: 16967664
dead: 16967600
dead: 16967280
dead: 16967248
dead: 16967120
born: 16967120 24 bytes
born: 16967248 24 bytes
born: 16967280 24 bytes
born: 16967600 24 bytes
born: 16967664 24 bytes
born: 16967920 24 bytes
born: 16967952 24 bytes
born: 16967984 24 bytes
dead: 16967984
dead: 16967952
dead: 16967920
dead: 16967632
dead: 16967568
dead: 16967536
dead: 16967472
dead: 16967344
born: 16967344 24 bytes
born: 16967472 24 bytes
born: 16967536 24 bytes
born: 16967568 24 bytes
born: 16967632 24 bytes
born: 16967920 24 bytes
born: 16967952 24 bytes
born: 16967984 24 bytes
born: 16968016 24 bytes
dead: 16968016
dead: 16967984
dead: 16967952
dead: 16967920
dead: 16967632
dead: 16967568
dead: 16967536
dead: 16967472
dead: 16967344
born: 16967344 24 bytes
born: 16967472 24 bytes
born: 16967536 24 bytes
born: 16967568 24 bytes
born: 16967632 24 bytes
born: 16967920 24 bytes
born: 16967952 24 bytes
born: 16967984 24 bytes
born: 16968016 24 bytes
born: 16968048 24 bytes
dead: 16968048
dead: 16968016
dead: 16967888
dead: 16966128
dead: 16965776
born: 16965776 24 bytes
born: 16966128 24 bytes
born: 16967888 24 bytes
born: 16968016 24 bytes
born: 16968048 24 bytes
born: 16968080 24 bytes
dead: 16968080
dead: 16968048
dead: 16968016
dead: 16967856
dead: 16967824
dead: 16966896
dead: 16966864
dead: 16966096
born: 16966096 24 bytes
born: 16966864 24 bytes
born: 16966896 24 bytes
born: 16967824 24 bytes
born: 16967856 24 bytes
born: 16968016 24 bytes
born: 16968048 24 bytes
born: 16968080 24 bytes
born: 16968112 24 bytes
dead: 16968112
dead: 16968080
dead: 16967984
dead: 16967952
dead: 16967920
dead: 16967504
dead: 16967408
dead: 16967088
dead: 16966800
dead: 16966544
dead: 16966512
born: 16966512 24 bytes
born: 16966544 24 bytes
born: 16966800 24 bytes
born: 16967088 24 bytes
born: 16967408 24 bytes
born: 16967504 24 bytes
born: 16967920 24 bytes
born: 16967952 24 bytes
born: 16967984 24 bytes
born: 16968080 24 bytes
born: 16968112 24 bytes
born: 16968144 24 bytes
dead: 16968144
dead: 16968112
dead: 16968048
dead: 16968016
dead: 16967856
dead: 16967792
dead: 16967760
dead: 16967696
born: 16967696 24 bytes
born: 16967760 24 bytes
born: 16967792 24 bytes
born: 16967856 24 bytes
born: 16968016 24 bytes
born: 16968048 24 bytes
born: 16968112 24 bytes
born: 16968144 24 bytes
born: 16968176 24 bytes
dead: 16968176
dead: 16968144
dead: 16968080
dead: 16967984
dead: 16967952
dead: 16967632
dead: 16967568
dead: 16967536
dead: 16967472
dead: 16967344
born: 16967344 24 bytes
born: 16967472 24 bytes
born: 16967536 24 bytes
born: 16967568 24 bytes
born: 16967632 24 bytes
born: 16967952 24 bytes
born: 16967984 24 bytes
born: 16968080 24 bytes
born: 16968144 24 bytes
born: 16968176 24 bytes
born: 16968208 24 bytes
dead: 16968208
dead: 16968176
dead: 16968144
dead: 16968080
dead: 16967984
dead: 16967952
dead: 16967216
born: 16967216 24 bytes
born: 16967952 24 bytes
born: 16967984 24 bytes
born: 16968080 24 bytes
born: 16968144 24 bytes
born: 16968176 24 bytes
born: 16968208 24 bytes
born: 16968240 24 bytes
dead: 16968240
dead: 16967024
dead: 16966928
dead: 16966608
born: 16966608 24 bytes
born: 16966928 24 bytes
born: 16967024 24 bytes
born: 16968240 24 bytes
born: 16968272 24 bytes
dead: 16968272
dead: 16968208
dead: 16968176
dead: 16968144
dead: 16967312
dead: 16967184
dead: 16966256
dead: 16965968
born: 16965968 24 bytes
born: 16966256 24 bytes
born: 16967184 24 bytes
born: 16967312 24 bytes
born: 16968144 24 bytes
born: 16968176 24 bytes
born: 16968208 24 bytes
born: 16968272 24 bytes
born: 16968304 24 bytes
dead: 16968304
dead: 16968272
dead: 16968208
dead: 16968176
dead: 16968080
dead: 16967920
dead: 16967504
dead: 16967408
dead: 16967088
dead: 16966800
dead: 16966544
dead: 16966352
born: 16966352 24 bytes
born: 16966544 24 bytes
born: 16966800 24 bytes
born: 16967088 24 bytes
born: 16967408 24 bytes
born: 16967504 24 bytes
born: 16967920 24 bytes
born: 16968080 24 bytes
born: 16968176 24 bytes
born: 16968208 24 bytes
born: 16968272 24 bytes
born: 16968304 24 bytes
born: 16968336 24 bytes
dead: 16968336
dead: 16968304
dead: 16968272
dead: 16968208
dead: 16968144
dead: 16967312
dead: 16967184
dead: 16966000
dead: 16965936
born: 16965936 24 bytes
born: 16966000 24 bytes
born: 16967184 24 bytes
born: 16967312 24 bytes
born: 16968144 24 bytes
born: 16968208 24 bytes
born: 16968272 24 bytes
born: 16968304 24 bytes
born: 16968336 24 bytes
born: 16968368 24 bytes
dead: 16968368
dead: 16968336
dead: 16968112
dead: 16968048
dead: 16968016
dead: 16967856
dead: 16967792
dead: 16967760
born: 16967760 24 bytes
born: 16967792 24 bytes
born: 16967856 24 bytes
born: 16968016 24 bytes
born: 16968048 24 bytes
born: 16968112 24 bytes
born: 16968336 24 bytes
born: 16968368 24 bytes
born: 16968400 24 bytes
dead: 16968400
dead: 16968368
dead: 16968304
dead: 16968272
dead: 16968176
dead: 16967984
dead: 16967632
dead: 16967568
dead: 16967536
born: 16967536 24 bytes
born: 16967568 24 bytes
born: 16967632 24 bytes
born: 16967984 24 bytes
born: 16968176 24 bytes
born: 16968272 24 bytes
born: 16968304 24 bytes
born: 16968368 24 bytes
born: 16968400 24 bytes
born: 16968432 24 bytes
dead: 16968432
dead: 16968240
dead: 16967024
dead: 16966832
dead: 16966672
dead: 16966448
dead: 16966416
born: 16966416 24 bytes
born: 16966448 24 bytes
born: 16966672 24 bytes
born: 16966832 24 bytes
born: 16967024 24 bytes
born: 16968240 24 bytes
born: 16968432 24 bytes
born: 16968464 24 bytes
dead: 16968464
dead: 16968400
dead: 16968336
dead: 16968112
dead: 16968048
dead: 16968016
dead: 16967856
dead: 16967792
dead: 16967696
born: 16967696 24 bytes
born: 16967792 24 bytes
born: 16967856 24 bytes
born: 16968016 24 bytes
born: 16968048 24 bytes
born: 16968112 24 bytes
born: 16968336 24 bytes
born: 16968400 24 bytes
born: 16968464 24 bytes
born: 16968496 24 bytes
dead: 16968496
dead: 16968464
dead: 16968400
dead: 16968336
dead: 16968112
dead: 16968048
dead: 16966704
dead: 16966576
dead: 16966384
born: 16966384 24 bytes
born: 16966576 24 bytes
born: 16966704 24 bytes
born: 16968048 24 bytes
born: 16968112 24 bytes
born: 16968336 24 bytes
born: 16968400 24 bytes
born: 16968464 24 bytes
born: 16968496 24 bytes
born: 16968528 24 bytes
dead: 16968528
dead: 16968432
dead: 16968240
dead: 16967024
born: 16967024 24 bytes
born: 16968240 24 bytes
born: 16968432 24 bytes
born: 16968528 24 bytes
born: 16968560 24 bytes
dead: 16968560
dead: 16968528
dead: 16968432
dead: 16968240
dead: 16967024
born: 16967024 24 bytes
born: 16968240 24 bytes
born: 16968432 24 bytes
born: 16968528 24 bytes
born: 16968560 24 bytes
born: 16968592 24 bytes
dead: 16968592
dead: 16968496
dead: 16968464
dead: 16967888
dead: 16966128
dead: 16965776
born: 16965776 24 bytes
born: 16966128 24 bytes
born: 16967888 24 bytes
born: 16968464 24 bytes
born: 16968496 24 bytes
born: 16968592 24 bytes
born: 16968624 24 bytes
dead: 16968624
dead: 16968592
dead: 16968496
dead: 16968400
dead: 16967728
dead: 16967376
born: 16967376 24 bytes
born: 16967728 24 bytes
born: 16968400 24 bytes
born: 16968496 24 bytes
born: 16968592 24 bytes
born: 16968624 24 bytes
born: 16968656 24 bytes
dead: 16968656
dead: 16968624
dead: 16968592
dead: 16968496
dead: 16968336
dead: 16968112
dead: 16968048
dead: 16966160
born: 16966160 24 bytes
born: 16968048 24 bytes
born: 16968112 24 bytes
born: 16968336 24 bytes
born: 16968496 24 bytes
born: 16968592 24 bytes
born: 16968624 24 bytes
born: 16968656 24 bytes
born: 16968688 24 bytes
dead: 16968688
dead: 16968656
dead: 16968368
dead: 16967664
dead: 16967600
dead: 16966192
born: 16966192 24 bytes
born: 16967600 24 bytes
born: 16967664 24 bytes
born: 16968368 24 bytes
born: 16968656 24 bytes
born: 16968688 24 bytes
born: 16968720 24 bytes
dead: 16968720
dead: 16968688
dead: 16968624
dead: 16968592
dead: 16968496
dead: 16968336
dead: 16968016
dead: 16967856
dead: 16967760
born: 16967760 24 bytes
born: 16967856 24 bytes
born: 16968016 24 bytes
born: 16968336 24 bytes
born: 16968496 24 bytes
born: 16968592 24 bytes
born: 16968624 24 bytes
born: 16968688 24 bytes
born: 16968720 24 bytes
born: 16968752 24 bytes
dead: 16968752
dead: 16968560
dead: 16968528
dead: 16966928
dead: 16966608
born: 16966608 24 bytes
born: 16966928 24 bytes
born: 16968528 24 bytes
born: 16968560 24 bytes
born: 16968752 24 bytes
born: 16968784 24 bytes
dead: 16968784
dead: 16968752
dead: 16968560
dead: 16968528
dead: 16966928
dead: 16966608
born: 16966608 24 bytes
born: 16966928 24 bytes
born: 16968528 24 bytes
born: 16968560 24 bytes
born: 16968752 24 bytes
born: 16968784 24 bytes
born: 16968816 24 bytes
dead: 16968816
dead: 16968784
dead: 16968752
dead: 16968432
dead: 16966832
dead: 16966672
dead: 16966448
dead: 16966416
born: 16966416 24 bytes
born: 16966448 24 bytes
born: 16966672 24 bytes
born: 16966832 24 bytes
born: 16968432 24 bytes
born: 16968752 24 bytes
born: 16968784 24 bytes
born: 16968816 24 bytes
born: 16968848 24 bytes
dead: 16968848
dead: 16968720
dead: 16968656
dead: 16968304
dead: 16968272
dead: 16968080
dead: 16967920
dead: 16967504
dead: 16966736
dead: 16965904
born: 16965904 24 bytes
born: 16966736 24 bytes
born: 16967504 24 bytes
born: 16967920 24 bytes
born: 16968080 24 bytes
born: 16968272 24 bytes
born: 16968304 24 bytes
born: 16968656 24 bytes
born: 16968720 24 bytes
born: 16968848 24 bytes
born: 16968880 24 bytes
dead: 16968880
dead: 16968848
dead: 16968720
dead: 16968656
dead: 16968304
dead: 16968176
dead: 16967952
dead: 16967152
born: 16967152 24 bytes
born: 16967952 24 bytes
born: 16968176 24 bytes
born: 16968304 24 bytes
born: 16968656 24 bytes
born: 16968720 24 bytes
born: 16968848 24 bytes
born: 16968880 24 bytes
born: 16968912 24 bytes
dead: 16968912
dead: 16968880
dead: 16968848
dead: 16968720
dead: 16968656
dead: 16968272
dead: 16967440
dead: 16966960
dead: 16966768
dead: 16966320
born: 16966320 24 bytes
born: 16966768 24 bytes
born: 16966960 24 bytes
born: 16967440 24 bytes
born: 16968272 24 bytes
born: 16968656 24 bytes
born: 16968720 24 bytes
born: 16968848 24 bytes
born: 16968880 24 bytes
born: 16968912 24 bytes
born: 16968944 24 bytes
dead: 16968944
dead: 16968912
dead: 16968880
dead: 16968848
dead: 16968720
dead: 16968656
dead: 16968272
dead: 16967440
dead: 16966960
dead: 16966064
dead: 16965648
born: 16965648 24 bytes
born: 16966064 24 bytes
born: 16966960 24 bytes
born: 16967440 24 bytes
born: 16968272 24 bytes
born: 16968656 24 bytes
born: 16968720 24 bytes
born: 16968848 24 bytes
born: 16968880 24 bytes
born: 16968912 24 bytes
born: 16968944 24 bytes
born: 16968976 24 bytes
dead: 16968976
dead: 16968944
dead: 16968688
dead: 16968624
dead: 16968592
dead: 16968496
dead: 16968336
dead: 16968016
dead: 16967856
dead: 16967760
born: 16967760 24 bytes
born: 16967856 24 bytes
born: 16968016 24 bytes
born: 16968336 24 bytes
born: 16968496 24 bytes
born: 16968592 24 bytes
born: 16968624 24 bytes
born: 16968688 24 bytes
born: 16968944 24 bytes
born: 16968976 24 bytes
born: 16969008 24 bytes
dead: 16969008
dead: 16968976
dead: 16968912
dead: 16968368
born: 16968368 24 bytes
born: 16968912 24 bytes
born: 16968976 24 bytes
born: 16969008 24 bytes
born: 16969040 24 bytes
dead: 16969040
dead: 16969008
dead: 16968976
dead: 16968880
dead: 16968848
dead: 16968720
dead: 16968080
dead: 16967920
dead: 16967408
dead: 16967088
dead: 16966800
dead: 16966544
dead: 16966352
born: 16966352 24 bytes
born: 16966544 24 bytes
born: 16966800 24 bytes
born: 16967088 24 bytes
born: 16967408 24 bytes
born: 16967920 24 bytes
born: 16968080 24 bytes
born: 16968720 24 bytes
born: 16968848 24 bytes
born: 16968880 24 bytes
born: 16968976 24 bytes
born: 16969008 24 bytes
born: 16969040 24 bytes
born: 16969072 24 bytes
dead: 16969072
dead: 16969040
dead: 16968944
dead: 16968688
dead: 16968624
dead: 16968592
dead: 16968112
dead: 16968048
dead: 16966160
born: 16966160 24 bytes
born: 16968048 24 bytes
born: 16968112 24 bytes
born: 16968592 24 bytes
born: 16968624 24 bytes
born: 16968688 24 bytes
born: 16968944 24 bytes
born: 16969040 24 bytes
born: 16969072 24 bytes
born: 16969104 24 bytes
dead: 16969104
dead: 16969072
dead: 16969040
dead: 16968944
dead: 16968688
dead: 16967824
dead: 16966896
dead: 16966864
dead: 16966096
born: 16966096 24 bytes
born: 16966864 24 bytes
born: 16966896 24 bytes
born: 16967824 24 bytes
born: 16968688 24 bytes
born: 16968944 24 bytes
born: 16969040 24 bytes
born: 16969072 24 bytes
born: 16969104 24 bytes
born: 16969136 24 bytes
dead: 16969136
dead: 16969104
dead: 16969008
dead: 16968976
dead: 16968880
dead: 16968304
dead: 16967984
dead: 16967632
dead: 16967568
dead: 16967536
born: 16967536 24 bytes
born: 16967568 24 bytes
born: 16967632 24 bytes
born: 16967984 24 bytes
born: 16968304 24 bytes
born: 16968880 24 bytes
born: 16968976 24 bytes
born: 16969008 24 bytes
born: 16969104 24 bytes
born: 16969136 24 bytes
born: 16969168 24 bytes
dead: 16969168
dead: 16969136
dead: 16969104
dead: 16969008
dead: 16968976
dead: 16968848
dead: 16968720
dead: 16966480
dead: 16965712
born: 16965712 24 bytes
born: 16966480 24 bytes
born: 16968720 24 bytes
born: 16968848 24 bytes
born: 16968976 24 bytes
born: 16969008 24 bytes
born: 16969104 24 bytes
born: 16969136 24 bytes
born: 16969168 24 bytes
born: 16969200 24 bytes
dead: 16969200
dead: 16969168
dead: 16969136
dead: 16968912
dead: 16968368
born: 16968368 24 bytes
born: 16968912 24 bytes
born: 16969136 24 bytes
born: 16969168 24 bytes
born: 16969200 24 bytes
born: 16969232 24 bytes
dead: 16969232
dead: 16969200
dead: 16969168
dead: 16969104
dead: 16969008
dead: 16968880
dead: 16968304
dead: 16967984
dead: 16967632
dead: 16967472
born: 16967472 24 bytes
born: 16967632 24 bytes
born: 16967984 24 bytes
born: 16968304 24 bytes
born: 16968880 24 bytes
born: 16969008 24 bytes
born: 16969104 24 bytes
born: 16969168 24 bytes
born: 16969200 24 bytes
born: 16969232 24 bytes
born: 16969264 24 bytes
dead: 16969264
dead: 16968816
dead: 16968784
dead: 16968560
dead: 16968528
born: 16968528 24 bytes
born: 16968560 24 bytes
born: 16968784 24 bytes
born: 16968816 24 bytes
born: 16969264 24 bytes
born: 16969296 24 bytes
dead: 16969296
dead: 16969232
dead: 16969200
dead: 16969168
dead: 16969104
dead: 16968976
dead: 16968848
dead: 16968080
dead: 16967504
dead: 16966736
dead: 16965904
born: 16965904 24 bytes
born: 16966736 24 bytes
born: 16967504 24 bytes
born: 16968080 24 bytes
born: 16968848 24 bytes
born: 16968976 24 bytes
born: 16969104 24 bytes
born: 16969168 24 bytes
born: 16969200 24 bytes
born: 16969232 24 bytes
born: 16969296 24 bytes
born: 16969328 24 bytes
dead: 16969328
dead: 16969296
dead: 16969232
dead: 16969200
dead: 16969168
dead: 16969104
dead: 16968656
dead: 16968272
dead: 16967440
dead: 16966960
dead: 16966064
dead: 16965648
born: 16965648 24 bytes
born: 16966064 24 bytes
born: 16966960 24 bytes
born: 16967440 24 bytes
born: 16968272 24 bytes
born: 16968656 24 bytes
born: 16969104 24 bytes
born: 16969168 24 bytes
born: 16969200 24 bytes
born: 16969232 24 bytes
born: 16969296 24 bytes
born: 16969328 24 bytes
born: 16969360 24 bytes
dead: 16969360
dead: 16969328
dead: 16969072
dead: 16969040
dead: 16968944
dead: 16968688
dead: 16965872
born: 16965872 24 bytes
born: 16968688 24 bytes
born: 16968944 24 bytes
born: 16969040 24 bytes
born: 16969072 24 bytes
born: 16969328 24 bytes
born: 16969360 24 bytes
born: 16969392 24 bytes
dead: 16969392
dead: 16969360
dead: 16969328
dead: 16969072
dead: 16969040
dead: 16968944
dead: 16967824
born: 16967824 24 bytes
born: 16968944 24 bytes
born: 16969040 24 bytes
born: 16969072 24 bytes
born: 16969328 24 bytes
born: 16969360 24 bytes
born: 16969392 24 bytes
born: 16969424 24 bytes
dead: 16969424
dead: 16969392
dead: 16969296
dead: 16969232
dead: 16968208
dead: 16968144
dead: 16967312
dead: 16967184
dead: 16966000
born: 16966000 24 bytes
born: 16967184 24 bytes
born: 16967312 24 bytes
born: 16968144 24 bytes
born: 16968208 24 bytes
born: 16969232 24 bytes
born: 16969296 24 bytes
born: 16969392 24 bytes
born: 16969424 24 bytes
born: 16969456 24 bytes
dead: 16969456
dead: 16969424
dead: 16969360
dead: 16969328
dead: 16969072
dead: 16969040
dead: 16968944
dead: 16966896
dead: 16966864
born: 16966864 24 bytes
born: 16966896 24 bytes
born: 16968944 24 bytes
born: 16969040 24 bytes
born: 16969072 24 bytes
born: 16969328 24 bytes
born: 16969360 24 bytes
born: 16969424 24 bytes
born: 16969456 24 bytes
born: 16969488 24 bytes
dead: 16969488
dead: 16969456
dead: 16969392
dead: 16969136
dead: 16967664
dead: 16967600
dead: 16966192
born: 16966192 24 bytes
born: 16967600 24 bytes
born: 16967664 24 bytes
born: 16969136 24 bytes
born: 16969392 24 bytes
born: 16969456 24 bytes
born: 16969488 24 bytes
born: 16969520 24 bytes
dead: 16969520
dead: 16969488
dead: 16969456
dead: 16969296
dead: 16969200
dead: 16969168
dead: 16969104
dead: 16968656
dead: 16968272
dead: 16967440
born: 16967440 24 bytes
born: 16968272 24 bytes
born: 16968656 24 bytes
born: 16969104 24 bytes
born: 16969168 24 bytes
born: 16969200 24 bytes
born: 16969296 24 bytes
born: 16969456 24 bytes
born: 16969488 24 bytes
born: 16969520 24 bytes
born: 16969552 24 bytes
dead: 16969552
dead: 16969264
dead: 16968816
dead: 16968752
dead: 16968432
dead: 16966832
born: 16966832 24 bytes
born: 16968432 24 bytes
born: 16968752 24 bytes
born: 16968816 24 bytes
born: 16969264 24 bytes
born: 16969552 24 bytes
born: 16969584 24 bytes
dead: 16969584
dead: 16969520
dead: 16969488
dead: 16969392
dead: 16969136
dead: 16967664
born: 16967664 24 bytes
born: 16969136 24 bytes
born: 16969392 24 bytes
born: 16969488 24 bytes
born: 16969520 24 bytes
born: 16969584 24 bytes
born: 16969616 24 bytes
dead: 16969616
dead: 16969584
dead: 16969424
dead: 16969360
dead: 16969328
dead: 16969072
dead: 16968688
dead: 16965872
born: 16965872 24 bytes
born: 16968688 24 bytes
born: 16969072 24 bytes
born: 16969328 24 bytes
born: 16969360 24 bytes
born: 16969424 24 bytes
born: 16969584 24 bytes
born: 16969616 24 bytes
born: 16969648 24 bytes
dead: 16969648
dead: 16969616
dead: 16969520
dead: 16969456
dead: 16969296
dead: 16969008
dead: 16968880
dead: 16968304
dead: 16967984
dead: 16967568
dead: 16967536
born: 16967536 24 bytes
born: 16967568 24 bytes
born: 16967984 24 bytes
born: 16968304 24 bytes
born: 16968880 24 bytes
born: 16969008 24 bytes
born: 16969296 24 bytes
born: 16969456 24 bytes
born: 16969520 24 bytes
born: 16969616 24 bytes
born: 16969648 24 bytes
born: 16969680 24 bytes
dead: 16969680
dead: 16969648
dead: 16969584
dead: 16968464
dead: 16967888
dead: 16966128
dead: 16965776
born: 16965776 24 bytes
born: 16966128 24 bytes
born: 16967888 24 bytes
born: 16968464 24 bytes
born: 16969584 24 bytes
born: 16969648 24 bytes
born: 16969680 24 bytes
born: 16969712 24 bytes
dead: 16969712
dead: 16969680
dead: 16969616
dead: 16969488
dead: 16969392
dead: 16967280
dead: 16965680
born: 16965680 24 bytes
born: 16967280 24 bytes
born: 16969392 24 bytes
born: 16969488 24 bytes
born: 16969616 24 bytes
born: 16969680 24 bytes
born: 16969712 24 bytes
born: 16969744 24 bytes
dead: 16969744
dead: 16969712
dead: 16969680
dead: 16969520
dead: 16969456
dead: 16969296
dead: 16968176
dead: 16967952
dead: 16967152
born: 16967152 24 bytes
born: 16967952 24 bytes
born: 16968176 24 bytes
born: 16969296 24 bytes
born: 16969456 24 bytes
born: 16969520 24 bytes
born: 16969680 24 bytes
born: 16969712 24 bytes
born: 16969744 24 bytes
born: 16969776 24 bytes
dead: 16969776
dead: 16969744
dead: 16969712
dead: 16969616
dead: 16969488
dead: 16969392
dead: 16967280
born: 16967280 24 bytes
born: 16969392 24 bytes
born: 16969488 24 bytes
born: 16969616 24 bytes
born: 16969712 24 bytes
born: 16969744 24 bytes
born: 16969776 24 bytes
born: 16969808 24 bytes
dead: 16969808
dead: 16969776
dead: 16969744
dead: 16969680
dead: 16969232
dead: 16968208
dead: 16968144
dead: 16967312
dead: 16967184
dead: 16966000
born: 16966000 24 bytes
born: 16967184 24 bytes
born: 16967312 24 bytes
born: 16968144 24 bytes
born: 16968208 24 bytes
born: 16969232 24 bytes
born: 16969680 24 bytes
born: 16969744 24 bytes
born: 16969776 24 bytes
born: 16969808 24 bytes
born: 16969840 24 bytes
dead: 16969840
dead: 16969808
dead: 16969776
dead: 16969712
dead: 16968912
dead: 16968368
born: 16968368 24 bytes
born: 16968912 24 bytes
born: 16969712 24 bytes
born: 16969776 24 bytes
born: 16969808 24 bytes
born: 16969840 24 bytes
born: 16969872 24 bytes
dead: 16969872
dead: 16969840
dead: 16969648
dead: 16969424
dead: 16969360
dead: 16968624
dead: 16968496
dead: 16968336
dead: 16968016
dead: 16967856
dead: 16967760
born: 16967760 24 bytes
born: 16967856 24 bytes
born: 16968016 24 bytes
born: 16968336 24 bytes
born: 16968496 24 bytes
born: 16968624 24 bytes
born: 16969360 24 bytes
born: 16969424 24 bytes
born: 16969648 24 bytes
born: 16969840 24 bytes
born: 16969872 24 bytes
born: 16969904 24 bytes
dead: 16969904
dead: 16969552
born: 16969552 24 bytes
born: 16969904 24 bytes
born: 16969936 24 bytes
dead: 16969936
dead: 16969872
dead: 16969808
dead: 16969744
dead: 16969520
dead: 16969456
dead: 16969008
dead: 16968880
dead: 16968304
dead: 16967984
dead: 16967568
dead: 16967536
born: 16967536 24 bytes
born: 16967568 24 bytes
born: 16967984 24 bytes
born: 16968304 24 bytes
born: 16968880 24 bytes
born: 16969008 24 bytes
born: 16969456 24 bytes
born: 16969520 24 bytes
born: 16969744 24 bytes
born: 16969808 24 bytes
born: 16969872 24 bytes
born: 16969936 24 bytes
born: 16969968 24 bytes
dead: 16969968
dead: 16969936
dead: 16969872
dead: 16969776
dead: 16969616
dead: 16969488
dead: 16967248
born: 16967248 24 bytes
born: 16969488 24 bytes
born: 16969616 24 bytes
born: 16969776 24 bytes
born: 16969872 24 bytes
born: 16969936 24 bytes
born: 16969968 24 bytes
born: 16970000 24 bytes
dead: 16970000
dead: 16969968
dead: 16969936
dead: 16969808
dead: 16969744
dead: 16969200
dead: 16968976
dead: 16968848
dead: 16967920
dead: 16967408
dead: 16967088
dead: 16966800
dead: 16966032
born: 16966032 24 bytes
born: 16966800 24 bytes
born: 16967088 24 bytes
born: 16967408 24 bytes
born: 16967920 24 bytes
born: 16968848 24 bytes
born: 16968976 24 bytes
born: 16969200 24 bytes
born: 16969744 24 bytes
born: 16969808 24 bytes
born: 16969936 24 bytes
born: 16969968 24 bytes
born: 16970000 24 bytes
born: 16970032 24 bytes
dead: 16970032
dead: 16970000
dead: 16969968
dead: 16969936
dead: 16969808
dead: 16969520
dead: 16969456
dead: 16969008
dead: 16968880
dead: 16968304
dead: 16967984
dead: 16967568
dead: 16967536
born: 16967536 24 bytes
born: 16967568 24 bytes
born: 16967984 24 bytes
born: 16968304 24 bytes
born: 16968880 24 bytes
born: 16969008 24 bytes
born: 16969456 24 bytes
born: 16969520 24 bytes
born: 16969808 24 bytes
born: 16969936 24 bytes
born: 16969968 24 bytes
born: 16970000 24 bytes
born: 16970032 24 bytes
born: 16970064 24 bytes
dead: 16970064
dead: 16970032
dead: 16969840
dead: 16969648
dead: 16969424
dead: 16969328
dead: 16969040
dead: 16967824
born: 16967824 24 bytes
born: 16969040 24 bytes
born: 16969328 24 bytes
born: 16969424 24 bytes
born: 16969648 24 bytes
born: 16969840 24 bytes
born: 16970032 24 bytes
born: 16970064 24 bytes
born: 16970096 24 bytes
dead: 16970096
dead: 16970064
dead: 16970032
dead: 16969840
dead: 16968400
dead: 16967728
dead: 16967376
born: 16967376 24 bytes
born: 16967728 24 bytes
born: 16968400 24 bytes
born: 16969840 24 bytes
born: 16970032 24 bytes
born: 16970064 24 bytes
born: 16970096 24 bytes
born: 16970128 24 bytes
dead: 16970128
dead: 16970096
dead: 16970000
dead: 16969968
dead: 16969680
dead: 16969232
dead: 16968208
dead: 16968144
dead: 16967312
dead: 16967184
born: 16967184 24 bytes
born: 16967312 24 bytes
born: 16968144 24 bytes
born: 16968208 24 bytes
born: 16969232 24 bytes
born: 16969680 24 bytes
born: 16969968 24 bytes
born: 16970000 24 bytes
born: 16970096 24 bytes
born: 16970128 24 bytes
born: 16970160 24 bytes
dead: 16970160
dead: 16970128
dead: 16970064
dead: 16970032
dead: 16969648
dead: 16969424
dead: 16969072
dead: 16968688
dead: 16965872
born: 16965872 24 bytes
born: 16968688 24 bytes
born: 16969072 24 bytes
born: 16969424 24 bytes
born: 16969648 24 bytes
born: 16970032 24 bytes
born: 16970064 24 bytes
born: 16970128 24 bytes
born: 16970160 24 bytes
born: 16970192 24 bytes
dead: 16970192
dead: 16970160
dead: 16970096
dead: 16969872
dead: 16969776
dead: 16969136
dead: 16967664
born: 16967664 24 bytes
born: 16969136 24 bytes
born: 16969776 24 bytes
born: 16969872 24 bytes
born: 16970096 24 bytes
born: 16970160 24 bytes
born: 16970192 24 bytes
born: 16970224 24 bytes
dead: 16970224
dead: 16970192
dead: 16970160
dead: 16970000
dead: 16969936
dead: 16969808
dead: 16969520
dead: 16969456
dead: 16967056
born: 16967056 24 bytes
born: 16969456 24 bytes
born: 16969520 24 bytes
born: 16969808 24 bytes
born: 16969936 24 bytes
born: 16970000 24 bytes
born: 16970160 24 bytes
born: 16970192 24 bytes
born: 16970224 24 bytes
born: 16970256 24 bytes
dead: 16970256
dead: 16970224
dead: 16970128
dead: 16970064
dead: 16970032
dead: 16969648
dead: 16969424
dead: 16969072
dead: 16968688
dead: 16965872
born: 16965872 24 bytes
born: 16968688 24 bytes
born: 16969072 24 bytes
born: 16969424 24 bytes
born: 16969648 24 bytes
born: 16970032 24 bytes
born: 16970064 24 bytes
born: 16970128 24 bytes
born: 16970224 24 bytes
born: 16970256 24 bytes
born: 16970288 24 bytes
dead: 16970288
dead: 16969904
dead: 16969264
dead: 16968816
dead: 16968240
dead: 16967024
born: 16967024 24 bytes
born: 16968240 24 bytes
born: 16968816 24 bytes
born: 16969264 24 bytes
born: 16969904 24 bytes
born: 16970288 24 bytes
born: 16970320 24 bytes
dead: 16970320
dead: 16970256
dead: 16970192
dead: 16970096
dead: 16969872
dead: 16969776
dead: 16967600
dead: 16966192
born: 16966192 24 bytes
born: 16967600 24 bytes
born: 16969776 24 bytes
born: 16969872 24 bytes
born: 16970096 24 bytes
born: 16970192 24 bytes
born: 16970256 24 bytes
born: 16970320 24 bytes
born: 16970352 24 bytes
dead: 16970352
dead: 16970320
dead: 16970224
dead: 16970128
dead: 16970064
dead: 16969360
dead: 16968624
dead: 16968496
dead: 16967792
dead: 16967696
born: 16967696 24 bytes
born: 16967792 24 bytes
born: 16968496 24 bytes
born: 16968624 24 bytes
born: 16969360 24 bytes
born: 16970064 24 bytes
born: 16970128 24 bytes
born: 16970224 24 bytes
born: 16970320 24 bytes
born: 16970352 24 bytes
born: 16970384 24 bytes
dead: 16970384
dead: 16970352
dead: 16970320
dead: 16970224
dead: 16970128
dead: 16970064
dead: 16969360
dead: 16968624
dead: 16968336
dead: 16968016
dead: 16967856
dead: 16967760
born: 16967760 24 bytes
born: 16967856 24 bytes
born: 16968016 24 bytes
born: 16968336 24 bytes
born: 16968624 24 bytes
born: 16969360 24 bytes
born: 16970064 24 bytes
born: 16970128 24 bytes
born: 16970224 24 bytes
born: 16970320 24 bytes
born: 16970352 24 bytes
born: 16970384 24 bytes
born: 16970416 24 bytes
dead: 16970416
dead: 16970384
dead: 16970256
dead: 16970160
dead: 16970000
dead: 16969744
dead: 16969200
dead: 16968976
dead: 16968080
born: 16968080 24 bytes
born: 16968976 24 bytes
born: 16969200 24 bytes
born: 16969744 24 bytes
born: 16970000 24 bytes
born: 16970160 24 bytes
born: 16970256 24 bytes
born: 16970384 24 bytes
born: 16970416 24 bytes
born: 16970448 24 bytes
dead: 16970448
dead: 16970416
dead: 16970352
dead: 16970320
dead: 16970224
dead: 16970128
dead: 16968592
dead: 16966704
dead: 16966576
dead: 16966384
born: 16966384 24 bytes
born: 16966576 24 bytes
born: 16966704 24 bytes
born: 16968592 24 bytes
born: 16970128 24 bytes
born: 16970224 24 bytes
born: 16970320 24 bytes
born: 16970352 24 bytes
born: 16970416 24 bytes
born: 16970448 24 bytes
born: 16970480 24 bytes
dead: 16970480
dead: 16970448
dead: 16970384
dead: 16970256
dead: 16970160
dead: 16970000
dead: 16969744
dead: 16968720
dead: 16966480
dead: 16965712
born: 16965712 24 bytes
born: 16966480 24 bytes
born: 16968720 24 bytes
born: 16969744 24 bytes
born: 16970000 24 bytes
born: 16970160 24 bytes
born: 16970256 24 bytes
born: 16970384 24 bytes
born: 16970448 24 bytes
born: 16970480 24 bytes
born: 16970512 24 bytes
dead: 16970512
dead: 16970480
dead: 16970416
dead: 16970352
dead: 16970320
dead: 16970224
dead: 16970064
dead: 16969360
dead: 16968624
dead: 16968336
born: 16968336 24 bytes
born: 16968624 24 bytes
born: 16969360 24 bytes
born: 16970064 24 bytes
born: 16970224 24 bytes
born: 16970320 24 bytes
born: 16970352 24 bytes
born: 16970416 24 bytes
born: 16970480 24 bytes
born: 16970512 24 bytes
born: 16970544 24 bytes
dead: 16970544
dead: 16970512
dead: 16970448
dead: 16970384
dead: 16970256
dead: 16970160
dead: 16970000
dead: 16969200
dead: 16968848
dead: 16967920
dead: 16967408
dead: 16967088
dead: 16966800
dead: 16966032
born: 16966032 24 bytes
born: 16966800 24 bytes
born: 16967088 24 bytes
born: 16967408 24 bytes
born: 16967920 24 bytes
born: 16968848 24 bytes
born: 16969200 24 bytes
born: 16970000 24 bytes
born: 16970160 24 bytes
born: 16970256 24 bytes
born: 16970384 24 bytes
born: 16970448 24 bytes
born: 16970512 24 bytes
born: 16970544 24 bytes
born: 16970576 24 bytes
dead: 16970576
dead: 16970544
dead: 16970512
dead: 16970192
dead: 16970096
dead: 16969872
dead: 16969776
dead: 16967600
born: 16967600 24 bytes
born: 16969776 24 bytes
born: 16969872 24 bytes
born: 16970096 24 bytes
born: 16970192 24 bytes
born: 16970512 24 bytes
born: 16970544 24 bytes
born: 16970576 24 bytes
born: 16970608 24 bytes
dead: 16970608
dead: 16970576
dead: 16970544
dead: 16970448
dead: 16970384
dead: 16969936
dead: 16969808
dead: 16969520
dead: 16969008
dead: 16968880
dead: 16968304
born: 16968304 24 bytes
born: 16968880 24 bytes
born: 16969008 24 bytes
born: 16969520 24 bytes
born: 16969808 24 bytes
born: 16969936 24 bytes
born: 16970384 24 bytes
born: 16970448 24 bytes
born: 16970544 24 bytes
born: 16970576 24 bytes
born: 16970608 24 bytes
born: 16970640 24 bytes
dead: 16970640
dead: 16970608
dead: 16970576
dead: 16970544
dead: 16970448
dead: 16970256
dead: 16970160
dead: 16970000
dead: 16969200
dead: 16968848
dead: 16967920
dead: 16966512
born: 16966512 24 bytes
born: 16967920 24 bytes
born: 16968848 24 bytes
born: 16969200 24 bytes
born: 16970000 24 bytes
born: 16970160 24 bytes
born: 16970256 24 bytes
born: 16970448 24 bytes
born: 16970544 24 bytes
born: 16970576 24 bytes
born: 16970608 24 bytes
born: 16970640 24 bytes
born: 16970672 24 bytes
dead: 16970672
dead: 16970640
dead: 16970608
dead: 16970576
dead: 16970544
dead: 16970384
dead: 16969296
dead: 16968176
born: 16968176 24 bytes
born: 16969296 24 bytes
born: 16970384 24 bytes
born: 16970544 24 bytes
born: 16970576 24 bytes
born: 16970608 24 bytes
born: 16970640 24 bytes
born: 16970672 24 bytes
born: 16970704 24 bytes
dead: 16970704
dead: 16970288
dead: 16969904
dead: 16969264
dead: 16968752
dead: 16968432
dead: 16966832
born: 16966832 24 bytes
born: 16968432 24 bytes
born: 16968752 24 bytes
born: 16969264 24 bytes
born: 16969904 24 bytes
born: 16970288 24 bytes
born: 16970704 24 bytes
born: 16970736 24 bytes
dead: 16970736
dead: 16970672
dead: 16970640
dead: 16970608
dead: 16970576
dead: 16970448
dead: 16970256
dead: 16970160
dead: 16968976
dead: 16968080
born: 16968080 24 bytes
born: 16968976 24 bytes
born: 16970160 24 bytes
born: 16970256 24 bytes
born: 16970448 24 bytes
born: 16970576 24 bytes
born: 16970608 24 bytes
born: 16970640 24 bytes
born: 16970672 24 bytes
born: 16970736 24 bytes
born: 16970768 24 bytes
dead: 16970768
dead: 16970736
dead: 16970480
dead: 16970416
dead: 16970352
dead: 16970320
dead: 16970224
dead: 16970064
dead: 16969360
born: 16969360 24 bytes
born: 16970064 24 bytes
born: 16970224 24 bytes
born: 16970320 24 bytes
born: 16970352 24 bytes
born: 16970416 24 bytes
born: 16970480 24 bytes
born: 16970736 24 bytes
born: 16970768 24 bytes
born: 16970800 24 bytes
dead: 16970800
dead: 16970768
dead: 16970672
dead: 16970640
dead: 16970608
dead: 16970544
dead: 16969936
dead: 16969808
dead: 16969456
dead: 16967056
born: 16967056 24 bytes
born: 16969456 24 bytes
born: 16969808 24 bytes
born: 16969936 24 bytes
born: 16970544 24 bytes
born: 16970608 24 bytes
born: 16970640 24 bytes
born: 16970672 24 bytes
born: 16970768 24 bytes
born: 16970800 24 bytes
born: 16970832 24 bytes
dead: 16970832
dead: 16970800
dead: 16970736
dead: 16970480
dead: 16970416
dead: 16970352
dead: 16970128
dead: 16968592
dead: 16966704
dead: 16965840
born: 16965840 24 bytes
born: 16966704 24 bytes
born: 16968592 24 bytes
born: 16970128 24 bytes
born: 16970352 24 bytes
born: 16970416 24 bytes
born: 16970480 24 bytes
born: 16970736 24 bytes
born: 16970800 24 bytes
born: 16970832 24 bytes
born: 16970864 24 bytes
dead: 16970864
dead: 16970832
dead: 16970800
dead: 16970736
dead: 16970480
dead: 16970416
dead: 16970320
dead: 16970224
dead: 16968496
dead: 16967792
dead: 16967696
born: 16967696 24 bytes
born: 16967792 24 bytes
born: 16968496 24 bytes
born: 16970224 24 bytes
born: 16970320 24 bytes
born: 16970416 24 bytes
born: 16970480 24 bytes
born: 16970736 24 bytes
born: 16970800 24 bytes
born: 16970832 24 bytes
born: 16970864 24 bytes
born: 16970896 24 bytes
dead: 16970896
dead: 16970864
dead: 16970768
dead: 16970672
dead: 16969968
born: 16969968 24 bytes
born: 16970672 24 bytes
born: 16970768 24 bytes
born: 16970864 24 bytes
born: 16970896 24 bytes
born: 16970928 24 bytes
dead: 16970928
dead: 16970896
dead: 16970832
dead: 16969584
dead: 16968464
dead: 16967888
dead: 16966128
born: 16966128 24 bytes
born: 16967888 24 bytes
born: 16968464 24 bytes
born: 16969584 24 bytes
born: 16970832 24 bytes
born: 16970896 24 bytes
born: 16970928 24 bytes
born: 16970960 24 bytes
dead: 16970960
dead: 16970928
dead: 16970864
dead: 16970768
dead: 16970640
dead: 16970576
dead: 16969168
dead: 16969104
dead: 16968656
dead: 16966768
dead: 16966288
born: 16966288 24 bytes
born: 16966768 24 bytes
born: 16968656 24 bytes
born: 16969104 24 bytes
born: 16969168 24 bytes
born: 16970576 24 bytes
born: 16970640 24 bytes
born: 16970768 24 bytes
born: 16970864 24 bytes
born: 16970928 24 bytes
born: 16970960 24 bytes
born: 16970992 24 bytes
dead: 16970992
dead: 16970960
dead: 16970928
dead: 16970864
dead: 16970768
dead: 16970640
dead: 16970448
dead: 16970256
dead: 16970160
dead: 16967504
born: 16967504 24 bytes
born: 16970160 24 bytes
born: 16970256 24 bytes
born: 16970448 24 bytes
born: 16970640 24 bytes
born: 16970768 24 bytes
born: 16970864 24 bytes
born: 16970928 24 bytes
born: 16970960 24 bytes
born: 16970992 24 bytes
born: 16971024 24 bytes
dead: 16971024
dead: 16970992
dead: 16970960
dead: 16970512
dead: 16970192
dead: 16970096
dead: 16969136
born: 16969136 24 bytes
born: 16970096 24 bytes
born: 16970192 24 bytes
born: 16970512 24 bytes
born: 16970960 24 bytes
born: 16970992 24 bytes
born: 16971024 24 bytes
born: 16971056 24 bytes
dead: 16971056
dead: 16970704
dead: 16970288
dead: 16968784
dead: 16968560
dead: 16966928
dead: 16966608
born: 16966608 24 bytes
born: 16966928 24 bytes
born: 16968560 24 bytes
born: 16968784 24 bytes
born: 16970288 24 bytes
born: 16970704 24 bytes
born: 16971056 24 bytes
born: 16971088 24 bytes
dead: 16971088
dead: 16971024
dead: 16970896
dead: 16970800
dead: 16970736
dead: 16970480
dead: 16970352
dead: 16970128
dead: 16968592
dead: 16966704
dead: 16965840
born: 16965840 24 bytes
born: 16966704 24 bytes
born: 16968592 24 bytes
born: 16970128 24 bytes
born: 16970352 24 bytes
born: 16970480 24 bytes
born: 16970736 24 bytes
born: 16970800 24 bytes
born: 16970896 24 bytes
born: 16971024 24 bytes
born: 16971088 24 bytes
born: 16971120 24 bytes
dead: 16971120
dead: 16971088
dead: 16970992
dead: 16970960
dead: 16969712
born: 16969712 24 bytes
born: 16970960 24 bytes
born: 16970992 24 bytes
born: 16971088 24 bytes
born: 16971120 24 bytes
born: 16971152 24 bytes
dead: 16971152
dead: 16971120
dead: 16971088
dead: 16970928
dead: 16970864
dead: 16970608
dead: 16970544
dead: 16969936
dead: 16969808
dead: 16969456
born: 16969456 24 bytes
born: 16969808 24 bytes
born: 16969936 24 bytes
born: 16970544 24 bytes
born: 16970608 24 bytes
born: 16970864 24 bytes
born: 16970928 24 bytes
born: 16971088 24 bytes
born: 16971120 24 bytes
born: 16971152 24 bytes
born: 16971184 24 bytes
dead: 16971184
dead: 16971152
dead: 16971024
dead: 16970896
dead: 16970800
dead: 16970736
dead: 16970416
dead: 16970320
dead: 16970064
dead: 16968624
dead: 16968016
dead: 16967856
born: 16967856 24 bytes
born: 16968016 24 bytes
born: 16968624 24 bytes
born: 16970064 24 bytes
born: 16970320 24 bytes
born: 16970416 24 bytes
born: 16970736 24 bytes
born: 16970800 24 bytes
born: 16970896 24 bytes
born: 16971024 24 bytes
born: 16971152 24 bytes
born: 16971184 24 bytes
born: 16971216 24 bytes
dead: 16971216
dead: 16971184
dead: 16971120
dead: 16971088
dead: 16970928
dead: 16970768
dead: 16970640
dead: 16970448
dead: 16970256
dead: 16968976
dead: 16968080
born: 16968080 24 bytes
born: 16968976 24 bytes
born: 16970256 24 bytes
born: 16970448 24 bytes
born: 16970640 24 bytes
born: 16970768 24 bytes
born: 16970928 24 bytes
born: 16971088 24 bytes
born: 16971120 24 bytes
born: 16971184 24 bytes
born: 16971216 24 bytes
born: 16971248 24 bytes
dead: 16971248
dead: 16971216
dead: 16971184
dead: 16971120
dead: 16971088
dead: 16970928
dead: 16970768
dead: 16970640
dead: 16970000
dead: 16969200
dead: 16968848
dead: 16967920
dead: 16966512
born: 16966512 24 bytes
born: 16967920 24 bytes
born: 16968848 24 bytes
born: 16969200 24 bytes
born: 16970000 24 bytes
born: 16970640 24 bytes
born: 16970768 24 bytes
born: 16970928 24 bytes
born: 16971088 24 bytes
born: 16971120 24 bytes
born: 16971184 24 bytes
born: 16971216 24 bytes
born: 16971248 24 bytes
born: 16971280 24 bytes
dead: 16971280
dead: 16971248
dead: 16971152
dead: 16971024
dead: 16970896
dead: 16970032
dead: 16969328
dead: 16969040
born: 16969040 24 bytes
born: 16969328 24 bytes
born: 16970032 24 bytes
born: 16970896 24 bytes
born: 16971024 24 bytes
born: 16971152 24 bytes
born: 16971248 24 bytes
born: 16971280 24 bytes
born: 16971312 24 bytes
dead: 16971312
dead: 16971280
dead: 16971216
dead: 16971184
dead: 16971120
dead: 16970864
dead: 16970608
dead: 16970544
dead: 16969520
dead: 16967632
dead: 16967344
born: 16967344 24 bytes
born: 16967632 24 bytes
born: 16969520 24 bytes
born: 16970544 24 bytes
born: 16970608 24 bytes
born: 16970864 24 bytes
born: 16971120 24 bytes
born: 16971184 24 bytes
born: 16971216 24 bytes
born: 16971280 24 bytes
born: 16971312 24 bytes
born: 16971344 24 bytes
dead: 16971344
dead: 16971312
dead: 16971280
dead: 16971216
dead: 16971184
dead: 16971120
dead: 16970864
dead: 16970608
dead: 16969936
dead: 16969808
dead: 16969456
born: 16969456 24 bytes
born: 16969808 24 bytes
born: 16969936 24 bytes
born: 16970608 24 bytes
born: 16970864 24 bytes
born: 16971120 24 bytes
born: 16971184 24 bytes
born: 16971216 24 bytes
born: 16971280 24 bytes
born: 16971312 24 bytes
born: 16971344 24 bytes
born: 16971376 24 bytes
dead: 16971376
dead: 16971344
dead: 16971312
dead: 16971280
dead: 16971216
dead: 16971088
dead: 16970928
dead: 16970768
dead: 16970448
dead: 16970160
dead: 16966736
born: 16966736 24 bytes
born: 16970160 24 bytes
born: 16970448 24 bytes
born: 16970768 24 bytes
born: 16970928 24 bytes
born: 16971088 24 bytes
born: 16971216 24 bytes
born: 16971280 24 bytes
born: 16971312 24 bytes
born: 16971344 24 bytes
born: 16971376 24 bytes
born: 16971408 24 bytes
dead: 16971408
dead: 16971376
dead: 16971344
dead: 16971312
dead: 16971280
dead: 16971216
dead: 16971088
dead: 16970928
dead: 16970640
dead: 16970000
dead: 16969200
dead: 16967408
dead: 16967088
born: 16967088 24 bytes
born: 16967408 24 bytes
born: 16969200 24 bytes
born: 16970000 24 bytes
born: 16970640 24 bytes
born: 16970928 24 bytes
born: 16971088 24 bytes
born: 16971216 24 bytes
born: 16971280 24 bytes
born: 16971312 24 bytes
born: 16971344 24 bytes
born: 16971376 24 bytes
born: 16971408 24 bytes
born: 16971440 24 bytes
dead: 16971440
dead: 16971408
dead: 16971376
dead: 16971344
dead: 16971312
dead: 16971184
dead: 16971120
dead: 16970864
dead: 16970544
dead: 16969008
dead: 16968880
dead: 16968304
born: 16968304 24 bytes
born: 16968880 24 bytes
born: 16969008 24 bytes
born: 16970544 24 bytes
born: 16970864 24 bytes
born: 16971120 24 bytes
born: 16971184 24 bytes
born: 16971312 24 bytes
born: 16971344 24 bytes
born: 16971376 24 bytes
born: 16971408 24 bytes
born: 16971440 24 bytes
born: 16971472 24 bytes
dead: 16971472
dead: 16971056
dead: 16970704
dead: 16970288
dead: 16968784
dead: 16968560
dead: 16966928
dead: 16966608
born: 16966608 24 bytes
born: 16966928 24 bytes
born: 16968560 24 bytes
born: 16968784 24 bytes
born: 16970288 24 bytes
born: 16970704 24 bytes
born: 16971056 24 bytes
born: 16971472 24 bytes
born: 16971504 24 bytes
dead: 16971504
dead: 16971440
dead: 16971248
dead: 16971152
dead: 16971024
dead: 16970800
dead: 16970480
dead: 16968112
dead: 16968048
dead: 16966160
born: 16966160 24 bytes
born: 16968048 24 bytes
born: 16968112 24 bytes
born: 16970480 24 bytes
born: 16970800 24 bytes
born: 16971024 24 bytes
born: 16971152 24 bytes
born: 16971248 24 bytes
born: 16971440 24 bytes
born: 16971504 24 bytes
born: 16971536 24 bytes
dead: 16971536
dead: 16971504
dead: 16971408
dead: 16971376
dead: 16971344
dead: 16971280
dead: 16971216
dead: 16971088
dead: 16970768
dead: 16970448
dead: 16970160
dead: 16966736
born: 16966736 24 bytes
born: 16970160 24 bytes
born: 16970448 24 bytes
born: 16970768 24 bytes
born: 16971088 24 bytes
born: 16971216 24 bytes
born: 16971280 24 bytes
born: 16971344 24 bytes
born: 16971376 24 bytes
born: 16971408 24 bytes
born: 16971504 24 bytes
born: 16971536 24 bytes
born: 16971568 24 bytes
dead: 16971568
dead: 16971472
dead: 16971056
dead: 16969904
dead: 16969264
dead: 16968752
dead: 16966672
dead: 16965744
born: 16965744 24 bytes
born: 16966672 24 bytes
born: 16968752 24 bytes
born: 16969264 24 bytes
born: 16969904 24 bytes
born: 16971056 24 bytes
born: 16971472 24 bytes
born: 16971568 24 bytes
born: 16971600 24 bytes
dead: 16971600
dead: 16971536
dead: 16971504
dead: 16971408
dead: 16971376
dead: 16971312
dead: 16971184
dead: 16971120
dead: 16970608
dead: 16969936
dead: 16967056
born: 16967056 24 bytes
born: 16969936 24 bytes
born: 16970608 24 bytes
born: 16971120 24 bytes
born: 16971184 24 bytes
born: 16971312 24 bytes
born: 16971376 24 bytes
born: 16971408 24 bytes
born: 16971504 24 bytes
born: 16971536 24 bytes
born: 16971600 24 bytes
born: 16971632 24 bytes
dead: 16971632
dead: 16971600
dead: 16971536
dead: 16971504
dead: 16971408
dead: 16971376
dead: 16971312
dead: 16971184
dead: 16970864
dead: 16969520
dead: 16967632
dead: 16967344
born: 16967344 24 bytes
born: 16967632 24 bytes
born: 16969520 24 bytes
born: 16970864 24 bytes
born: 16971184 24 bytes
born: 16971312 24 bytes
born: 16971376 24 bytes
born: 16971408 24 bytes
born: 16971504 24 bytes
born: 16971536 24 bytes
born: 16971600 24 bytes
born: 16971632 24 bytes
born: 16971664 24 bytes
dead: 16971664
dead: 16971632
dead: 16971600
dead: 16971536
dead: 16971504
dead: 16971344
dead: 16971280
dead: 16971216
dead: 16971088
dead: 16970256
born: 16970256 24 bytes
born: 16971088 24 bytes
born: 16971216 24 bytes
born: 16971280 24 bytes
born: 16971344 24 bytes
born: 16971504 24 bytes
born: 16971536 24 bytes
born: 16971600 24 bytes
born: 16971632 24 bytes
born: 16971664 24 bytes
born: 16971696 24 bytes
dead: 16971696
dead: 16971664
dead: 16971632
dead: 16971600
dead: 16971536
dead: 16971504
dead: 16970576
dead: 16969168
dead: 16969104
dead: 16968272
dead: 16967440
born: 16967440 24 bytes
born: 16968272 24 bytes
born: 16969104 24 bytes
born: 16969168 24 bytes
born: 16970576 24 bytes
born: 16971504 24 bytes
born: 16971536 24 bytes
born: 16971600 24 bytes
born: 16971632 24 bytes
born: 16971664 24 bytes
born: 16971696 24 bytes
born: 16971728 24 bytes
dead: 16971728
dead: 16971696
dead: 16971664
dead: 16971632
dead: 16971600
dead: 16971536
dead: 16971504
dead: 16970576
born: 16970576 24 bytes
born: 16971504 24 bytes
born: 16971536 24 bytes
born: 16971600 24 bytes
born: 16971632 24 bytes
born: 16971664 24 bytes
born: 16971696 24 bytes
born: 16971728 24 bytes
born: 16971760 24 bytes
dead: 16971760
dead: 16971728
dead: 16971440
dead: 16970832
dead: 16969584
born: 16969584 24 bytes
born: 16970832 24 bytes
born: 16971440 24 bytes
born: 16971728 24 bytes
born: 16971760 24 bytes
born: 16971792 24 bytes
dead: 16971792
dead: 16971760
dead: 16971696
dead: 16971664
dead: 16971632
dead: 16971408
dead: 16971376
dead: 16971312
dead: 16971120
dead: 16970608
dead: 16969808
dead: 16969456
born: 16969456 24 bytes
born: 16969808 24 bytes
born: 16970608 24 bytes
born: 16971120 24 bytes
born: 16971312 24 bytes
born: 16971376 24 bytes
born: 16971408 24 bytes
born: 16971632 24 bytes
born: 16971664 24 bytes
born: 16971696 24 bytes
born: 16971760 24 bytes
born: 16971792 24 bytes
born: 16971824 24 bytes
dead: 16971824
dead: 16971792
dead: 16971760
dead: 16971696
dead: 16970672
dead: 16969968
born: 16969968 24 bytes
born: 16970672 24 bytes
born: 16971696 24 bytes
born: 16971760 24 bytes
born: 16971792 24 bytes
born: 16971824 24 bytes
born: 16971856 24 bytes
dead: 16971856
dead: 16971824
dead: 16971792
dead: 16971760
dead: 16971664
dead: 16971600
dead: 16971344
dead: 16969744
dead: 16968720
dead: 16966480
dead: 16965712
born: 16965712 24 bytes
born: 16966480 24 bytes
born: 16968720 24 bytes
born: 16969744 24 bytes
born: 16971344 24 bytes
born: 16971600 24 bytes
born: 16971664 24 bytes
born: 16971760 24 bytes
born: 16971792 24 bytes
born: 16971824 24 bytes
born: 16971856 24 bytes
born: 16971888 24 bytes
dead: 16971888
dead: 16971856
dead: 16971728
dead: 16971248
dead: 16969840
dead: 16968400
born: 16968400 24 bytes
born: 16969840 24 bytes
born: 16971248 24 bytes
born: 16971728 24 bytes
born: 16971856 24 bytes
born: 16971888 24 bytes
born: 16971920 24 bytes
dead: 16971920
dead: 16971888
dead: 16971824
dead: 16971792
dead: 16971696
dead: 16969680
dead: 16966992
born: 16966992 24 bytes
born: 16969680 24 bytes
born: 16971696 24 bytes
born: 16971792 24 bytes
born: 16971824 24 bytes
born: 16971888 24 bytes
born: 16971920 24 bytes
born: 16971952 24 bytes
dead: 16971952
dead: 16971920
dead: 16971888
dead: 16971824
dead: 16971760
dead: 16971664
dead: 16971600
dead: 16971280
dead: 16971216
dead: 16971088
dead: 16968976
dead: 16968080
born: 16968080 24 bytes
born: 16968976 24 bytes
born: 16971088 24 bytes
born: 16971216 24 bytes
born: 16971280 24 bytes
born: 16971600 24 bytes
born: 16971664 24 bytes
born: 16971760 24 bytes
born: 16971824 24 bytes
born: 16971888 24 bytes
born: 16971920 24 bytes
born: 16971952 24 bytes
born: 16971984 24 bytes
dead: 16971984
dead: 16971952
dead: 16971920
dead: 16971888
dead: 16971824
dead: 16971760
dead: 16971664
dead: 16971344
dead: 16969744
dead: 16968720
dead: 16966480
dead: 16965712
born: 16965712 24 bytes
born: 16966480 24 bytes
born: 16968720 24 bytes
born: 16969744 24 bytes
born: 16971344 24 bytes
born: 16971664 24 bytes
born: 16971760 24 bytes
born: 16971824 24 bytes
born: 16971888 24 bytes
born: 16971920 24 bytes
born: 16971952 24 bytes
born: 16971984 24 bytes
born: 16972016 24 bytes
dead: 16972016
dead: 16971984
dead: 16971952
dead: 16970992
dead: 16970512
dead: 16969616
dead: 16969392
dead: 16965680
born: 16965680 24 bytes
born: 16969392 24 bytes
born: 16969616 24 bytes
born: 16970512 24 bytes
born: 16970992 24 bytes
born: 16971952 24 bytes
born: 16971984 24 bytes
born: 16972016 24 bytes
born: 16972048 24 bytes
dead: 16972048
dead: 16972016
dead: 16971984
dead: 16971952
dead: 16970992
dead: 16970192
dead: 16970096
dead: 16969136
born: 16969136 24 bytes
born: 16970096 24 bytes
born: 16970192 24 bytes
born: 16970992 24 bytes
born: 16971952 24 bytes
born: 16971984 24 bytes
born: 16972016 24 bytes
born: 16972048 24 bytes
born: 16972080 24 bytes
dead: 16972080
dead: 16972048
dead: 16971856
dead: 16971728
dead: 16971152
dead: 16970896
dead: 16969648
dead: 16969424
dead: 16969072
born: 16969072 24 bytes
born: 16969424 24 bytes
born: 16969648 24 bytes
born: 16970896 24 bytes
born: 16971152 24 bytes
born: 16971728 24 bytes
born: 16971856 24 bytes
born: 16972048 24 bytes
born: 16972080 24 bytes
born: 16972112 24 bytes
dead: 16972112
dead: 16972080
dead: 16972048
dead: 16971856
dead: 16971728
dead: 16971024
dead: 16970736
dead: 16970416
dead: 16970224
dead: 16968496
dead: 16967792
dead: 16967696
born: 16967696 24 bytes
born: 16967792 24 bytes
born: 16968496 24 bytes
born: 16970224 24 bytes
born: 16970416 24 bytes
born: 16970736 24 bytes
born: 16971024 24 bytes
born: 16971728 24 bytes
born: 16971856 24 bytes
born: 16972048 24 bytes
born: 16972080 24 bytes
born: 16972112 24 bytes
born: 16972144 24 bytes
dead: 16972144
dead: 16972112
dead: 16972016
dead: 16971984
dead: 16971952
dead: 16970992
dead: 16969872
dead: 16969776
dead: 16967600
born: 16967600 24 bytes
born: 16969776 24 bytes
born: 16969872 24 bytes
born: 16970992 24 bytes
born: 16971952 24 bytes
born: 16971984 24 bytes
born: 16972016 24 bytes
born: 16972112 24 bytes
born: 16972144 24 bytes
born: 16972176 24 bytes
dead: 16972176
dead: 16971568
dead: 16971472
dead: 16971056
dead: 16969904
dead: 16969264
dead: 16968752
dead: 16966672
dead: 16965744
born: 16965744 24 bytes
born: 16966672 24 bytes
born: 16968752 24 bytes
born: 16969264 24 bytes
born: 16969904 24 bytes
born: 16971056 24 bytes
born: 16971472 24 bytes
born: 16971568 24 bytes
born: 16972176 24 bytes
born: 16972208 24 bytes
dead: 16972208
dead: 16972144
dead: 16972112
dead: 16971920
dead: 16971792
dead: 16971696
dead: 16969232
dead: 16968208
dead: 16968144
dead: 16967312
dead: 16966000
born: 16966000 24 bytes
born: 16967312 24 bytes
born: 16968144 24 bytes
born: 16968208 24 bytes
born: 16969232 24 bytes
born: 16971696 24 bytes
born: 16971792 24 bytes
born: 16971920 24 bytes
born: 16972112 24 bytes
born: 16972144 24 bytes
born: 16972208 24 bytes
born: 16972240 24 bytes
dead: 16972240
dead: 16972208
dead: 16972144
dead: 16972016
dead: 16970960
dead: 16968912
dead: 16968368
born: 16968368 24 bytes
born: 16968912 24 bytes
born: 16970960 24 bytes
born: 16972016 24 bytes
born: 16972144 24 bytes
born: 16972208 24 bytes
born: 16972240 24 bytes
born: 16972272 24 bytes
dead: 16972272
dead: 16972240
dead: 16972208
dead: 16972144
dead: 16971984
dead: 16970512
dead: 16969616
dead: 16969392
born: 16969392 24 bytes
born: 16969616 24 bytes
born: 16970512 24 bytes
born: 16971984 24 bytes
born: 16972144 24 bytes
born: 16972208 24 bytes
born: 16972240 24 bytes
born: 16972272 24 bytes
born: 16972304 24 bytes
dead: 16972304
dead: 16972272
dead: 16972080
dead: 16972048
dead: 16971856
dead: 16971728
dead: 16970800
dead: 16970480
dead: 16968112
dead: 16968048
dead: 16966160
born: 16966160 24 bytes
born: 16968048 24 bytes
born: 16968112 24 bytes
born: 16970480 24 bytes
born: 16970800 24 bytes
born: 16971728 24 bytes
born: 16971856 24 bytes
born: 16972048 24 bytes
born: 16972080 24 bytes
born: 16972272 24 bytes
born: 16972304 24 bytes
born: 16972336 24 bytes
dead: 16972336
dead: 16972304
dead: 16972240
dead: 16972112
dead: 16971888
dead: 16971824
dead: 16971760
dead: 16971600
dead: 16970928
dead: 16970640
dead: 16970000
dead: 16969200
dead: 16966544
dead: 16966352
born: 16966352 24 bytes
born: 16966544 24 bytes
born: 16969200 24 bytes
born: 16970000 24 bytes
born: 16970640 24 bytes
born: 16970928 24 bytes
born: 16971600 24 bytes
born: 16971760 24 bytes
born: 16971824 24 bytes
born: 16971888 24 bytes
born: 16972112 24 bytes
born: 16972240 24 bytes
born: 16972304 24 bytes
born: 16972336 24 bytes
born: 16972368 24 bytes
dead: 16972368
dead: 16972336
dead: 16972304
dead: 16972240
dead: 16972112
dead: 16971888
dead: 16971824
dead: 16971760
dead: 16971280
dead: 16970768
dead: 16970448
dead: 16970160
dead: 16966736
born: 16966736 24 bytes
born: 16970160 24 bytes
born: 16970448 24 bytes
born: 16970768 24 bytes
born: 16971280 24 bytes
born: 16971760 24 bytes
born: 16971824 24 bytes
born: 16971888 24 bytes
born: 16972112 24 bytes
born: 16972240 24 bytes
born: 16972304 24 bytes
born: 16972336 24 bytes
born: 16972368 24 bytes
born: 16972400 24 bytes
dead: 16972400
dead: 16972368
dead: 16972272
dead: 16971440
dead: 16970832
dead: 16968464
dead: 16967888
dead: 16965776
born: 16965776 24 bytes
born: 16967888 24 bytes
born: 16968464 24 bytes
born: 16970832 24 bytes
born: 16971440 24 bytes
born: 16972272 24 bytes
born: 16972368 24 bytes
born: 16972400 24 bytes
born: 16972432 24 bytes
dead: 16972432
dead: 16972176
dead: 16971568
dead: 16971472
dead: 16971056
born: 16971056 24 bytes
born: 16971472 24 bytes
born: 16971568 24 bytes
born: 16972176 24 bytes
born: 16972432 24 bytes
born: 16972464 24 bytes
dead: 16972464
dead: 16972400
dead: 16972368
dead: 16972080
dead: 16972048
dead: 16971856
dead: 16971728
dead: 16970800
dead: 16970480
dead: 16968112
born: 16968112 24 bytes
born: 16970480 24 bytes
born: 16970800 24 bytes
born: 16971728 24 bytes
born: 16971856 24 bytes
born: 16972048 24 bytes
born: 16972080 24 bytes
born: 16972368 24 bytes
born: 16972400 24 bytes
born: 16972464 24 bytes
born: 16972496 24 bytes
dead: 16972496
dead: 16972464
dead: 16972336
dead: 16972304
dead: 16972240
dead: 16972112
dead: 16971888
dead: 16971664
dead: 16971344
dead: 16969744
dead: 16968720
born: 16968720 24 bytes
born: 16969744 24 bytes
born: 16971344 24 bytes
born: 16971664 24 bytes
born: 16971888 24 bytes
born: 16972112 24 bytes
born: 16972240 24 bytes
born: 16972304 24 bytes
born: 16972336 24 bytes
born: 16972464 24 bytes
born: 16972496 24 bytes
born: 16972528 24 bytes
dead: 16972528
dead: 16972496
dead: 16972400
dead: 16972272
dead: 16971440
dead: 16970832
dead: 16968464
dead: 16967888
dead: 16965776
born: 16965776 24 bytes
born: 16967888 24 bytes
born: 16968464 24 bytes
born: 16970832 24 bytes
born: 16971440 24 bytes
born: 16972272 24 bytes
born: 16972400 24 bytes
born: 16972496 24 bytes
born: 16972528 24 bytes
born: 16972560 24 bytes
dead: 16972560
dead: 16972528
dead: 16972464
dead: 16972336
dead: 16971920
dead: 16971792
dead: 16969680
dead: 16966992
born: 16966992 24 bytes
born: 16969680 24 bytes
born: 16971792 24 bytes
born: 16971920 24 bytes
born: 16972336 24 bytes
born: 16972464 24 bytes
born: 16972528 24 bytes
born: 16972560 24 bytes
born: 16972592 24 bytes
dead: 16972592
dead: 16972560
dead: 16972496
dead: 16972368
dead: 16972080
dead: 16972048
dead: 16971024
dead: 16970736
dead: 16970320
dead: 16970064
dead: 16968624
dead: 16968016
dead: 16967856
born: 16967856 24 bytes
born: 16968016 24 bytes
born: 16968624 24 bytes
born: 16970064 24 bytes
born: 16970320 24 bytes
born: 16970736 24 bytes
born: 16971024 24 bytes
born: 16972048 24 bytes
born: 16972080 24 bytes
born: 16972368 24 bytes
born: 16972496 24 bytes
born: 16972560 24 bytes
born: 16972592 24 bytes
born: 16972624 24 bytes
dead: 16972624
dead: 16972592
dead: 16972528
dead: 16972464
dead: 16972304
dead: 16971632
dead: 16971408
dead: 16971376
dead: 16971184
dead: 16970544
dead: 16969008
dead: 16967984
dead: 16967568
born: 16967568 24 bytes
born: 16967984 24 bytes
born: 16969008 24 bytes
born: 16970544 24 bytes
born: 16971184 24 bytes
born: 16971376 24 bytes
born: 16971408 24 bytes
born: 16971632 24 bytes
born: 16972304 24 bytes
born: 16972464 24 bytes
born: 16972528 24 bytes
born: 16972592 24 bytes
born: 16972624 24 bytes
born: 16972656 24 bytes
dead: 16972656
dead: 16972624
dead: 16972592
dead: 16972528
dead: 16972464
dead: 16972304
dead: 16971632
dead: 16971408
dead: 16971376
dead: 16970864
dead: 16969520
dead: 16967632
dead: 16967344
born: 16967344 24 bytes
born: 16967632 24 bytes
born: 16969520 24 bytes
born: 16970864 24 bytes
born: 16971376 24 bytes
born: 16971408 24 bytes
born: 16971632 24 bytes
born: 16972304 24 bytes
born: 16972464 24 bytes
born: 16972528 24 bytes
born: 16972592 24 bytes
born: 16972624 24 bytes
born: 16972656 24 bytes
born: 16972688 24 bytes
dead: 16972688
dead: 16972432
dead: 16972176
dead: 16971568
dead: 16971472
dead: 16969904
dead: 16969264
dead: 16968752
dead: 16966672
dead: 16965744
born: 16965744 24 bytes
born: 16966672 24 bytes
born: 16968752 24 bytes
born: 16969264 24 bytes
born: 16969904 24 bytes
born: 16971472 24 bytes
born: 16971568 24 bytes
born: 16972176 24 bytes
born: 16972432 24 bytes
born: 16972688 24 bytes
born: 16972720 24 bytes
dead: 16972720
dead: 16972656
dead: 16972624
dead: 16972592
dead: 16972528
dead: 16972240
dead: 16972112
dead: 16971824
dead: 16971600
dead: 16970928
dead: 16970640
dead: 16970000
dead: 16969200
born: 16969200 24 bytes
born: 16970000 24 bytes
born: 16970640 24 bytes
born: 16970928 24 bytes
born: 16971600 24 bytes
born: 16971824 24 bytes
born: 16972112 24 bytes
born: 16972240 24 bytes
born: 16972528 24 bytes
born: 16972592 24 bytes
born: 16972624 24 bytes
born: 16972656 24 bytes
born: 16972720 24 bytes
born: 16972752 24 bytes
dead: 16972752
dead: 16972720
dead: 16972656
dead: 16972624
dead: 16972592
dead: 16972528
dead: 16972240
dead: 16972112
dead: 16971824
dead: 16971600
dead: 16970928
dead: 16968848
dead: 16967920
born: 16967920 24 bytes
born: 16968848 24 bytes
born: 16970928 24 bytes
born: 16971600 24 bytes
born: 16971824 24 bytes
born: 16972112 24 bytes
born: 16972240 24 bytes
born: 16972528 24 bytes
born: 16972592 24 bytes
born: 16972624 24 bytes
born: 16972656 24 bytes
born: 16972720 24 bytes
born: 16972752 24 bytes
born: 16972784 24 bytes
dead: 16972784
dead: 16972752
dead: 16972720
dead: 16972656
dead: 16972624
dead: 16972464
dead: 16972304
dead: 16971632
dead: 16971312
dead: 16966640
born: 16966640 24 bytes
born: 16971312 24 bytes
born: 16971632 24 bytes
born: 16972304 24 bytes
born: 16972464 24 bytes
born: 16972624 24 bytes
born: 16972656 24 bytes
born: 16972720 24 bytes
born: 16972752 24 bytes
born: 16972784 24 bytes
born: 16972816 24 bytes
dead: 16972816
dead: 16972784
dead: 16972560
dead: 16972400
dead: 16972272
dead: 16971440
dead: 16970832
dead: 16968464
dead: 16967888
born: 16967888 24 bytes
born: 16968464 24 bytes
born: 16970832 24 bytes
born: 16971440 24 bytes
born: 16972272 24 bytes
born: 16972400 24 bytes
born: 16972560 24 bytes
born: 16972784 24 bytes
born: 16972816 24 bytes
born: 16972848 24 bytes
dead: 16972848
dead: 16972816
dead: 16972752
dead: 16972720
dead: 16972656
dead: 16972624
dead: 16970384
dead: 16967216
born: 16967216 24 bytes
born: 16970384 24 bytes
born: 16972624 24 bytes
born: 16972656 24 bytes
born: 16972720 24 bytes
born: 16972752 24 bytes
born: 16972816 24 bytes
born: 16972848 24 bytes
born: 16972880 24 bytes
dead: 16972880
dead: 16972848
dead: 16972784
dead: 16972496
dead: 16972368
dead: 16972080
dead: 16972048
dead: 16971024
dead: 16970416
dead: 16970224
dead: 16968496
dead: 16967792
born: 16967792 24 bytes
born: 16968496 24 bytes
born: 16970224 24 bytes
born: 16970416 24 bytes
born: 16971024 24 bytes
born: 16972048 24 bytes
born: 16972080 24 bytes
born: 16972368 24 bytes
born: 16972496 24 bytes
born: 16972784 24 bytes
born: 16972848 24 bytes
born: 16972880 24 bytes
born: 16972912 24 bytes
dead: 16972912
dead: 16972880
dead: 16972816
dead: 16972208
dead: 16972144
dead: 16971952
dead: 16970992
dead: 16969872
dead: 16966192
born: 16966192 24 bytes
born: 16969872 24 bytes
born: 16970992 24 bytes
born: 16971952 24 bytes
born: 16972144 24 bytes
born: 16972208 24 bytes
born: 16972816 24 bytes
born: 16972880 24 bytes
born: 16972912 24 bytes
born: 16972944 24 bytes
dead: 16972944
dead: 16972912
dead: 16972880
dead: 16972752
dead: 16972336
dead: 16971920
dead: 16971792
dead: 16966224
born: 16966224 24 bytes
born: 16971792 24 bytes
born: 16971920 24 bytes
born: 16972336 24 bytes
born: 16972752 24 bytes
born: 16972880 24 bytes
born: 16972912 24 bytes
born: 16972944 24 bytes
born: 16972976 24 bytes
dead: 16972976
dead: 16972688
dead: 16972432
dead: 16972176
dead: 16971568
dead: 16971472
dead: 16969904
dead: 16969264
dead: 16968752
dead: 16966672
dead: 16965744
born: 16965744 24 bytes
born: 16966672 24 bytes
born: 16968752 24 bytes
born: 16969264 24 bytes
born: 16969904 24 bytes
born: 16971472 24 bytes
born: 16971568 24 bytes
born: 16972176 24 bytes
born: 16972432 24 bytes
born: 16972688 24 bytes
born: 16972976 24 bytes
born: 16973008 24 bytes
dead: 16973008
dead: 16972944
dead: 16972848
dead: 16972784
dead: 16972496
dead: 16972368
dead: 16972080
dead: 16972048
dead: 16971024
dead: 16970416
dead: 16970224
dead: 16968496
dead: 16967792
born: 16967792 24 bytes
born: 16968496 24 bytes
born: 16970224 24 bytes
born: 16970416 24 bytes
born: 16971024 24 bytes
born: 16972048 24 bytes
born: 16972080 24 bytes
born: 16972368 24 bytes
born: 16972496 24 bytes
born: 16972784 24 bytes
born: 16972848 24 bytes
born: 16972944 24 bytes
born: 16973008 24 bytes
born: 16973040 24 bytes
dead: 16973040
dead: 16973008
dead: 16972912
dead: 16972880
dead: 16972720
dead: 16972592
dead: 16971536
born: 16971536 24 bytes
born: 16972592 24 bytes
born: 16972720 24 bytes
born: 16972880 24 bytes
born: 16972912 24 bytes
born: 16973008 24 bytes
born: 16973040 24 bytes
born: 16973072 24 bytes
dead: 16973072
dead: 16973040
dead: 16973008
dead: 16972912
dead: 16972752
dead: 16972336
dead: 16971696
dead: 16966256
dead: 16965968
born: 16965968 24 bytes
born: 16966256 24 bytes
born: 16971696 24 bytes
born: 16972336 24 bytes
born: 16972752 24 bytes
born: 16972912 24 bytes
born: 16973008 24 bytes
born: 16973040 24 bytes
born: 16973072 24 bytes
born: 16973104 24 bytes
dead: 16973104
dead: 16973072
dead: 16973040
dead: 16972816
dead: 16972208
dead: 16971984
dead: 16969488
dead: 16967120
born: 16967120 24 bytes
born: 16969488 24 bytes
born: 16971984 24 bytes
born: 16972208 24 bytes
born: 16972816 24 bytes
born: 16973040 24 bytes
born: 16973072 24 bytes
born: 16973104 24 bytes
born: 16973136 24 bytes
dead: 16973136
dead: 16972976
dead: 16972688
dead: 16970704
dead: 16970288
dead: 16968784
dead: 16968560
dead: 16966928
dead: 16966608
born: 16966608 24 bytes
born: 16966928 24 bytes
born: 16968560 24 bytes
born: 16968784 24 bytes
born: 16970288 24 bytes
born: 16970704 24 bytes
born: 16972688 24 bytes
born: 16972976 24 bytes
born: 16973136 24 bytes
born: 16973168 24 bytes
dead: 16973168
dead: 16973104
dead: 16973072
dead: 16973008
dead: 16972880
dead: 16972720
dead: 16972592
dead: 16971504
dead: 16969168
dead: 16968656
dead: 16966320
born: 16966320 24 bytes
born: 16968656 24 bytes
born: 16969168 24 bytes
born: 16971504 24 bytes
born: 16972592 24 bytes
born: 16972720 24 bytes
born: 16972880 24 bytes
born: 16973008 24 bytes
born: 16973072 24 bytes
born: 16973104 24 bytes
born: 16973168 24 bytes
born: 16973200 24 bytes
dead: 16973200
dead: 16973168
dead: 16973104
dead: 16973072
dead: 16973008
dead: 16972880
dead: 16972528
dead: 16972240
dead: 16971760
dead: 16971280
dead: 16967504
born: 16967504 24 bytes
born: 16971280 24 bytes
born: 16971760 24 bytes
born: 16972240 24 bytes
born: 16972528 24 bytes
born: 16972880 24 bytes
born: 16973008 24 bytes
born: 16973072 24 bytes
born: 16973104 24 bytes
born: 16973168 24 bytes
born: 16973200 24 bytes
born: 16973232 24 bytes
dead: 16973232
dead: 16973200
dead: 16972944
dead: 16972848
dead: 16972784
dead: 16972496
dead: 16972368
dead: 16972080
dead: 16970736
dead: 16970320
dead: 16968336
born: 16968336 24 bytes
born: 16970320 24 bytes
born: 16970736 24 bytes
born: 16972080 24 bytes
born: 16972368 24 bytes
born: 16972496 24 bytes
born: 16972784 24 bytes
born: 16972848 24 bytes
born: 16972944 24 bytes
born: 16973200 24 bytes
born: 16973232 24 bytes
born: 16973264 24 bytes
dead: 16973264
dead: 16973232
dead: 16973168
dead: 16973104
dead: 16973072
dead: 16972656
dead: 16972464
dead: 16972304
dead: 16971632
dead: 16971120
dead: 16969936
dead: 16967056
born: 16967056 24 bytes
born: 16969936 24 bytes
born: 16971120 24 bytes
born: 16971632 24 bytes
born: 16972304 24 bytes
born: 16972464 24 bytes
born: 16972656 24 bytes
born: 16973072 24 bytes
born: 16973104 24 bytes
born: 16973168 24 bytes
born: 16973232 24 bytes
born: 16973264 24 bytes
born: 16973296 24 bytes
dead: 16973296
dead: 16973264
dead: 16973200
dead: 16972560
dead: 16972400
dead: 16972272
dead: 16971440
dead: 16970832
dead: 16968464
dead: 16967888
born: 16967888 24 bytes
born: 16968464 24 bytes
born: 16970832 24 bytes
born: 16971440 24 bytes
born: 16972272 24 bytes
born: 16972400 24 bytes
born: 16972560 24 bytes
born: 16973200 24 bytes
born: 16973264 24 bytes
born: 16973296 24 bytes
born: 16973328 24 bytes
dead: 16973328
dead: 16973296
dead: 16973232
dead: 16973168
dead: 16973104
dead: 16973072
dead: 16972656
dead: 16972464
dead: 16971408
dead: 16971184
dead: 16970544
dead: 16968880
dead: 16968304
born: 16968304 24 bytes
born: 16968880 24 bytes
born: 16970544 24 bytes
born: 16971184 24 bytes
born: 16971408 24 bytes
born: 16972464 24 bytes
born: 16972656 24 bytes
born: 16973072 24 bytes
born: 16973104 24 bytes
born: 16973168 24 bytes
born: 16973232 24 bytes
born: 16973296 24 bytes
born: 16973328 24 bytes
born: 16973360 24 bytes
dead: 16973360
dead: 16973328
dead: 16973296
dead: 16973040
dead: 16972816
dead: 16972144
dead: 16971952
born: 16971952 24 bytes
born: 16972144 24 bytes
born: 16972816 24 bytes
born: 16973040 24 bytes
born: 16973296 24 bytes
born: 16973328 24 bytes
born: 16973360 24 bytes
born: 16973392 24 bytes
dead: 16973392
dead: 16973360
dead: 16973328
dead: 16973232
dead: 16972912
dead: 16970672
born: 16970672 24 bytes
born: 16972912 24 bytes
born: 16973232 24 bytes
born: 16973328 24 bytes
born: 16973360 24 bytes
born: 16973392 24 bytes
born: 16973424 24 bytes
dead: 16973424
dead: 16973392
dead: 16973264
dead: 16972944
dead: 16972848
dead: 16972784
dead: 16971856
dead: 16971728
dead: 16970800
dead: 16970480
dead: 16968048
dead: 16966160
born: 16966160 24 bytes
born: 16968048 24 bytes
born: 16970480 24 bytes
born: 16970800 24 bytes
born: 16971728 24 bytes
born: 16971856 24 bytes
born: 16972784 24 bytes
born: 16972848 24 bytes
born: 16972944 24 bytes
born: 16973264 24 bytes
born: 16973392 24 bytes
born: 16973424 24 bytes
born: 16973456 24 bytes
dead: 16973456
dead: 16973424
dead: 16973360
dead: 16973328
dead: 16973168
dead: 16973008
dead: 16972880
dead: 16972528
dead: 16972240
dead: 16971760
dead: 16970768
dead: 16970448
dead: 16970160
born: 16970160 24 bytes
born: 16970448 24 bytes
born: 16970768 24 bytes
born: 16971760 24 bytes
born: 16972240 24 bytes
born: 16972528 24 bytes
born: 16972880 24 bytes
born: 16973008 24 bytes
born: 16973168 24 bytes
born: 16973328 24 bytes
born: 16973360 24 bytes
born: 16973424 24 bytes
born: 16973456 24 bytes
born: 16973488 24 bytes
dead: 16973488
dead: 16973456
dead: 16973424
dead: 16973360
dead: 16973328
dead: 16973168
dead: 16973008
dead: 16972880
dead: 16972528
dead: 16971216
dead: 16971088
dead: 16968976
dead: 16968080
born: 16968080 24 bytes
born: 16968976 24 bytes
born: 16971088 24 bytes
born: 16971216 24 bytes
born: 16972528 24 bytes
born: 16972880 24 bytes
born: 16973008 24 bytes
born: 16973168 24 bytes
born: 16973328 24 bytes
born: 16973360 24 bytes
born: 16973424 24 bytes
born: 16973456 24 bytes
born: 16973488 24 bytes
born: 16973520 24 bytes
dead: 16973520
dead: 16973488
dead: 16973456
dead: 16973424
dead: 16973360
dead: 16973328
dead: 16973168
dead: 16973008
dead: 16972880
dead: 16972240
dead: 16971760
dead: 16965904
born: 16965904 24 bytes
born: 16971760 24 bytes
born: 16972240 24 bytes
born: 16972880 24 bytes
born: 16973008 24 bytes
born: 16973168 24 bytes
born: 16973328 24 bytes
born: 16973360 24 bytes
born: 16973424 24 bytes
born: 16973456 24 bytes
born: 16973488 24 bytes
born: 16973520 24 bytes
born: 16973552 24 bytes
dead: 16973552
dead: 16973520
dead: 16973392
dead: 16973264
dead: 16971248
dead: 16969840
dead: 16967728
dead: 16967376
born: 16967376 24 bytes
born: 16967728 24 bytes
born: 16969840 24 bytes
born: 16971248 24 bytes
born: 16973264 24 bytes
born: 16973392 24 bytes
born: 16973520 24 bytes
born: 16973552 24 bytes
born: 16973584 24 bytes
dead: 16973584
dead: 16973552
dead: 16973520
dead: 16973392
dead: 16972944
dead: 16971152
dead: 16970896
dead: 16969648
dead: 16969424
dead: 16969072
born: 16969072 24 bytes
born: 16969424 24 bytes
born: 16969648 24 bytes
born: 16970896 24 bytes
born: 16971152 24 bytes
born: 16972944 24 bytes
born: 16973392 24 bytes
born: 16973520 24 bytes
born: 16973552 24 bytes
born: 16973584 24 bytes
born: 16973616 24 bytes
dead: 16973616
dead: 16973584
dead: 16973488
dead: 16973456
dead: 16973424
dead: 16973360
dead: 16973328
dead: 16971888
born: 16971888 24 bytes
born: 16973328 24 bytes
born: 16973360 24 bytes
born: 16973424 24 bytes
born: 16973456 24 bytes
born: 16973488 24 bytes
born: 16973584 24 bytes
born: 16973616 24 bytes
born: 16973648 24 bytes
dead: 16973648
dead: 16973136
dead: 16972976
dead: 16972688
dead: 16970704
dead: 16970288
dead: 16968784
dead: 16968560
born: 16968560 24 bytes
born: 16968784 24 bytes
born: 16970288 24 bytes
born: 16970704 24 bytes
born: 16972688 24 bytes
born: 16972976 24 bytes
born: 16973136 24 bytes
born: 16973648 24 bytes
born: 16973680 24 bytes
dead: 16973680
dead: 16973616
dead: 16973584
dead: 16973488
dead: 16973456
dead: 16973424
dead: 16973360
dead: 16973168
dead: 16973008
dead: 16972528
dead: 16971216
dead: 16971088
dead: 16968976
born: 16968976 24 bytes
born: 16971088 24 bytes
born: 16971216 24 bytes
born: 16972528 24 bytes
born: 16973008 24 bytes
born: 16973168 24 bytes
born: 16973360 24 bytes
born: 16973424 24 bytes
born: 16973456 24 bytes
born: 16973488 24 bytes
born: 16973584 24 bytes
born: 16973616 24 bytes
born: 16973680 24 bytes
born: 16973712 24 bytes
dead: 16973712
dead: 16973680
dead: 16973552
dead: 16973520
dead: 16973392
dead: 16972848
dead: 16972496
dead: 16972368
dead: 16972048
born: 16972048 24 bytes
born: 16972368 24 bytes
born: 16972496 24 bytes
born: 16972848 24 bytes
born: 16973392 24 bytes
born: 16973520 24 bytes
born: 16973552 24 bytes
born: 16973680 24 bytes
born: 16973712 24 bytes
born: 16973744 24 bytes
dead: 16973744
dead: 16973712
dead: 16973616
dead: 16973296
dead: 16972016
dead: 16969712
born: 16969712 24 bytes
born: 16972016 24 bytes
born: 16973296 24 bytes
born: 16973616 24 bytes
born: 16973712 24 bytes
born: 16973744 24 bytes
born: 16973776 24 bytes
dead: 16973776
dead: 16973744
dead: 16973680
dead: 16973552
dead: 16973520
dead: 16972944
dead: 16971152
dead: 16970896
dead: 16969648
dead: 16969424
born: 16969424 24 bytes
born: 16969648 24 bytes
born: 16970896 24 bytes
born: 16971152 24 bytes
born: 16972944 24 bytes
born: 16973520 24 bytes
born: 16973552 24 bytes
born: 16973680 24 bytes
born: 16973744 24 bytes
born: 16973776 24 bytes
born: 16973808 24 bytes
dead: 16973808
dead: 16973776
dead: 16973712
dead: 16973584
dead: 16973232
dead: 16972752
dead: 16971920
dead: 16971792
dead: 16966224
born: 16966224 24 bytes
born: 16971792 24 bytes
born: 16971920 24 bytes
born: 16972752 24 bytes
born: 16973232 24 bytes
born: 16973584 24 bytes
born: 16973712 24 bytes
born: 16973776 24 bytes
born: 16973808 24 bytes
born: 16973840 24 bytes
dead: 16973840
dead: 16973808
dead: 16973776
dead: 16973712
dead: 16973584
dead: 16973232
dead: 16972336
dead: 16969232
dead: 16968208
dead: 16968144
dead: 16967312
dead: 16966000
born: 16966000 24 bytes
born: 16967312 24 bytes
born: 16968144 24 bytes
born: 16968208 24 bytes
born: 16969232 24 bytes
born: 16972336 24 bytes
born: 16973232 24 bytes
born: 16973584 24 bytes
born: 16973712 24 bytes
born: 16973776 24 bytes
born: 16973808 24 bytes
born: 16973840 24 bytes
born: 16973872 24 bytes
dead: 16973872
dead: 16973840
dead: 16973744
dead: 16973680
dead: 16973552
dead: 16973392
dead: 16972784
dead: 16971856
dead: 16971728
dead: 16970800
dead: 16968112
born: 16968112 24 bytes
born: 16970800 24 bytes
born: 16971728 24 bytes
born: 16971856 24 bytes
born: 16972784 24 bytes
born: 16973392 24 bytes
born: 16973552 24 bytes
born: 16973680 24 bytes
born: 16973744 24 bytes
born: 16973840 24 bytes
born: 16973872 24 bytes
born: 16973904 24 bytes
dead: 16973904
dead: 16973648
dead: 16973136
dead: 16972432
dead: 16972176
dead: 16971568
dead: 16971472
dead: 16969904
dead: 16969264
dead: 16968752
dead: 16966672
born: 16966672 24 bytes
born: 16968752 24 bytes
born: 16969264 24 bytes
born: 16969904 24 bytes
born: 16971472 24 bytes
born: 16971568 24 bytes
born: 16972176 24 bytes
born: 16972432 24 bytes
born: 16973136 24 bytes
born: 16973648 24 bytes
born: 16973904 24 bytes
born: 16973936 24 bytes
dead: 16973936
dead: 16973872
dead: 16973808
dead: 16973776
dead: 16973488
dead: 16973456
dead: 16973424
dead: 16973360
dead: 16973168
dead: 16972880
dead: 16972240
dead: 16970768
dead: 16970448
dead: 16966736
born: 16966736 24 bytes
born: 16970448 24 bytes
born: 16970768 24 bytes
born: 16972240 24 bytes
born: 16972880 24 bytes
born: 16973168 24 bytes
born: 16973360 24 bytes
born: 16973424 24 bytes
born: 16973456 24 bytes
born: 16973488 24 bytes
born: 16973776 24 bytes
born: 16973808 24 bytes
born: 16973872 24 bytes
born: 16973936 24 bytes
born: 16973968 24 bytes
dead: 16973968
dead: 16973936
dead: 16973872
dead: 16973616
dead: 16973040
dead: 16972208
dead: 16971984
dead: 16967248
born: 16967248 24 bytes
born: 16971984 24 bytes
born: 16972208 24 bytes
born: 16973040 24 bytes
born: 16973616 24 bytes
born: 16973872 24 bytes
born: 16973936 24 bytes
born: 16973968 24 bytes
born: 16974000 24 bytes
dead: 16974000
dead: 16973904
dead: 16973648
dead: 16972976
dead: 16972688
dead: 16970704
dead: 16970288
dead: 16968784
dead: 16966928
born: 16966928 24 bytes
born: 16968784 24 bytes
born: 16970288 24 bytes
born: 16970704 24 bytes
born: 16972688 24 bytes
born: 16972976 24 bytes
born: 16973648 24 bytes
born: 16973904 24 bytes
born: 16974000 24 bytes
born: 16974032 24 bytes
dead: 16974032
dead: 16973968
dead: 16973936
dead: 16973872
dead: 16973296
dead: 16970960
dead: 16968912
born: 16968912 24 bytes
born: 16970960 24 bytes
born: 16973296 24 bytes
born: 16973872 24 bytes
born: 16973936 24 bytes
born: 16973968 24 bytes
born: 16974032 24 bytes
born: 16974064 24 bytes
dead: 16974064
dead: 16974032
dead: 16973968
dead: 16973936
dead: 16973616
dead: 16973040
dead: 16970512
dead: 16969616
dead: 16965680
born: 16965680 24 bytes
born: 16969616 24 bytes
born: 16970512 24 bytes
born: 16973040 24 bytes
born: 16973616 24 bytes
born: 16973936 24 bytes
born: 16973968 24 bytes
born: 16974032 24 bytes
born: 16974064 24 bytes
born: 16974096 24 bytes
dead: 16974096
dead: 16974000
dead: 16973904
dead: 16973648
dead: 16972976
dead: 16972688
dead: 16970704
dead: 16970288
dead: 16968560
born: 16968560 24 bytes
born: 16970288 24 bytes
born: 16970704 24 bytes
born: 16972688 24 bytes
born: 16972976 24 bytes
born: 16973648 24 bytes
born: 16973904 24 bytes
born: 16974000 24 bytes
born: 16974096 24 bytes
born: 16974128 24 bytes
dead: 16974128
dead: 16974064
dead: 16974032
dead: 16973808
dead: 16973776
dead: 16973104
dead: 16973072
dead: 16972656
dead: 16972464
dead: 16971408
dead: 16971184
dead: 16970544
dead: 16968880
dead: 16968304
born: 16968304 24 bytes
born: 16968880 24 bytes
born: 16970544 24 bytes
born: 16971184 24 bytes
born: 16971408 24 bytes
born: 16972464 24 bytes
born: 16972656 24 bytes
born: 16973072 24 bytes
born: 16973104 24 bytes
born: 16973776 24 bytes
born: 16973808 24 bytes
born: 16974032 24 bytes
born: 16974064 24 bytes
born: 16974128 24 bytes
born: 16974160 24 bytes
dead: 16974160
dead: 16974128
dead: 16973840
dead: 16973744
dead: 16973680
dead: 16973520
dead: 16970032
dead: 16969328
dead: 16967824
born: 16967824 24 bytes
born: 16969328 24 bytes
born: 16970032 24 bytes
born: 16973520 24 bytes
born: 16973680 24 bytes
born: 16973744 24 bytes
born: 16973840 24 bytes
born: 16974128 24 bytes
born: 16974160 24 bytes
born: 16974192 24 bytes
dead: 16974192
dead: 16974160
dead: 16974128
dead: 16973840
dead: 16973744
dead: 16973552
dead: 16973392
dead: 16970352
dead: 16970128
dead: 16968592
dead: 16966704
born: 16966704 24 bytes
born: 16968592 24 bytes
born: 16970128 24 bytes
born: 16970352 24 bytes
born: 16973392 24 bytes
born: 16973552 24 bytes
born: 16973744 24 bytes
born: 16973840 24 bytes
born: 16974128 24 bytes
born: 16974160 24 bytes
born: 16974192 24 bytes
born: 16974224 24 bytes
dead: 16974224
dead: 16974192
dead: 16974064
dead: 16974032
dead: 16973808
dead: 16973776
dead: 16973104
dead: 16973072
dead: 16972304
dead: 16971632
dead: 16971120
dead: 16969936
dead: 16967056
born: 16967056 24 bytes
born: 16969936 24 bytes
born: 16971120 24 bytes
born: 16971632 24 bytes
born: 16972304 24 bytes
born: 16973072 24 bytes
born: 16973104 24 bytes
born: 16973776 24 bytes
born: 16973808 24 bytes
born: 16974032 24 bytes
born: 16974064 24 bytes
born: 16974192 24 bytes
born: 16974224 24 bytes
born: 16974256 24 bytes
dead: 16974256
dead: 16974224
dead: 16974192
dead: 16974064
dead: 16973712
dead: 16973584
dead: 16973232
dead: 16972336
dead: 16969232
dead: 16968208
dead: 16967184
born: 16967184 24 bytes
born: 16968208 24 bytes
born: 16969232 24 bytes
born: 16972336 24 bytes
born: 16973232 24 bytes
born: 16973584 24 bytes
born: 16973712 24 bytes
born: 16974064 24 bytes
born: 16974192 24 bytes
born: 16974224 24 bytes
born: 16974256 24 bytes
born: 16974288 24 bytes
dead: 16974288
dead: 16974256
dead: 16974224
dead: 16974192
dead: 16974032
dead: 16973488
dead: 16973456
dead: 16973424
dead: 16973360
dead: 16973168
dead: 16971280
dead: 16967504
born: 16967504 24 bytes
born: 16971280 24 bytes
born: 16973168 24 bytes
born: 16973360 24 bytes
born: 16973424 24 bytes
born: 16973456 24 bytes
born: 16973488 24 bytes
born: 16974032 24 bytes
born: 16974192 24 bytes
born: 16974224 24 bytes
born: 16974256 24 bytes
born: 16974288 24 bytes
born: 16974320 24 bytes
dead: 16974320
dead: 16974288
dead: 16974256
dead: 16974224
dead: 16974192
dead: 16973808
dead: 16973776
dead: 16973104
dead: 16972656
dead: 16971376
dead: 16970864
dead: 16969520
born: 16969520 24 bytes
born: 16970864 24 bytes
born: 16971376 24 bytes
born: 16972656 24 bytes
born: 16973104 24 bytes
born: 16973776 24 bytes
born: 16973808 24 bytes
born: 16974192 24 bytes
born: 16974224 24 bytes
born: 16974256 24 bytes
born: 16974288 24 bytes
born: 16974320 24 bytes
born: 16974352 24 bytes
dead: 16974352
dead: 16974320
dead: 16974288
dead: 16974256
dead: 16974224
dead: 16974032
dead: 16973488
dead: 16973456
dead: 16973424
dead: 16973360
dead: 16973168
dead: 16971280
born: 16971280 24 bytes
born: 16973168 24 bytes
born: 16973360 24 bytes
born: 16973424 24 bytes
born: 16973456 24 bytes
born: 16973488 24 bytes
born: 16974032 24 bytes
born: 16974224 24 bytes
born: 16974256 24 bytes
born: 16974288 24 bytes
born: 16974320 24 bytes
born: 16974352 24 bytes
born: 16974384 24 bytes
dead: 16974384
dead: 16974352
dead: 16974160
dead: 16974128
dead: 16973840
dead: 16973744
dead: 16972848
dead: 16972496
dead: 16972080
dead: 16970736
dead: 16970064
dead: 16968624
dead: 16968016
dead: 16967856
born: 16967856 24 bytes
born: 16968016 24 bytes
born: 16968624 24 bytes
born: 16970064 24 bytes
born: 16970736 24 bytes
born: 16972080 24 bytes
born: 16972496 24 bytes
born: 16972848 24 bytes
born: 16973744 24 bytes
born: 16973840 24 bytes
born: 16974128 24 bytes
born: 16974160 24 bytes
born: 16974352 24 bytes
born: 16974384 24 bytes
born: 16974416 24 bytes
dead: 16974416
dead: 16974384
dead: 16974320
dead: 16974288
dead: 16974064
dead: 16973712
dead: 16972752
dead: 16969680
born: 16969680 24 bytes
born: 16972752 24 bytes
born: 16973712 24 bytes
born: 16974064 24 bytes
born: 16974288 24 bytes
born: 16974320 24 bytes
born: 16974384 24 bytes
born: 16974416 24 bytes
born: 16974448 24 bytes
dead: 16974448
dead: 16974416
dead: 16974384
dead: 16974320
dead: 16974256
dead: 16974192
dead: 16973808
dead: 16973776
dead: 16973072
dead: 16971312
born: 16971312 24 bytes
born: 16973072 24 bytes
born: 16973776 24 bytes
born: 16973808 24 bytes
born: 16974192 24 bytes
born: 16974256 24 bytes
born: 16974320 24 bytes
born: 16974384 24 bytes
born: 16974416 24 bytes
born: 16974448 24 bytes
born: 16974480 24 bytes
dead: 16974480
dead: 16974448
dead: 16974352
dead: 16974160
dead: 16974128
dead: 16973840
dead: 16973552
dead: 16972784
dead: 16971856
dead: 16971728
dead: 16970480
dead: 16968048
born: 16968048 24 bytes
born: 16970480 24 bytes
born: 16971728 24 bytes
born: 16971856 24 bytes
born: 16972784 24 bytes
born: 16973552 24 bytes
born: 16973840 24 bytes
born: 16974128 24 bytes
born: 16974160 24 bytes
born: 16974352 24 bytes
born: 16974448 24 bytes
born: 16974480 24 bytes
born: 16974512 24 bytes
dead: 16974512
dead: 16974480
dead: 16974448
dead: 16974352
